running develop
running egg_info
creating server_pkg.egg-info
writing server_pkg.egg-info/PKG-INFO
writing dependency_links to server_pkg.egg-info/dependency_links.txt
writing entry points to server_pkg.egg-info/entry_points.txt
writing requirements to server_pkg.egg-info/requires.txt
writing top-level names to server_pkg.egg-info/top_level.txt
writing manifest file 'server_pkg.egg-info/SOURCES.txt'
reading manifest file 'server_pkg.egg-info/SOURCES.txt'
writing manifest file 'server_pkg.egg-info/SOURCES.txt'
running build_ext
Creating /home/ssafy/SSAFY-Smart_Factory/ros2_ws/install/server_pkg/lib/python3.10/site-packages/server-pkg.egg-link (link to .)

Installed /home/ssafy/SSAFY-Smart_Factory/ros2_ws/build/server_pkg
running symlink_data
creating /home/ssafy/SSAFY-Smart_Factory/ros2_ws/install/server_pkg/share/ament_index
creating /home/ssafy/SSAFY-Smart_Factory/ros2_ws/install/server_pkg/share/ament_index/resource_index
creating /home/ssafy/SSAFY-Smart_Factory/ros2_ws/install/server_pkg/share/ament_index/resource_index/packages
symbolically linking /home/ssafy/SSAFY-Smart_Factory/ros2_ws/build/server_pkg/resource/server_pkg -> /home/ssafy/SSAFY-Smart_Factory/ros2_ws/install/server_pkg/share/ament_index/resource_index/packages
symbolically linking /home/ssafy/SSAFY-Smart_Factory/ros2_ws/build/server_pkg/package.xml -> /home/ssafy/SSAFY-Smart_Factory/ros2_ws/install/server_pkg/share/server_pkg
