[1.136s] Invoking command in '/home/ssafy/SSAFY-Smart_Factory/ros2_ws/build/server_pkg': PYTHONPATH=/home/ssafy/SSAFY-Smart_Factory/ros2_ws/build/server_pkg/prefix_override:/usr/lib/python3/dist-packages/colcon_core/task/python/colcon_distutils_commands:/home/ssafy/SSAFY-Smart_Factory/ros2_ws/install/server_pkg/lib/python3.10/site-packages:${PYTHONPATH} /usr/bin/python3 -W ignore:setup.py install is deprecated -W ignore:easy_install command is deprecated setup.py develop --editable --build-directory /home/ssafy/SSAFY-Smart_Factory/ros2_ws/build/server_pkg/build --no-deps symlink_data
[1.344s] running develop
[1.464s] running egg_info
[1.465s] creating server_pkg.egg-info
[1.465s] writing server_pkg.egg-info/PKG-INFO
[1.465s] writing dependency_links to server_pkg.egg-info/dependency_links.txt
[1.465s] writing entry points to server_pkg.egg-info/entry_points.txt
[1.465s] writing requirements to server_pkg.egg-info/requires.txt
[1.465s] writing top-level names to server_pkg.egg-info/top_level.txt
[1.465s] writing manifest file 'server_pkg.egg-info/SOURCES.txt'
[1.467s] reading manifest file 'server_pkg.egg-info/SOURCES.txt'
[1.467s] writing manifest file 'server_pkg.egg-info/SOURCES.txt'
[1.469s] running build_ext
[1.469s] Creating /home/ssafy/SSAFY-Smart_Factory/ros2_ws/install/server_pkg/lib/python3.10/site-packages/server-pkg.egg-link (link to .)
[1.470s] 
[1.471s] Installed /home/ssafy/SSAFY-Smart_Factory/ros2_ws/build/server_pkg
[1.471s] running symlink_data
[1.471s] creating /home/ssafy/SSAFY-Smart_Factory/ros2_ws/install/server_pkg/share/ament_index
[1.471s] creating /home/ssafy/SSAFY-Smart_Factory/ros2_ws/install/server_pkg/share/ament_index/resource_index
[1.471s] creating /home/ssafy/SSAFY-Smart_Factory/ros2_ws/install/server_pkg/share/ament_index/resource_index/packages
[1.471s] symbolically linking /home/ssafy/SSAFY-Smart_Factory/ros2_ws/build/server_pkg/resource/server_pkg -> /home/ssafy/SSAFY-Smart_Factory/ros2_ws/install/server_pkg/share/ament_index/resource_index/packages
[1.471s] symbolically linking /home/ssafy/SSAFY-Smart_Factory/ros2_ws/build/server_pkg/package.xml -> /home/ssafy/SSAFY-Smart_Factory/ros2_ws/install/server_pkg/share/server_pkg
[1.496s] Invoked command in '/home/ssafy/SSAFY-Smart_Factory/ros2_ws/build/server_pkg' returned '0': PYTHONPATH=/home/ssafy/SSAFY-Smart_Factory/ros2_ws/build/server_pkg/prefix_override:/usr/lib/python3/dist-packages/colcon_core/task/python/colcon_distutils_commands:/home/ssafy/SSAFY-Smart_Factory/ros2_ws/install/server_pkg/lib/python3.10/site-packages:${PYTHONPATH} /usr/bin/python3 -W ignore:setup.py install is deprecated -W ignore:easy_install command is deprecated setup.py develop --editable --build-directory /home/ssafy/SSAFY-Smart_Factory/ros2_ws/build/server_pkg/build --no-deps symlink_data
