[1.378s] Invoking command in '/home/ssafy/Workspaces/pjt_ws/src/rpi_pkg': PYTHONPATH=/home/ssafy/Workspaces/pjt_ws/build/rpi_pkg/prefix_override:/usr/lib/python3/dist-packages/colcon_core/task/python/colcon_distutils_commands:/home/ssafy/Workspaces/pjt_ws/install/rpi_pkg/lib/python3.10/site-packages:${PYTHONPATH} /usr/bin/python3 -W ignore:setup.py install is deprecated -W ignore:easy_install command is deprecated setup.py egg_info --egg-base ../../build/rpi_pkg build --build-base /home/ssafy/Workspaces/pjt_ws/build/rpi_pkg/build install --record /home/ssafy/Workspaces/pjt_ws/build/rpi_pkg/install.log --single-version-externally-managed install_data
[1.580s] running egg_info
[1.581s] writing ../../build/rpi_pkg/rpi_pkg.egg-info/PKG-INFO
[1.581s] writing dependency_links to ../../build/rpi_pkg/rpi_pkg.egg-info/dependency_links.txt
[1.581s] writing entry points to ../../build/rpi_pkg/rpi_pkg.egg-info/entry_points.txt
[1.581s] writing requirements to ../../build/rpi_pkg/rpi_pkg.egg-info/requires.txt
[1.581s] writing top-level names to ../../build/rpi_pkg/rpi_pkg.egg-info/top_level.txt
[1.582s] reading manifest file '../../build/rpi_pkg/rpi_pkg.egg-info/SOURCES.txt'
[1.582s] writing manifest file '../../build/rpi_pkg/rpi_pkg.egg-info/SOURCES.txt'
[1.583s] running build
[1.583s] running build_py
[1.583s] running install
[1.583s] running install_lib
[1.584s] running install_data
[1.584s] running install_egg_info
[1.585s] removing '/home/ssafy/Workspaces/pjt_ws/install/rpi_pkg/lib/python3.10/site-packages/rpi_pkg-0.0.0-py3.10.egg-info' (and everything under it)
[1.586s] Copying ../../build/rpi_pkg/rpi_pkg.egg-info to /home/ssafy/Workspaces/pjt_ws/install/rpi_pkg/lib/python3.10/site-packages/rpi_pkg-0.0.0-py3.10.egg-info
[1.586s] running install_scripts
[1.602s] Installing conveyor_node script to /home/ssafy/Workspaces/pjt_ws/install/rpi_pkg/lib/rpi_pkg
[1.602s] writing list of installed files to '/home/ssafy/Workspaces/pjt_ws/build/rpi_pkg/install.log'
[1.639s] Invoked command in '/home/ssafy/Workspaces/pjt_ws/src/rpi_pkg' returned '0': PYTHONPATH=/home/ssafy/Workspaces/pjt_ws/build/rpi_pkg/prefix_override:/usr/lib/python3/dist-packages/colcon_core/task/python/colcon_distutils_commands:/home/ssafy/Workspaces/pjt_ws/install/rpi_pkg/lib/python3.10/site-packages:${PYTHONPATH} /usr/bin/python3 -W ignore:setup.py install is deprecated -W ignore:easy_install command is deprecated setup.py egg_info --egg-base ../../build/rpi_pkg build --build-base /home/ssafy/Workspaces/pjt_ws/build/rpi_pkg/build install --record /home/ssafy/Workspaces/pjt_ws/build/rpi_pkg/install.log --single-version-externally-managed install_data
