running egg_info
creating ../../build/urdf_pkg/urdf_pkg.egg-info
writing ../../build/urdf_pkg/urdf_pkg.egg-info/PKG-INFO
writing dependency_links to ../../build/urdf_pkg/urdf_pkg.egg-info/dependency_links.txt
writing entry points to ../../build/urdf_pkg/urdf_pkg.egg-info/entry_points.txt
writing requirements to ../../build/urdf_pkg/urdf_pkg.egg-info/requires.txt
writing top-level names to ../../build/urdf_pkg/urdf_pkg.egg-info/top_level.txt
writing manifest file '../../build/urdf_pkg/urdf_pkg.egg-info/SOURCES.txt'
reading manifest file '../../build/urdf_pkg/urdf_pkg.egg-info/SOURCES.txt'
writing manifest file '../../build/urdf_pkg/urdf_pkg.egg-info/SOURCES.txt'
running build
running build_py
creating /home/ssafy/Workspaces/pjt_ws/build/urdf_pkg/build
creating /home/ssafy/Workspaces/pjt_ws/build/urdf_pkg/build/lib
creating /home/ssafy/Workspaces/pjt_ws/build/urdf_pkg/build/lib/urdf_pkg
copying urdf_pkg/__init__.py -> /home/ssafy/Workspaces/pjt_ws/build/urdf_pkg/build/lib/urdf_pkg
running install
running install_lib
creating /home/ssafy/Workspaces/pjt_ws/install/urdf_pkg/lib/python3.10/site-packages/urdf_pkg
copying /home/ssafy/Workspaces/pjt_ws/build/urdf_pkg/build/lib/urdf_pkg/__init__.py -> /home/ssafy/Workspaces/pjt_ws/install/urdf_pkg/lib/python3.10/site-packages/urdf_pkg
byte-compiling /home/ssafy/Workspaces/pjt_ws/install/urdf_pkg/lib/python3.10/site-packages/urdf_pkg/__init__.py to __init__.cpython-310.pyc
running install_data
creating /home/ssafy/Workspaces/pjt_ws/install/urdf_pkg/share/ament_index
creating /home/ssafy/Workspaces/pjt_ws/install/urdf_pkg/share/ament_index/resource_index
creating /home/ssafy/Workspaces/pjt_ws/install/urdf_pkg/share/ament_index/resource_index/packages
copying resource/urdf_pkg -> /home/ssafy/Workspaces/pjt_ws/install/urdf_pkg/share/ament_index/resource_index/packages
copying package.xml -> /home/ssafy/Workspaces/pjt_ws/install/urdf_pkg/share/urdf_pkg
creating /home/ssafy/Workspaces/pjt_ws/install/urdf_pkg/share/urdf_pkg/launch
running install_egg_info
Copying ../../build/urdf_pkg/urdf_pkg.egg-info to /home/ssafy/Workspaces/pjt_ws/install/urdf_pkg/lib/python3.10/site-packages/urdf_pkg-0.0.0-py3.10.egg-info
running install_scripts
writing list of installed files to '/home/ssafy/Workspaces/pjt_ws/build/urdf_pkg/install.log'
