[1.325s] Invoking command in '/home/ssafy/Workspaces/pjt_ws/src/urdf_pkg': PYTHONPATH=/home/ssafy/Workspaces/pjt_ws/build/urdf_pkg/prefix_override:/usr/lib/python3/dist-packages/colcon_core/task/python/colcon_distutils_commands:/home/ssafy/Workspaces/pjt_ws/install/urdf_pkg/lib/python3.10/site-packages:${PYTHONPATH} /usr/bin/python3 -W ignore:setup.py install is deprecated -W ignore:easy_install command is deprecated setup.py egg_info --egg-base ../../build/urdf_pkg build --build-base /home/ssafy/Workspaces/pjt_ws/build/urdf_pkg/build install --record /home/ssafy/Workspaces/pjt_ws/build/urdf_pkg/install.log --single-version-externally-managed install_data
[1.521s] running egg_info
[1.521s] creating ../../build/urdf_pkg/urdf_pkg.egg-info
[1.521s] writing ../../build/urdf_pkg/urdf_pkg.egg-info/PKG-INFO
[1.521s] writing dependency_links to ../../build/urdf_pkg/urdf_pkg.egg-info/dependency_links.txt
[1.521s] writing entry points to ../../build/urdf_pkg/urdf_pkg.egg-info/entry_points.txt
[1.522s] writing requirements to ../../build/urdf_pkg/urdf_pkg.egg-info/requires.txt
[1.522s] writing top-level names to ../../build/urdf_pkg/urdf_pkg.egg-info/top_level.txt
[1.522s] writing manifest file '../../build/urdf_pkg/urdf_pkg.egg-info/SOURCES.txt'
[1.523s] reading manifest file '../../build/urdf_pkg/urdf_pkg.egg-info/SOURCES.txt'
[1.523s] writing manifest file '../../build/urdf_pkg/urdf_pkg.egg-info/SOURCES.txt'
[1.523s] running build
[1.523s] running build_py
[1.523s] creating /home/ssafy/Workspaces/pjt_ws/build/urdf_pkg/build
[1.523s] creating /home/ssafy/Workspaces/pjt_ws/build/urdf_pkg/build/lib
[1.524s] creating /home/ssafy/Workspaces/pjt_ws/build/urdf_pkg/build/lib/urdf_pkg
[1.524s] copying urdf_pkg/__init__.py -> /home/ssafy/Workspaces/pjt_ws/build/urdf_pkg/build/lib/urdf_pkg
[1.524s] running install
[1.524s] running install_lib
[1.524s] creating /home/ssafy/Workspaces/pjt_ws/install/urdf_pkg/lib/python3.10/site-packages/urdf_pkg
[1.524s] copying /home/ssafy/Workspaces/pjt_ws/build/urdf_pkg/build/lib/urdf_pkg/__init__.py -> /home/ssafy/Workspaces/pjt_ws/install/urdf_pkg/lib/python3.10/site-packages/urdf_pkg
[1.525s] byte-compiling /home/ssafy/Workspaces/pjt_ws/install/urdf_pkg/lib/python3.10/site-packages/urdf_pkg/__init__.py to __init__.cpython-310.pyc
[1.525s] running install_data
[1.525s] creating /home/ssafy/Workspaces/pjt_ws/install/urdf_pkg/share/ament_index
[1.525s] creating /home/ssafy/Workspaces/pjt_ws/install/urdf_pkg/share/ament_index/resource_index
[1.525s] creating /home/ssafy/Workspaces/pjt_ws/install/urdf_pkg/share/ament_index/resource_index/packages
[1.525s] copying resource/urdf_pkg -> /home/ssafy/Workspaces/pjt_ws/install/urdf_pkg/share/ament_index/resource_index/packages
[1.525s] copying package.xml -> /home/ssafy/Workspaces/pjt_ws/install/urdf_pkg/share/urdf_pkg
[1.525s] creating /home/ssafy/Workspaces/pjt_ws/install/urdf_pkg/share/urdf_pkg/launch
[1.526s] running install_egg_info
[1.527s] Copying ../../build/urdf_pkg/urdf_pkg.egg-info to /home/ssafy/Workspaces/pjt_ws/install/urdf_pkg/lib/python3.10/site-packages/urdf_pkg-0.0.0-py3.10.egg-info
[1.527s] running install_scripts
[1.544s] writing list of installed files to '/home/ssafy/Workspaces/pjt_ws/build/urdf_pkg/install.log'
[1.566s] Invoked command in '/home/ssafy/Workspaces/pjt_ws/src/urdf_pkg' returned '0': PYTHONPATH=/home/ssafy/Workspaces/pjt_ws/build/urdf_pkg/prefix_override:/usr/lib/python3/dist-packages/colcon_core/task/python/colcon_distutils_commands:/home/ssafy/Workspaces/pjt_ws/install/urdf_pkg/lib/python3.10/site-packages:${PYTHONPATH} /usr/bin/python3 -W ignore:setup.py install is deprecated -W ignore:easy_install command is deprecated setup.py egg_info --egg-base ../../build/urdf_pkg build --build-base /home/ssafy/Workspaces/pjt_ws/build/urdf_pkg/build install --record /home/ssafy/Workspaces/pjt_ws/build/urdf_pkg/install.log --single-version-externally-managed install_data
