/home/ssafy/Workspaces/pjt_ws/install/dobot_pkg/lib/python3.10/site-packages/dobot_control/target_follower.py
/home/ssafy/Workspaces/pjt_ws/install/dobot_pkg/lib/python3.10/site-packages/dobot_control/homing.py
/home/ssafy/Workspaces/pjt_ws/install/dobot_pkg/lib/python3.10/site-packages/dobot_control/pickandplace.py
/home/ssafy/Workspaces/pjt_ws/install/dobot_pkg/lib/python3.10/site-packages/dobot_control/circel_move.py
/home/ssafy/Workspaces/pjt_ws/install/dobot_pkg/lib/python3.10/site-packages/dobot_control/__init__.py
/home/ssafy/Workspaces/pjt_ws/install/dobot_pkg/lib/python3.10/site-packages/dobot_control/__pycache__/target_follower.cpython-310.pyc
/home/ssafy/Workspaces/pjt_ws/install/dobot_pkg/lib/python3.10/site-packages/dobot_control/__pycache__/homing.cpython-310.pyc
/home/ssafy/Workspaces/pjt_ws/install/dobot_pkg/lib/python3.10/site-packages/dobot_control/__pycache__/pickandplace.cpython-310.pyc
/home/ssafy/Workspaces/pjt_ws/install/dobot_pkg/lib/python3.10/site-packages/dobot_control/__pycache__/circel_move.cpython-310.pyc
/home/ssafy/Workspaces/pjt_ws/install/dobot_pkg/lib/python3.10/site-packages/dobot_control/__pycache__/__init__.cpython-310.pyc
/home/ssafy/Workspaces/pjt_ws/install/dobot_pkg/share/ament_index/resource_index/packages/dobot_pkg
/home/ssafy/Workspaces/pjt_ws/install/dobot_pkg/share/dobot_pkg/package.xml
/home/ssafy/Workspaces/pjt_ws/install/dobot_pkg/share/dobot_pkg/launch/dobot_control.launch.py
/home/ssafy/Workspaces/pjt_ws/install/dobot_pkg/lib/python3.10/site-packages/dobot_pkg-0.0.0-py3.10.egg-info/dependency_links.txt
/home/ssafy/Workspaces/pjt_ws/install/dobot_pkg/lib/python3.10/site-packages/dobot_pkg-0.0.0-py3.10.egg-info/zip-safe
/home/ssafy/Workspaces/pjt_ws/install/dobot_pkg/lib/python3.10/site-packages/dobot_pkg-0.0.0-py3.10.egg-info/top_level.txt
/home/ssafy/Workspaces/pjt_ws/install/dobot_pkg/lib/python3.10/site-packages/dobot_pkg-0.0.0-py3.10.egg-info/PKG-INFO
/home/ssafy/Workspaces/pjt_ws/install/dobot_pkg/lib/python3.10/site-packages/dobot_pkg-0.0.0-py3.10.egg-info/SOURCES.txt
/home/ssafy/Workspaces/pjt_ws/install/dobot_pkg/lib/python3.10/site-packages/dobot_pkg-0.0.0-py3.10.egg-info/requires.txt
/home/ssafy/Workspaces/pjt_ws/install/dobot_pkg/lib/python3.10/site-packages/dobot_pkg-0.0.0-py3.10.egg-info/entry_points.txt
/home/ssafy/Workspaces/pjt_ws/install/dobot_pkg/lib/dobot_control/dobot_circle_move_node
/home/ssafy/Workspaces/pjt_ws/install/dobot_pkg/lib/dobot_control/dobot_homing_service_node
/home/ssafy/Workspaces/pjt_ws/install/dobot_pkg/lib/dobot_control/dobot_target_follower_node
/home/ssafy/Workspaces/pjt_ws/install/dobot_pkg/lib/dobot_control/pick_and_place_demo
