[0.076s] DEBUG:colcon:Command line arguments: ['/usr/bin/colcon', 'build', '--symlink-install']
[0.076s] DEBUG:colcon:Parsed command line arguments: Namespace(log_base=None, log_level=None, verb_name='build', build_base='build', install_base='install', merge_install=False, symlink_install=True, test_result_base=None, continue_on_error=False, executor='parallel', parallel_workers=20, event_handlers=None, ignore_user_meta=False, metas=['./colcon.meta'], base_paths=['.'], packages_ignore=None, packages_ignore_regex=None, paths=None, packages_up_to=None, packages_up_to_regex=None, packages_above=None, packages_above_and_dependencies=None, packages_above_depth=None, packages_select_by_dep=None, packages_skip_by_dep=None, packages_skip_up_to=None, packages_select_build_failed=False, packages_skip_build_finished=False, packages_select_test_failures=False, packages_skip_test_passed=False, packages_select=None, packages_skip=None, packages_select_regex=None, packages_skip_regex=None, packages_start=None, packages_end=None, allow_overriding=[], cmake_args=None, cmake_target=None, cmake_target_skip_unavailable=False, cmake_clean_cache=False, cmake_clean_first=False, cmake_force_configure=False, ament_cmake_args=None, catkin_cmake_args=None, catkin_skip_building_tests=False, mixin_files=None, mixin=None, verb_parser=<colcon_mixin.mixin.mixin_argument.MixinArgumentDecorator object at 0x7041d4b954e0>, verb_extension=<colcon_core.verb.build.BuildVerb object at 0x7041d4c9a410>, main=<bound method BuildVerb.main of <colcon_core.verb.build.BuildVerb object at 0x7041d4c9a410>>, mixin_verb=('build',))
[0.201s] Level 1:colcon.colcon_core.package_discovery:discover_packages(colcon_meta) check parameters
[0.201s] Level 1:colcon.colcon_core.package_discovery:discover_packages(recursive) check parameters
[0.201s] Level 1:colcon.colcon_core.package_discovery:discover_packages(ignore) check parameters
[0.201s] Level 1:colcon.colcon_core.package_discovery:discover_packages(path) check parameters
[0.201s] Level 1:colcon.colcon_core.package_discovery:discover_packages(colcon_meta) discover
[0.201s] Level 1:colcon.colcon_core.package_discovery:discover_packages(recursive) discover
[0.201s] INFO:colcon.colcon_core.package_discovery:Crawling recursively for packages in '/home/ssafy/SSAFY-Smart_Factory/ros2_ws'
[0.201s] Level 1:colcon.colcon_core.package_identification:_identify(.) by extensions ['ignore', 'ignore_ament_install']
[0.201s] Level 1:colcon.colcon_core.package_identification:_identify(.) by extension 'ignore'
[0.201s] Level 1:colcon.colcon_core.package_identification:_identify(.) by extension 'ignore_ament_install'
[0.201s] Level 1:colcon.colcon_core.package_identification:_identify(.) by extensions ['colcon_pkg']
[0.201s] Level 1:colcon.colcon_core.package_identification:_identify(.) by extension 'colcon_pkg'
[0.201s] Level 1:colcon.colcon_core.package_identification:_identify(.) by extensions ['colcon_meta']
[0.201s] Level 1:colcon.colcon_core.package_identification:_identify(.) by extension 'colcon_meta'
[0.201s] Level 1:colcon.colcon_core.package_identification:_identify(.) by extensions ['ros']
[0.201s] Level 1:colcon.colcon_core.package_identification:_identify(.) by extension 'ros'
[0.213s] Level 1:colcon.colcon_core.package_identification:_identify(.) by extensions ['cmake', 'python']
[0.213s] Level 1:colcon.colcon_core.package_identification:_identify(.) by extension 'cmake'
[0.213s] Level 1:colcon.colcon_core.package_identification:_identify(.) by extension 'python'
[0.213s] Level 1:colcon.colcon_core.package_identification:_identify(.) by extensions ['python_setup_py']
[0.213s] Level 1:colcon.colcon_core.package_identification:_identify(.) by extension 'python_setup_py'
[0.214s] Level 1:colcon.colcon_core.package_identification:_identify(build) by extensions ['ignore', 'ignore_ament_install']
[0.214s] Level 1:colcon.colcon_core.package_identification:_identify(build) by extension 'ignore'
[0.214s] Level 1:colcon.colcon_core.package_identification:_identify(build) ignored
[0.214s] Level 1:colcon.colcon_core.package_identification:_identify(install) by extensions ['ignore', 'ignore_ament_install']
[0.214s] Level 1:colcon.colcon_core.package_identification:_identify(install) by extension 'ignore'
[0.214s] Level 1:colcon.colcon_core.package_identification:_identify(install) ignored
[0.214s] Level 1:colcon.colcon_core.package_identification:_identify(log) by extensions ['ignore', 'ignore_ament_install']
[0.214s] Level 1:colcon.colcon_core.package_identification:_identify(log) by extension 'ignore'
[0.214s] Level 1:colcon.colcon_core.package_identification:_identify(log) ignored
[0.214s] Level 1:colcon.colcon_core.package_identification:_identify(src) by extensions ['ignore', 'ignore_ament_install']
[0.214s] Level 1:colcon.colcon_core.package_identification:_identify(src) by extension 'ignore'
[0.214s] Level 1:colcon.colcon_core.package_identification:_identify(src) by extension 'ignore_ament_install'
[0.214s] Level 1:colcon.colcon_core.package_identification:_identify(src) by extensions ['colcon_pkg']
[0.214s] Level 1:colcon.colcon_core.package_identification:_identify(src) by extension 'colcon_pkg'
[0.214s] Level 1:colcon.colcon_core.package_identification:_identify(src) by extensions ['colcon_meta']
[0.214s] Level 1:colcon.colcon_core.package_identification:_identify(src) by extension 'colcon_meta'
[0.214s] Level 1:colcon.colcon_core.package_identification:_identify(src) by extensions ['ros']
[0.214s] Level 1:colcon.colcon_core.package_identification:_identify(src) by extension 'ros'
[0.214s] Level 1:colcon.colcon_core.package_identification:_identify(src) by extensions ['cmake', 'python']
[0.214s] Level 1:colcon.colcon_core.package_identification:_identify(src) by extension 'cmake'
[0.214s] Level 1:colcon.colcon_core.package_identification:_identify(src) by extension 'python'
[0.214s] Level 1:colcon.colcon_core.package_identification:_identify(src) by extensions ['python_setup_py']
[0.214s] Level 1:colcon.colcon_core.package_identification:_identify(src) by extension 'python_setup_py'
[0.214s] Level 1:colcon.colcon_core.package_identification:_identify(src/dobot_pkg) by extensions ['ignore', 'ignore_ament_install']
[0.214s] Level 1:colcon.colcon_core.package_identification:_identify(src/dobot_pkg) by extension 'ignore'
[0.214s] Level 1:colcon.colcon_core.package_identification:_identify(src/dobot_pkg) by extension 'ignore_ament_install'
[0.214s] Level 1:colcon.colcon_core.package_identification:_identify(src/dobot_pkg) by extensions ['colcon_pkg']
[0.214s] Level 1:colcon.colcon_core.package_identification:_identify(src/dobot_pkg) by extension 'colcon_pkg'
[0.214s] Level 1:colcon.colcon_core.package_identification:_identify(src/dobot_pkg) by extensions ['colcon_meta']
[0.214s] Level 1:colcon.colcon_core.package_identification:_identify(src/dobot_pkg) by extension 'colcon_meta'
[0.215s] Level 1:colcon.colcon_core.package_identification:_identify(src/dobot_pkg) by extensions ['ros']
[0.215s] Level 1:colcon.colcon_core.package_identification:_identify(src/dobot_pkg) by extension 'ros'
[0.216s] DEBUG:colcon.colcon_core.package_identification:Package 'src/dobot_pkg' with type 'ros.ament_python' and name 'dobot_pkg'
[0.216s] Level 1:colcon.colcon_core.package_identification:_identify(src/server_pkg) by extensions ['ignore', 'ignore_ament_install']
[0.216s] Level 1:colcon.colcon_core.package_identification:_identify(src/server_pkg) by extension 'ignore'
[0.216s] Level 1:colcon.colcon_core.package_identification:_identify(src/server_pkg) by extension 'ignore_ament_install'
[0.216s] Level 1:colcon.colcon_core.package_identification:_identify(src/server_pkg) by extensions ['colcon_pkg']
[0.216s] Level 1:colcon.colcon_core.package_identification:_identify(src/server_pkg) by extension 'colcon_pkg'
[0.216s] Level 1:colcon.colcon_core.package_identification:_identify(src/server_pkg) by extensions ['colcon_meta']
[0.216s] Level 1:colcon.colcon_core.package_identification:_identify(src/server_pkg) by extension 'colcon_meta'
[0.216s] Level 1:colcon.colcon_core.package_identification:_identify(src/server_pkg) by extensions ['ros']
[0.216s] Level 1:colcon.colcon_core.package_identification:_identify(src/server_pkg) by extension 'ros'
[0.217s] DEBUG:colcon.colcon_core.package_identification:Package 'src/server_pkg' with type 'ros.ament_python' and name 'server_pkg'
[0.217s] Level 1:colcon.colcon_core.package_identification:_identify(src/vision_pkg) by extensions ['ignore', 'ignore_ament_install']
[0.217s] Level 1:colcon.colcon_core.package_identification:_identify(src/vision_pkg) by extension 'ignore'
[0.217s] Level 1:colcon.colcon_core.package_identification:_identify(src/vision_pkg) by extension 'ignore_ament_install'
[0.217s] Level 1:colcon.colcon_core.package_identification:_identify(src/vision_pkg) by extensions ['colcon_pkg']
[0.217s] Level 1:colcon.colcon_core.package_identification:_identify(src/vision_pkg) by extension 'colcon_pkg'
[0.217s] Level 1:colcon.colcon_core.package_identification:_identify(src/vision_pkg) by extensions ['colcon_meta']
[0.217s] Level 1:colcon.colcon_core.package_identification:_identify(src/vision_pkg) by extension 'colcon_meta'
[0.217s] Level 1:colcon.colcon_core.package_identification:_identify(src/vision_pkg) by extensions ['ros']
[0.217s] Level 1:colcon.colcon_core.package_identification:_identify(src/vision_pkg) by extension 'ros'
[0.217s] DEBUG:colcon.colcon_core.package_identification:Package 'src/vision_pkg' with type 'ros.ament_python' and name 'vision_pkg'
[0.217s] Level 1:colcon.colcon_core.package_identification:_identify(src/yolo_pkg) by extensions ['ignore', 'ignore_ament_install']
[0.217s] Level 1:colcon.colcon_core.package_identification:_identify(src/yolo_pkg) by extension 'ignore'
[0.217s] Level 1:colcon.colcon_core.package_identification:_identify(src/yolo_pkg) by extension 'ignore_ament_install'
[0.218s] Level 1:colcon.colcon_core.package_identification:_identify(src/yolo_pkg) by extensions ['colcon_pkg']
[0.218s] Level 1:colcon.colcon_core.package_identification:_identify(src/yolo_pkg) by extension 'colcon_pkg'
[0.218s] Level 1:colcon.colcon_core.package_identification:_identify(src/yolo_pkg) by extensions ['colcon_meta']
[0.218s] Level 1:colcon.colcon_core.package_identification:_identify(src/yolo_pkg) by extension 'colcon_meta'
[0.218s] Level 1:colcon.colcon_core.package_identification:_identify(src/yolo_pkg) by extensions ['ros']
[0.218s] Level 1:colcon.colcon_core.package_identification:_identify(src/yolo_pkg) by extension 'ros'
[0.218s] DEBUG:colcon.colcon_core.package_identification:Package 'src/yolo_pkg' with type 'ros.ament_python' and name 'yolo_pkg'
[0.218s] Level 1:colcon.colcon_core.package_discovery:discover_packages(recursive) using defaults
[0.218s] Level 1:colcon.colcon_core.package_discovery:discover_packages(ignore) discover
[0.218s] Level 1:colcon.colcon_core.package_discovery:discover_packages(ignore) using defaults
[0.218s] Level 1:colcon.colcon_core.package_discovery:discover_packages(path) discover
[0.218s] Level 1:colcon.colcon_core.package_discovery:discover_packages(path) using defaults
[0.233s] Level 1:colcon.colcon_core.package_discovery:discover_packages(prefix_path) check parameters
[0.233s] Level 1:colcon.colcon_core.package_discovery:discover_packages(prefix_path) discover
[0.235s] DEBUG:colcon.colcon_installed_package_information.package_discovery:Found 5 installed packages in /home/ssafy/Workspaces/pjt_ws/install
[0.235s] DEBUG:colcon.colcon_installed_package_information.package_discovery:Found 15 installed packages in /home/ssafy/Workspaces/magician_ros2_control_system_ws/install
[0.235s] DEBUG:colcon.colcon_installed_package_information.package_discovery:Found 9 installed packages in /home/ssafy/Workspaces/ros2_ws/install
[0.236s] DEBUG:colcon.colcon_installed_package_information.package_discovery:Found 334 installed packages in /opt/ros/humble
[0.237s] Level 1:colcon.colcon_core.package_discovery:discover_packages(prefix_path) using defaults
[0.262s] Level 5:colcon.colcon_core.verb:set package 'dobot_pkg' build argument 'cmake_args' from command line to 'None'
[0.262s] Level 5:colcon.colcon_core.verb:set package 'dobot_pkg' build argument 'cmake_target' from command line to 'None'
[0.262s] Level 5:colcon.colcon_core.verb:set package 'dobot_pkg' build argument 'cmake_target_skip_unavailable' from command line to 'False'
[0.262s] Level 5:colcon.colcon_core.verb:set package 'dobot_pkg' build argument 'cmake_clean_cache' from command line to 'False'
[0.262s] Level 5:colcon.colcon_core.verb:set package 'dobot_pkg' build argument 'cmake_clean_first' from command line to 'False'
[0.262s] Level 5:colcon.colcon_core.verb:set package 'dobot_pkg' build argument 'cmake_force_configure' from command line to 'False'
[0.262s] Level 5:colcon.colcon_core.verb:set package 'dobot_pkg' build argument 'ament_cmake_args' from command line to 'None'
[0.262s] Level 5:colcon.colcon_core.verb:set package 'dobot_pkg' build argument 'catkin_cmake_args' from command line to 'None'
[0.262s] Level 5:colcon.colcon_core.verb:set package 'dobot_pkg' build argument 'catkin_skip_building_tests' from command line to 'False'
[0.262s] DEBUG:colcon.colcon_core.verb:Building package 'dobot_pkg' with the following arguments: {'ament_cmake_args': None, 'build_base': '/home/ssafy/SSAFY-Smart_Factory/ros2_ws/build/dobot_pkg', 'catkin_cmake_args': None, 'catkin_skip_building_tests': False, 'cmake_args': None, 'cmake_clean_cache': False, 'cmake_clean_first': False, 'cmake_force_configure': False, 'cmake_target': None, 'cmake_target_skip_unavailable': False, 'install_base': '/home/ssafy/SSAFY-Smart_Factory/ros2_ws/install/dobot_pkg', 'merge_install': False, 'path': '/home/ssafy/SSAFY-Smart_Factory/ros2_ws/src/dobot_pkg', 'symlink_install': True, 'test_result_base': None}
[0.263s] Level 5:colcon.colcon_core.verb:set package 'server_pkg' build argument 'cmake_args' from command line to 'None'
[0.263s] Level 5:colcon.colcon_core.verb:set package 'server_pkg' build argument 'cmake_target' from command line to 'None'
[0.263s] Level 5:colcon.colcon_core.verb:set package 'server_pkg' build argument 'cmake_target_skip_unavailable' from command line to 'False'
[0.263s] Level 5:colcon.colcon_core.verb:set package 'server_pkg' build argument 'cmake_clean_cache' from command line to 'False'
[0.263s] Level 5:colcon.colcon_core.verb:set package 'server_pkg' build argument 'cmake_clean_first' from command line to 'False'
[0.263s] Level 5:colcon.colcon_core.verb:set package 'server_pkg' build argument 'cmake_force_configure' from command line to 'False'
[0.263s] Level 5:colcon.colcon_core.verb:set package 'server_pkg' build argument 'ament_cmake_args' from command line to 'None'
[0.263s] Level 5:colcon.colcon_core.verb:set package 'server_pkg' build argument 'catkin_cmake_args' from command line to 'None'
[0.263s] Level 5:colcon.colcon_core.verb:set package 'server_pkg' build argument 'catkin_skip_building_tests' from command line to 'False'
[0.263s] DEBUG:colcon.colcon_core.verb:Building package 'server_pkg' with the following arguments: {'ament_cmake_args': None, 'build_base': '/home/ssafy/SSAFY-Smart_Factory/ros2_ws/build/server_pkg', 'catkin_cmake_args': None, 'catkin_skip_building_tests': False, 'cmake_args': None, 'cmake_clean_cache': False, 'cmake_clean_first': False, 'cmake_force_configure': False, 'cmake_target': None, 'cmake_target_skip_unavailable': False, 'install_base': '/home/ssafy/SSAFY-Smart_Factory/ros2_ws/install/server_pkg', 'merge_install': False, 'path': '/home/ssafy/SSAFY-Smart_Factory/ros2_ws/src/server_pkg', 'symlink_install': True, 'test_result_base': None}
[0.263s] Level 5:colcon.colcon_core.verb:set package 'vision_pkg' build argument 'cmake_args' from command line to 'None'
[0.263s] Level 5:colcon.colcon_core.verb:set package 'vision_pkg' build argument 'cmake_target' from command line to 'None'
[0.263s] Level 5:colcon.colcon_core.verb:set package 'vision_pkg' build argument 'cmake_target_skip_unavailable' from command line to 'False'
[0.263s] Level 5:colcon.colcon_core.verb:set package 'vision_pkg' build argument 'cmake_clean_cache' from command line to 'False'
[0.263s] Level 5:colcon.colcon_core.verb:set package 'vision_pkg' build argument 'cmake_clean_first' from command line to 'False'
[0.263s] Level 5:colcon.colcon_core.verb:set package 'vision_pkg' build argument 'cmake_force_configure' from command line to 'False'
[0.263s] Level 5:colcon.colcon_core.verb:set package 'vision_pkg' build argument 'ament_cmake_args' from command line to 'None'
[0.263s] Level 5:colcon.colcon_core.verb:set package 'vision_pkg' build argument 'catkin_cmake_args' from command line to 'None'
[0.263s] Level 5:colcon.colcon_core.verb:set package 'vision_pkg' build argument 'catkin_skip_building_tests' from command line to 'False'
[0.263s] DEBUG:colcon.colcon_core.verb:Building package 'vision_pkg' with the following arguments: {'ament_cmake_args': None, 'build_base': '/home/ssafy/SSAFY-Smart_Factory/ros2_ws/build/vision_pkg', 'catkin_cmake_args': None, 'catkin_skip_building_tests': False, 'cmake_args': None, 'cmake_clean_cache': False, 'cmake_clean_first': False, 'cmake_force_configure': False, 'cmake_target': None, 'cmake_target_skip_unavailable': False, 'install_base': '/home/ssafy/SSAFY-Smart_Factory/ros2_ws/install/vision_pkg', 'merge_install': False, 'path': '/home/ssafy/SSAFY-Smart_Factory/ros2_ws/src/vision_pkg', 'symlink_install': True, 'test_result_base': None}
[0.263s] Level 5:colcon.colcon_core.verb:set package 'yolo_pkg' build argument 'cmake_args' from command line to 'None'
[0.263s] Level 5:colcon.colcon_core.verb:set package 'yolo_pkg' build argument 'cmake_target' from command line to 'None'
[0.263s] Level 5:colcon.colcon_core.verb:set package 'yolo_pkg' build argument 'cmake_target_skip_unavailable' from command line to 'False'
[0.263s] Level 5:colcon.colcon_core.verb:set package 'yolo_pkg' build argument 'cmake_clean_cache' from command line to 'False'
[0.263s] Level 5:colcon.colcon_core.verb:set package 'yolo_pkg' build argument 'cmake_clean_first' from command line to 'False'
[0.263s] Level 5:colcon.colcon_core.verb:set package 'yolo_pkg' build argument 'cmake_force_configure' from command line to 'False'
[0.263s] Level 5:colcon.colcon_core.verb:set package 'yolo_pkg' build argument 'ament_cmake_args' from command line to 'None'
[0.263s] Level 5:colcon.colcon_core.verb:set package 'yolo_pkg' build argument 'catkin_cmake_args' from command line to 'None'
[0.263s] Level 5:colcon.colcon_core.verb:set package 'yolo_pkg' build argument 'catkin_skip_building_tests' from command line to 'False'
[0.263s] DEBUG:colcon.colcon_core.verb:Building package 'yolo_pkg' with the following arguments: {'ament_cmake_args': None, 'build_base': '/home/ssafy/SSAFY-Smart_Factory/ros2_ws/build/yolo_pkg', 'catkin_cmake_args': None, 'catkin_skip_building_tests': False, 'cmake_args': None, 'cmake_clean_cache': False, 'cmake_clean_first': False, 'cmake_force_configure': False, 'cmake_target': None, 'cmake_target_skip_unavailable': False, 'install_base': '/home/ssafy/SSAFY-Smart_Factory/ros2_ws/install/yolo_pkg', 'merge_install': False, 'path': '/home/ssafy/SSAFY-Smart_Factory/ros2_ws/src/yolo_pkg', 'symlink_install': True, 'test_result_base': None}
[0.263s] INFO:colcon.colcon_core.executor:Executing jobs using 'parallel' executor
[0.264s] DEBUG:colcon.colcon_parallel_executor.executor.parallel:run_until_complete
[0.264s] INFO:colcon.colcon_ros.task.ament_python.build:Building ROS package in '/home/ssafy/SSAFY-Smart_Factory/ros2_ws/src/dobot_pkg' with build type 'ament_python'
[0.265s] Level 1:colcon.colcon_core.shell:create_environment_hook('dobot_pkg', 'ament_prefix_path')
[0.266s] INFO:colcon.colcon_core.plugin_system:Skipping extension 'colcon_core.shell.bat': Not used on non-Windows systems
[0.266s] INFO:colcon.colcon_core.shell:Creating environment hook '/home/ssafy/SSAFY-Smart_Factory/ros2_ws/install/dobot_pkg/share/dobot_pkg/hook/ament_prefix_path.ps1'
[0.267s] INFO:colcon.colcon_core.shell:Creating environment descriptor '/home/ssafy/SSAFY-Smart_Factory/ros2_ws/install/dobot_pkg/share/dobot_pkg/hook/ament_prefix_path.dsv'
[0.267s] INFO:colcon.colcon_core.shell:Creating environment hook '/home/ssafy/SSAFY-Smart_Factory/ros2_ws/install/dobot_pkg/share/dobot_pkg/hook/ament_prefix_path.sh'
[0.268s] INFO:colcon.colcon_core.shell:Skip shell extension 'powershell' for command environment: Not usable outside of PowerShell
[0.268s] DEBUG:colcon.colcon_core.shell:Skip shell extension 'dsv' for command environment
[0.271s] INFO:colcon.colcon_ros.task.ament_python.build:Building ROS package in '/home/ssafy/SSAFY-Smart_Factory/ros2_ws/src/server_pkg' with build type 'ament_python'
[0.271s] Level 1:colcon.colcon_core.shell:create_environment_hook('server_pkg', 'ament_prefix_path')
[0.271s] INFO:colcon.colcon_core.shell:Creating environment hook '/home/ssafy/SSAFY-Smart_Factory/ros2_ws/install/server_pkg/share/server_pkg/hook/ament_prefix_path.ps1'
[0.271s] INFO:colcon.colcon_core.shell:Creating environment descriptor '/home/ssafy/SSAFY-Smart_Factory/ros2_ws/install/server_pkg/share/server_pkg/hook/ament_prefix_path.dsv'
[0.272s] INFO:colcon.colcon_core.shell:Creating environment hook '/home/ssafy/SSAFY-Smart_Factory/ros2_ws/install/server_pkg/share/server_pkg/hook/ament_prefix_path.sh'
[0.272s] INFO:colcon.colcon_core.shell:Skip shell extension 'powershell' for command environment: Not usable outside of PowerShell
[0.272s] DEBUG:colcon.colcon_core.shell:Skip shell extension 'dsv' for command environment
[0.275s] INFO:colcon.colcon_ros.task.ament_python.build:Building ROS package in '/home/ssafy/SSAFY-Smart_Factory/ros2_ws/src/vision_pkg' with build type 'ament_python'
[0.275s] Level 1:colcon.colcon_core.shell:create_environment_hook('vision_pkg', 'ament_prefix_path')
[0.275s] INFO:colcon.colcon_core.shell:Creating environment hook '/home/ssafy/SSAFY-Smart_Factory/ros2_ws/install/vision_pkg/share/vision_pkg/hook/ament_prefix_path.ps1'
[0.276s] INFO:colcon.colcon_core.shell:Creating environment descriptor '/home/ssafy/SSAFY-Smart_Factory/ros2_ws/install/vision_pkg/share/vision_pkg/hook/ament_prefix_path.dsv'
[0.276s] INFO:colcon.colcon_core.shell:Creating environment hook '/home/ssafy/SSAFY-Smart_Factory/ros2_ws/install/vision_pkg/share/vision_pkg/hook/ament_prefix_path.sh'
[0.276s] INFO:colcon.colcon_core.shell:Skip shell extension 'powershell' for command environment: Not usable outside of PowerShell
[0.276s] DEBUG:colcon.colcon_core.shell:Skip shell extension 'dsv' for command environment
[0.279s] INFO:colcon.colcon_ros.task.ament_python.build:Building ROS package in '/home/ssafy/SSAFY-Smart_Factory/ros2_ws/src/yolo_pkg' with build type 'ament_python'
[0.279s] Level 1:colcon.colcon_core.shell:create_environment_hook('yolo_pkg', 'ament_prefix_path')
[0.279s] INFO:colcon.colcon_core.shell:Creating environment hook '/home/ssafy/SSAFY-Smart_Factory/ros2_ws/install/yolo_pkg/share/yolo_pkg/hook/ament_prefix_path.ps1'
[0.280s] INFO:colcon.colcon_core.shell:Creating environment descriptor '/home/ssafy/SSAFY-Smart_Factory/ros2_ws/install/yolo_pkg/share/yolo_pkg/hook/ament_prefix_path.dsv'
[0.280s] INFO:colcon.colcon_core.shell:Creating environment hook '/home/ssafy/SSAFY-Smart_Factory/ros2_ws/install/yolo_pkg/share/yolo_pkg/hook/ament_prefix_path.sh'
[0.280s] INFO:colcon.colcon_core.shell:Skip shell extension 'powershell' for command environment: Not usable outside of PowerShell
[0.280s] DEBUG:colcon.colcon_core.shell:Skip shell extension 'dsv' for command environment
[0.482s] INFO:colcon.colcon_core.task.python.build:Building Python package in '/home/ssafy/SSAFY-Smart_Factory/ros2_ws/src/dobot_pkg'
[0.482s] INFO:colcon.colcon_core.shell:Skip shell extension 'powershell' for command environment: Not usable outside of PowerShell
[0.483s] DEBUG:colcon.colcon_core.shell:Skip shell extension 'dsv' for command environment
[0.699s] INFO:colcon.colcon_core.task.python.build:Building Python package in '/home/ssafy/SSAFY-Smart_Factory/ros2_ws/src/server_pkg'
[0.700s] INFO:colcon.colcon_core.shell:Skip shell extension 'powershell' for command environment: Not usable outside of PowerShell
[0.700s] DEBUG:colcon.colcon_core.shell:Skip shell extension 'dsv' for command environment
[0.914s] INFO:colcon.colcon_core.task.python.build:Building Python package in '/home/ssafy/SSAFY-Smart_Factory/ros2_ws/src/vision_pkg'
[0.914s] INFO:colcon.colcon_core.shell:Skip shell extension 'powershell' for command environment: Not usable outside of PowerShell
[0.914s] DEBUG:colcon.colcon_core.shell:Skip shell extension 'dsv' for command environment
[1.131s] INFO:colcon.colcon_core.task.python.build:Building Python package in '/home/ssafy/SSAFY-Smart_Factory/ros2_ws/src/yolo_pkg'
[1.131s] INFO:colcon.colcon_core.shell:Skip shell extension 'powershell' for command environment: Not usable outside of PowerShell
[1.132s] DEBUG:colcon.colcon_core.shell:Skip shell extension 'dsv' for command environment
[1.407s] DEBUG:colcon.colcon_core.event_handler.log_command:Invoking command in '/home/ssafy/SSAFY-Smart_Factory/ros2_ws/build/server_pkg': PYTHONPATH=/home/ssafy/SSAFY-Smart_Factory/ros2_ws/build/server_pkg/prefix_override:/usr/lib/python3/dist-packages/colcon_core/task/python/colcon_distutils_commands:/home/ssafy/SSAFY-Smart_Factory/ros2_ws/install/server_pkg/lib/python3.10/site-packages:${PYTHONPATH} /usr/bin/python3 -W ignore:setup.py install is deprecated -W ignore:easy_install command is deprecated setup.py develop --editable --build-directory /home/ssafy/SSAFY-Smart_Factory/ros2_ws/build/server_pkg/build --no-deps symlink_data
[1.417s] DEBUG:colcon.colcon_core.event_handler.log_command:Invoking command in '/home/ssafy/SSAFY-Smart_Factory/ros2_ws/build/dobot_pkg': PYTHONPATH=/home/ssafy/SSAFY-Smart_Factory/ros2_ws/build/dobot_pkg/prefix_override:/usr/lib/python3/dist-packages/colcon_core/task/python/colcon_distutils_commands:/home/ssafy/SSAFY-Smart_Factory/ros2_ws/install/dobot_pkg/lib/python3.10/site-packages:${PYTHONPATH} /usr/bin/python3 -W ignore:setup.py install is deprecated -W ignore:easy_install command is deprecated setup.py develop --editable --build-directory /home/ssafy/SSAFY-Smart_Factory/ros2_ws/build/dobot_pkg/build --no-deps symlink_data
[1.419s] DEBUG:colcon.colcon_core.event_handler.log_command:Invoking command in '/home/ssafy/SSAFY-Smart_Factory/ros2_ws/build/vision_pkg': PYTHONPATH=/home/ssafy/SSAFY-Smart_Factory/ros2_ws/build/vision_pkg/prefix_override:/usr/lib/python3/dist-packages/colcon_core/task/python/colcon_distutils_commands:/home/ssafy/SSAFY-Smart_Factory/ros2_ws/install/vision_pkg/lib/python3.10/site-packages:${PYTHONPATH} /usr/bin/python3 -W ignore:setup.py install is deprecated -W ignore:easy_install command is deprecated setup.py develop --editable --build-directory /home/ssafy/SSAFY-Smart_Factory/ros2_ws/build/vision_pkg/build --no-deps symlink_data
[1.421s] DEBUG:colcon.colcon_core.event_handler.log_command:Invoking command in '/home/ssafy/SSAFY-Smart_Factory/ros2_ws/build/yolo_pkg': PYTHONPATH=/home/ssafy/SSAFY-Smart_Factory/ros2_ws/build/yolo_pkg/prefix_override:/usr/lib/python3/dist-packages/colcon_core/task/python/colcon_distutils_commands:/home/ssafy/SSAFY-Smart_Factory/ros2_ws/install/yolo_pkg/lib/python3.10/site-packages:${PYTHONPATH} /usr/bin/python3 -W ignore:setup.py install is deprecated -W ignore:easy_install command is deprecated setup.py develop --editable --build-directory /home/ssafy/SSAFY-Smart_Factory/ros2_ws/build/yolo_pkg/build --no-deps symlink_data
[1.766s] Level 1:colcon.colcon_core.shell:create_environment_hook('server_pkg', 'pythonpath_develop')
[1.767s] DEBUG:colcon.colcon_core.event_handler.log_command:Invoked command in '/home/ssafy/SSAFY-Smart_Factory/ros2_ws/build/server_pkg' returned '0': PYTHONPATH=/home/ssafy/SSAFY-Smart_Factory/ros2_ws/build/server_pkg/prefix_override:/usr/lib/python3/dist-packages/colcon_core/task/python/colcon_distutils_commands:/home/ssafy/SSAFY-Smart_Factory/ros2_ws/install/server_pkg/lib/python3.10/site-packages:${PYTHONPATH} /usr/bin/python3 -W ignore:setup.py install is deprecated -W ignore:easy_install command is deprecated setup.py develop --editable --build-directory /home/ssafy/SSAFY-Smart_Factory/ros2_ws/build/server_pkg/build --no-deps symlink_data
[1.767s] INFO:colcon.colcon_core.shell:Creating environment hook '/home/ssafy/SSAFY-Smart_Factory/ros2_ws/build/server_pkg/share/server_pkg/hook/pythonpath_develop.ps1'
[1.768s] INFO:colcon.colcon_core.shell:Creating environment descriptor '/home/ssafy/SSAFY-Smart_Factory/ros2_ws/build/server_pkg/share/server_pkg/hook/pythonpath_develop.dsv'
[1.768s] INFO:colcon.colcon_core.shell:Creating environment hook '/home/ssafy/SSAFY-Smart_Factory/ros2_ws/build/server_pkg/share/server_pkg/hook/pythonpath_develop.sh'
[1.770s] Level 1:colcon.colcon_core.environment:checking '/home/ssafy/SSAFY-Smart_Factory/ros2_ws/install/server_pkg' for CMake module files
[1.770s] Level 1:colcon.colcon_core.environment:checking '/home/ssafy/SSAFY-Smart_Factory/ros2_ws/install/server_pkg' for CMake config files
[1.771s] Level 1:colcon.colcon_core.environment:checking '/home/ssafy/SSAFY-Smart_Factory/ros2_ws/install/server_pkg/lib'
[1.771s] Level 1:colcon.colcon_core.environment:checking '/home/ssafy/SSAFY-Smart_Factory/ros2_ws/install/server_pkg/bin'
[1.771s] Level 1:colcon.colcon_core.environment:checking '/home/ssafy/SSAFY-Smart_Factory/ros2_ws/install/server_pkg/lib/pkgconfig/server_pkg.pc'
[1.771s] Level 1:colcon.colcon_core.environment:checking '/home/ssafy/SSAFY-Smart_Factory/ros2_ws/install/server_pkg/lib/python3.10/site-packages'
[1.771s] Level 1:colcon.colcon_core.shell:create_environment_hook('server_pkg', 'pythonpath')
[1.771s] INFO:colcon.colcon_core.shell:Creating environment hook '/home/ssafy/SSAFY-Smart_Factory/ros2_ws/install/server_pkg/share/server_pkg/hook/pythonpath.ps1'
[1.771s] INFO:colcon.colcon_core.shell:Creating environment descriptor '/home/ssafy/SSAFY-Smart_Factory/ros2_ws/install/server_pkg/share/server_pkg/hook/pythonpath.dsv'
[1.772s] INFO:colcon.colcon_core.shell:Creating environment hook '/home/ssafy/SSAFY-Smart_Factory/ros2_ws/install/server_pkg/share/server_pkg/hook/pythonpath.sh'
[1.772s] Level 1:colcon.colcon_core.environment:checking '/home/ssafy/SSAFY-Smart_Factory/ros2_ws/install/server_pkg/bin'
[1.772s] Level 1:colcon.colcon_core.environment:create_environment_scripts_only(server_pkg)
[1.772s] INFO:colcon.colcon_core.shell:Creating package script '/home/ssafy/SSAFY-Smart_Factory/ros2_ws/install/server_pkg/share/server_pkg/package.ps1'
[1.773s] INFO:colcon.colcon_core.shell:Creating package descriptor '/home/ssafy/SSAFY-Smart_Factory/ros2_ws/install/server_pkg/share/server_pkg/package.dsv'
[1.773s] INFO:colcon.colcon_core.shell:Creating package script '/home/ssafy/SSAFY-Smart_Factory/ros2_ws/install/server_pkg/share/server_pkg/package.sh'
[1.774s] INFO:colcon.colcon_core.shell:Creating package script '/home/ssafy/SSAFY-Smart_Factory/ros2_ws/install/server_pkg/share/server_pkg/package.bash'
[1.774s] INFO:colcon.colcon_core.shell:Creating package script '/home/ssafy/SSAFY-Smart_Factory/ros2_ws/install/server_pkg/share/server_pkg/package.zsh'
[1.774s] Level 1:colcon.colcon_core.environment:create_file_with_runtime_dependencies(/home/ssafy/SSAFY-Smart_Factory/ros2_ws/install/server_pkg/share/colcon-core/packages/server_pkg)
[1.776s] Level 1:colcon.colcon_core.shell:create_environment_hook('dobot_pkg', 'pythonpath_develop')
[1.776s] INFO:colcon.colcon_core.shell:Creating environment hook '/home/ssafy/SSAFY-Smart_Factory/ros2_ws/build/dobot_pkg/share/dobot_pkg/hook/pythonpath_develop.ps1'
[1.777s] DEBUG:colcon.colcon_core.event_handler.log_command:Invoked command in '/home/ssafy/SSAFY-Smart_Factory/ros2_ws/build/dobot_pkg' returned '0': PYTHONPATH=/home/ssafy/SSAFY-Smart_Factory/ros2_ws/build/dobot_pkg/prefix_override:/usr/lib/python3/dist-packages/colcon_core/task/python/colcon_distutils_commands:/home/ssafy/SSAFY-Smart_Factory/ros2_ws/install/dobot_pkg/lib/python3.10/site-packages:${PYTHONPATH} /usr/bin/python3 -W ignore:setup.py install is deprecated -W ignore:easy_install command is deprecated setup.py develop --editable --build-directory /home/ssafy/SSAFY-Smart_Factory/ros2_ws/build/dobot_pkg/build --no-deps symlink_data
[1.777s] INFO:colcon.colcon_core.shell:Creating environment descriptor '/home/ssafy/SSAFY-Smart_Factory/ros2_ws/build/dobot_pkg/share/dobot_pkg/hook/pythonpath_develop.dsv'
[1.778s] INFO:colcon.colcon_core.shell:Creating environment hook '/home/ssafy/SSAFY-Smart_Factory/ros2_ws/build/dobot_pkg/share/dobot_pkg/hook/pythonpath_develop.sh'
[1.778s] Level 1:colcon.colcon_core.environment:checking '/home/ssafy/SSAFY-Smart_Factory/ros2_ws/install/dobot_pkg' for CMake module files
[1.779s] Level 1:colcon.colcon_core.environment:checking '/home/ssafy/SSAFY-Smart_Factory/ros2_ws/install/dobot_pkg' for CMake config files
[1.779s] Level 1:colcon.colcon_core.environment:checking '/home/ssafy/SSAFY-Smart_Factory/ros2_ws/install/dobot_pkg/lib'
[1.780s] Level 1:colcon.colcon_core.environment:checking '/home/ssafy/SSAFY-Smart_Factory/ros2_ws/install/dobot_pkg/bin'
[1.780s] Level 1:colcon.colcon_core.environment:checking '/home/ssafy/SSAFY-Smart_Factory/ros2_ws/install/dobot_pkg/lib/pkgconfig/dobot_pkg.pc'
[1.780s] Level 1:colcon.colcon_core.environment:checking '/home/ssafy/SSAFY-Smart_Factory/ros2_ws/install/dobot_pkg/lib/python3.10/site-packages'
[1.780s] Level 1:colcon.colcon_core.shell:create_environment_hook('dobot_pkg', 'pythonpath')
[1.780s] INFO:colcon.colcon_core.shell:Creating environment hook '/home/ssafy/SSAFY-Smart_Factory/ros2_ws/install/dobot_pkg/share/dobot_pkg/hook/pythonpath.ps1'
[1.781s] INFO:colcon.colcon_core.shell:Creating environment descriptor '/home/ssafy/SSAFY-Smart_Factory/ros2_ws/install/dobot_pkg/share/dobot_pkg/hook/pythonpath.dsv'
[1.781s] INFO:colcon.colcon_core.shell:Creating environment hook '/home/ssafy/SSAFY-Smart_Factory/ros2_ws/install/dobot_pkg/share/dobot_pkg/hook/pythonpath.sh'
[1.782s] Level 1:colcon.colcon_core.environment:checking '/home/ssafy/SSAFY-Smart_Factory/ros2_ws/install/dobot_pkg/bin'
[1.782s] Level 1:colcon.colcon_core.environment:create_environment_scripts_only(dobot_pkg)
[1.782s] INFO:colcon.colcon_core.shell:Creating package script '/home/ssafy/SSAFY-Smart_Factory/ros2_ws/install/dobot_pkg/share/dobot_pkg/package.ps1'
[1.783s] INFO:colcon.colcon_core.shell:Creating package descriptor '/home/ssafy/SSAFY-Smart_Factory/ros2_ws/install/dobot_pkg/share/dobot_pkg/package.dsv'
[1.783s] INFO:colcon.colcon_core.shell:Creating package script '/home/ssafy/SSAFY-Smart_Factory/ros2_ws/install/dobot_pkg/share/dobot_pkg/package.sh'
[1.784s] INFO:colcon.colcon_core.shell:Creating package script '/home/ssafy/SSAFY-Smart_Factory/ros2_ws/install/dobot_pkg/share/dobot_pkg/package.bash'
[1.784s] INFO:colcon.colcon_core.shell:Creating package script '/home/ssafy/SSAFY-Smart_Factory/ros2_ws/install/dobot_pkg/share/dobot_pkg/package.zsh'
[1.785s] Level 1:colcon.colcon_core.environment:create_file_with_runtime_dependencies(/home/ssafy/SSAFY-Smart_Factory/ros2_ws/install/dobot_pkg/share/colcon-core/packages/dobot_pkg)
[1.785s] Level 1:colcon.colcon_core.shell:create_environment_hook('vision_pkg', 'pythonpath_develop')
[1.785s] INFO:colcon.colcon_core.shell:Creating environment hook '/home/ssafy/SSAFY-Smart_Factory/ros2_ws/build/vision_pkg/share/vision_pkg/hook/pythonpath_develop.ps1'
[1.786s] DEBUG:colcon.colcon_core.event_handler.log_command:Invoked command in '/home/ssafy/SSAFY-Smart_Factory/ros2_ws/build/vision_pkg' returned '0': PYTHONPATH=/home/ssafy/SSAFY-Smart_Factory/ros2_ws/build/vision_pkg/prefix_override:/usr/lib/python3/dist-packages/colcon_core/task/python/colcon_distutils_commands:/home/ssafy/SSAFY-Smart_Factory/ros2_ws/install/vision_pkg/lib/python3.10/site-packages:${PYTHONPATH} /usr/bin/python3 -W ignore:setup.py install is deprecated -W ignore:easy_install command is deprecated setup.py develop --editable --build-directory /home/ssafy/SSAFY-Smart_Factory/ros2_ws/build/vision_pkg/build --no-deps symlink_data
[1.786s] INFO:colcon.colcon_core.shell:Creating environment descriptor '/home/ssafy/SSAFY-Smart_Factory/ros2_ws/build/vision_pkg/share/vision_pkg/hook/pythonpath_develop.dsv'
[1.786s] INFO:colcon.colcon_core.shell:Creating environment hook '/home/ssafy/SSAFY-Smart_Factory/ros2_ws/build/vision_pkg/share/vision_pkg/hook/pythonpath_develop.sh'
[1.787s] Level 1:colcon.colcon_core.environment:checking '/home/ssafy/SSAFY-Smart_Factory/ros2_ws/install/vision_pkg' for CMake module files
[1.788s] Level 1:colcon.colcon_core.environment:checking '/home/ssafy/SSAFY-Smart_Factory/ros2_ws/install/vision_pkg' for CMake config files
[1.788s] Level 1:colcon.colcon_core.environment:checking '/home/ssafy/SSAFY-Smart_Factory/ros2_ws/install/vision_pkg/lib'
[1.788s] Level 1:colcon.colcon_core.environment:checking '/home/ssafy/SSAFY-Smart_Factory/ros2_ws/install/vision_pkg/bin'
[1.788s] Level 1:colcon.colcon_core.environment:checking '/home/ssafy/SSAFY-Smart_Factory/ros2_ws/install/vision_pkg/lib/pkgconfig/vision_pkg.pc'
[1.789s] Level 1:colcon.colcon_core.environment:checking '/home/ssafy/SSAFY-Smart_Factory/ros2_ws/install/vision_pkg/lib/python3.10/site-packages'
[1.789s] Level 1:colcon.colcon_core.shell:create_environment_hook('vision_pkg', 'pythonpath')
[1.789s] INFO:colcon.colcon_core.shell:Creating environment hook '/home/ssafy/SSAFY-Smart_Factory/ros2_ws/install/vision_pkg/share/vision_pkg/hook/pythonpath.ps1'
[1.789s] INFO:colcon.colcon_core.shell:Creating environment descriptor '/home/ssafy/SSAFY-Smart_Factory/ros2_ws/install/vision_pkg/share/vision_pkg/hook/pythonpath.dsv'
[1.790s] INFO:colcon.colcon_core.shell:Creating environment hook '/home/ssafy/SSAFY-Smart_Factory/ros2_ws/install/vision_pkg/share/vision_pkg/hook/pythonpath.sh'
[1.790s] Level 1:colcon.colcon_core.environment:checking '/home/ssafy/SSAFY-Smart_Factory/ros2_ws/install/vision_pkg/bin'
[1.790s] Level 1:colcon.colcon_core.environment:create_environment_scripts_only(vision_pkg)
[1.791s] INFO:colcon.colcon_core.shell:Creating package script '/home/ssafy/SSAFY-Smart_Factory/ros2_ws/install/vision_pkg/share/vision_pkg/package.ps1'
[1.791s] INFO:colcon.colcon_core.shell:Creating package descriptor '/home/ssafy/SSAFY-Smart_Factory/ros2_ws/install/vision_pkg/share/vision_pkg/package.dsv'
[1.791s] INFO:colcon.colcon_core.shell:Creating package script '/home/ssafy/SSAFY-Smart_Factory/ros2_ws/install/vision_pkg/share/vision_pkg/package.sh'
[1.792s] INFO:colcon.colcon_core.shell:Creating package script '/home/ssafy/SSAFY-Smart_Factory/ros2_ws/install/vision_pkg/share/vision_pkg/package.bash'
[1.792s] INFO:colcon.colcon_core.shell:Creating package script '/home/ssafy/SSAFY-Smart_Factory/ros2_ws/install/vision_pkg/share/vision_pkg/package.zsh'
[1.792s] Level 1:colcon.colcon_core.environment:create_file_with_runtime_dependencies(/home/ssafy/SSAFY-Smart_Factory/ros2_ws/install/vision_pkg/share/colcon-core/packages/vision_pkg)
[1.792s] Level 1:colcon.colcon_core.shell:create_environment_hook('yolo_pkg', 'pythonpath_develop')
[1.793s] INFO:colcon.colcon_core.shell:Creating environment hook '/home/ssafy/SSAFY-Smart_Factory/ros2_ws/build/yolo_pkg/share/yolo_pkg/hook/pythonpath_develop.ps1'
[1.793s] DEBUG:colcon.colcon_core.event_handler.log_command:Invoked command in '/home/ssafy/SSAFY-Smart_Factory/ros2_ws/build/yolo_pkg' returned '0': PYTHONPATH=/home/ssafy/SSAFY-Smart_Factory/ros2_ws/build/yolo_pkg/prefix_override:/usr/lib/python3/dist-packages/colcon_core/task/python/colcon_distutils_commands:/home/ssafy/SSAFY-Smart_Factory/ros2_ws/install/yolo_pkg/lib/python3.10/site-packages:${PYTHONPATH} /usr/bin/python3 -W ignore:setup.py install is deprecated -W ignore:easy_install command is deprecated setup.py develop --editable --build-directory /home/ssafy/SSAFY-Smart_Factory/ros2_ws/build/yolo_pkg/build --no-deps symlink_data
[1.793s] INFO:colcon.colcon_core.shell:Creating environment descriptor '/home/ssafy/SSAFY-Smart_Factory/ros2_ws/build/yolo_pkg/share/yolo_pkg/hook/pythonpath_develop.dsv'
[1.794s] INFO:colcon.colcon_core.shell:Creating environment hook '/home/ssafy/SSAFY-Smart_Factory/ros2_ws/build/yolo_pkg/share/yolo_pkg/hook/pythonpath_develop.sh'
[1.794s] Level 1:colcon.colcon_core.environment:checking '/home/ssafy/SSAFY-Smart_Factory/ros2_ws/install/yolo_pkg' for CMake module files
[1.794s] Level 1:colcon.colcon_core.environment:checking '/home/ssafy/SSAFY-Smart_Factory/ros2_ws/install/yolo_pkg' for CMake config files
[1.794s] Level 1:colcon.colcon_core.environment:checking '/home/ssafy/SSAFY-Smart_Factory/ros2_ws/install/yolo_pkg/lib'
[1.794s] Level 1:colcon.colcon_core.environment:checking '/home/ssafy/SSAFY-Smart_Factory/ros2_ws/install/yolo_pkg/bin'
[1.795s] Level 1:colcon.colcon_core.environment:checking '/home/ssafy/SSAFY-Smart_Factory/ros2_ws/install/yolo_pkg/lib/pkgconfig/yolo_pkg.pc'
[1.795s] Level 1:colcon.colcon_core.environment:checking '/home/ssafy/SSAFY-Smart_Factory/ros2_ws/install/yolo_pkg/lib/python3.10/site-packages'
[1.795s] Level 1:colcon.colcon_core.shell:create_environment_hook('yolo_pkg', 'pythonpath')
[1.795s] INFO:colcon.colcon_core.shell:Creating environment hook '/home/ssafy/SSAFY-Smart_Factory/ros2_ws/install/yolo_pkg/share/yolo_pkg/hook/pythonpath.ps1'
[1.795s] INFO:colcon.colcon_core.shell:Creating environment descriptor '/home/ssafy/SSAFY-Smart_Factory/ros2_ws/install/yolo_pkg/share/yolo_pkg/hook/pythonpath.dsv'
[1.795s] INFO:colcon.colcon_core.shell:Creating environment hook '/home/ssafy/SSAFY-Smart_Factory/ros2_ws/install/yolo_pkg/share/yolo_pkg/hook/pythonpath.sh'
[1.796s] Level 1:colcon.colcon_core.environment:checking '/home/ssafy/SSAFY-Smart_Factory/ros2_ws/install/yolo_pkg/bin'
[1.796s] Level 1:colcon.colcon_core.environment:create_environment_scripts_only(yolo_pkg)
[1.796s] INFO:colcon.colcon_core.shell:Creating package script '/home/ssafy/SSAFY-Smart_Factory/ros2_ws/install/yolo_pkg/share/yolo_pkg/package.ps1'
[1.796s] INFO:colcon.colcon_core.shell:Creating package descriptor '/home/ssafy/SSAFY-Smart_Factory/ros2_ws/install/yolo_pkg/share/yolo_pkg/package.dsv'
[1.797s] INFO:colcon.colcon_core.shell:Creating package script '/home/ssafy/SSAFY-Smart_Factory/ros2_ws/install/yolo_pkg/share/yolo_pkg/package.sh'
[1.797s] INFO:colcon.colcon_core.shell:Creating package script '/home/ssafy/SSAFY-Smart_Factory/ros2_ws/install/yolo_pkg/share/yolo_pkg/package.bash'
[1.797s] INFO:colcon.colcon_core.shell:Creating package script '/home/ssafy/SSAFY-Smart_Factory/ros2_ws/install/yolo_pkg/share/yolo_pkg/package.zsh'
[1.797s] Level 1:colcon.colcon_core.environment:create_file_with_runtime_dependencies(/home/ssafy/SSAFY-Smart_Factory/ros2_ws/install/yolo_pkg/share/colcon-core/packages/yolo_pkg)
[1.797s] DEBUG:colcon.colcon_parallel_executor.executor.parallel:closing loop
[1.798s] DEBUG:colcon.colcon_parallel_executor.executor.parallel:loop closed
[1.798s] DEBUG:colcon.colcon_parallel_executor.executor.parallel:run_until_complete finished with '0'
[1.798s] DEBUG:colcon.colcon_core.event_reactor:joining thread
[1.802s] INFO:colcon.colcon_core.plugin_system:Skipping extension 'colcon_notification.desktop_notification.terminal_notifier': Not used on non-Darwin systems
[1.802s] INFO:colcon.colcon_core.plugin_system:Skipping extension 'colcon_notification.desktop_notification.win32': Not used on non-Windows systems
[1.802s] INFO:colcon.colcon_notification.desktop_notification:Sending desktop notification using 'notify2'
[1.823s] DEBUG:colcon.colcon_core.event_reactor:joined thread
[1.823s] INFO:colcon.colcon_core.shell:Creating prefix script '/home/ssafy/SSAFY-Smart_Factory/ros2_ws/install/local_setup.ps1'
[1.824s] INFO:colcon.colcon_core.shell:Creating prefix util module '/home/ssafy/SSAFY-Smart_Factory/ros2_ws/install/_local_setup_util_ps1.py'
[1.825s] INFO:colcon.colcon_core.shell:Creating prefix chain script '/home/ssafy/SSAFY-Smart_Factory/ros2_ws/install/setup.ps1'
[1.827s] INFO:colcon.colcon_core.shell:Creating prefix script '/home/ssafy/SSAFY-Smart_Factory/ros2_ws/install/local_setup.sh'
[1.827s] INFO:colcon.colcon_core.shell:Creating prefix util module '/home/ssafy/SSAFY-Smart_Factory/ros2_ws/install/_local_setup_util_sh.py'
[1.828s] INFO:colcon.colcon_core.shell:Creating prefix chain script '/home/ssafy/SSAFY-Smart_Factory/ros2_ws/install/setup.sh'
[1.829s] INFO:colcon.colcon_core.shell:Creating prefix script '/home/ssafy/SSAFY-Smart_Factory/ros2_ws/install/local_setup.bash'
[1.830s] INFO:colcon.colcon_core.shell:Creating prefix chain script '/home/ssafy/SSAFY-Smart_Factory/ros2_ws/install/setup.bash'
[1.831s] INFO:colcon.colcon_core.shell:Creating prefix script '/home/ssafy/SSAFY-Smart_Factory/ros2_ws/install/local_setup.zsh'
[1.831s] INFO:colcon.colcon_core.shell:Creating prefix chain script '/home/ssafy/SSAFY-Smart_Factory/ros2_ws/install/setup.zsh'
