running develop
running egg_info
creating dobot_pkg.egg-info
writing dobot_pkg.egg-info/PKG-INFO
writing dependency_links to dobot_pkg.egg-info/dependency_links.txt
writing entry points to dobot_pkg.egg-info/entry_points.txt
writing requirements to dobot_pkg.egg-info/requires.txt
writing top-level names to dobot_pkg.egg-info/top_level.txt
writing manifest file 'dobot_pkg.egg-info/SOURCES.txt'
reading manifest file 'dobot_pkg.egg-info/SOURCES.txt'
writing manifest file 'dobot_pkg.egg-info/SOURCES.txt'
running build_ext
Creating /home/ssafy/SSAFY-Smart_Factory/ros2_ws/install/dobot_pkg/lib/python3.10/site-packages/dobot-pkg.egg-link (link to .)
Installing dobot_circle_move_node script to /home/ssafy/SSAFY-Smart_Factory/ros2_ws/install/dobot_pkg/lib/dobot_control
Installing dobot_homing_service_node script to /home/ssafy/SSAFY-Smart_Factory/ros2_ws/install/dobot_pkg/lib/dobot_control
Installing dobot_target_follower_node script to /home/ssafy/SSAFY-Smart_Factory/ros2_ws/install/dobot_pkg/lib/dobot_control
Installing pick_and_place_demo script to /home/ssafy/SSAFY-Smart_Factory/ros2_ws/install/dobot_pkg/lib/dobot_control

Installed /home/ssafy/SSAFY-Smart_Factory/ros2_ws/build/dobot_pkg
running symlink_data
creating /home/ssafy/SSAFY-Smart_Factory/ros2_ws/install/dobot_pkg/share/ament_index
creating /home/ssafy/SSAFY-Smart_Factory/ros2_ws/install/dobot_pkg/share/ament_index/resource_index
creating /home/ssafy/SSAFY-Smart_Factory/ros2_ws/install/dobot_pkg/share/ament_index/resource_index/packages
symbolically linking /home/ssafy/SSAFY-Smart_Factory/ros2_ws/build/dobot_pkg/resource/dobot_pkg -> /home/ssafy/SSAFY-Smart_Factory/ros2_ws/install/dobot_pkg/share/ament_index/resource_index/packages
symbolically linking /home/ssafy/SSAFY-Smart_Factory/ros2_ws/build/dobot_pkg/package.xml -> /home/ssafy/SSAFY-Smart_Factory/ros2_ws/install/dobot_pkg/share/dobot_pkg
creating /home/ssafy/SSAFY-Smart_Factory/ros2_ws/install/dobot_pkg/share/dobot_pkg/launch
symbolically linking /home/ssafy/SSAFY-Smart_Factory/ros2_ws/build/dobot_pkg/launch/dobot_control.launch.py -> /home/ssafy/SSAFY-Smart_Factory/ros2_ws/install/dobot_pkg/share/dobot_pkg/launch
