[1.364s] Invoking command in '/home/ssafy/Workspaces/pjt_ws/src/urdf_pkg': PYTHONPATH=/home/ssafy/Workspaces/pjt_ws/build/urdf_pkg/prefix_override:/usr/lib/python3/dist-packages/colcon_core/task/python/colcon_distutils_commands:/home/ssafy/Workspaces/pjt_ws/install/urdf_pkg/lib/python3.10/site-packages:${PYTHONPATH} /usr/bin/python3 -W ignore:setup.py install is deprecated -W ignore:easy_install command is deprecated setup.py egg_info --egg-base ../../build/urdf_pkg build --build-base /home/ssafy/Workspaces/pjt_ws/build/urdf_pkg/build install --record /home/ssafy/Workspaces/pjt_ws/build/urdf_pkg/install.log --single-version-externally-managed install_data
[1.554s] running egg_info
[1.555s] writing ../../build/urdf_pkg/urdf_pkg.egg-info/PKG-INFO
[1.555s] writing dependency_links to ../../build/urdf_pkg/urdf_pkg.egg-info/dependency_links.txt
[1.555s] writing entry points to ../../build/urdf_pkg/urdf_pkg.egg-info/entry_points.txt
[1.555s] writing requirements to ../../build/urdf_pkg/urdf_pkg.egg-info/requires.txt
[1.555s] writing top-level names to ../../build/urdf_pkg/urdf_pkg.egg-info/top_level.txt
[1.556s] reading manifest file '../../build/urdf_pkg/urdf_pkg.egg-info/SOURCES.txt'
[1.556s] writing manifest file '../../build/urdf_pkg/urdf_pkg.egg-info/SOURCES.txt'
[1.556s] running build
[1.556s] running build_py
[1.557s] running install
[1.557s] running install_lib
[1.557s] running install_data
[1.557s] running install_egg_info
[1.559s] removing '/home/ssafy/Workspaces/pjt_ws/install/urdf_pkg/lib/python3.10/site-packages/urdf_pkg-0.0.0-py3.10.egg-info' (and everything under it)
[1.559s] Copying ../../build/urdf_pkg/urdf_pkg.egg-info to /home/ssafy/Workspaces/pjt_ws/install/urdf_pkg/lib/python3.10/site-packages/urdf_pkg-0.0.0-py3.10.egg-info
[1.559s] running install_scripts
[1.574s] writing list of installed files to '/home/ssafy/Workspaces/pjt_ws/build/urdf_pkg/install.log'
[1.591s] Invoked command in '/home/ssafy/Workspaces/pjt_ws/src/urdf_pkg' returned '0': PYTHONPATH=/home/ssafy/Workspaces/pjt_ws/build/urdf_pkg/prefix_override:/usr/lib/python3/dist-packages/colcon_core/task/python/colcon_distutils_commands:/home/ssafy/Workspaces/pjt_ws/install/urdf_pkg/lib/python3.10/site-packages:${PYTHONPATH} /usr/bin/python3 -W ignore:setup.py install is deprecated -W ignore:easy_install command is deprecated setup.py egg_info --egg-base ../../build/urdf_pkg build --build-base /home/ssafy/Workspaces/pjt_ws/build/urdf_pkg/build install --record /home/ssafy/Workspaces/pjt_ws/build/urdf_pkg/install.log --single-version-externally-managed install_data
