running egg_info
writing ../../build/dobot_pkg/dobot_pkg.egg-info/PKG-INFO
writing dependency_links to ../../build/dobot_pkg/dobot_pkg.egg-info/dependency_links.txt
writing entry points to ../../build/dobot_pkg/dobot_pkg.egg-info/entry_points.txt
writing requirements to ../../build/dobot_pkg/dobot_pkg.egg-info/requires.txt
writing top-level names to ../../build/dobot_pkg/dobot_pkg.egg-info/top_level.txt
reading manifest file '../../build/dobot_pkg/dobot_pkg.egg-info/SOURCES.txt'
writing manifest file '../../build/dobot_pkg/dobot_pkg.egg-info/SOURCES.txt'
running build
running build_py
running install
running install_lib
running install_data
running install_egg_info
removing '/home/ssafy/Workspaces/pjt_ws/install/dobot_pkg/lib/python3.10/site-packages/dobot_pkg-0.0.0-py3.10.egg-info' (and everything under it)
Copying ../../build/dobot_pkg/dobot_pkg.egg-info to /home/ssafy/Workspaces/pjt_ws/install/dobot_pkg/lib/python3.10/site-packages/dobot_pkg-0.0.0-py3.10.egg-info
running install_scripts
Installing dobot_circle_move_node script to /home/ssafy/Workspaces/pjt_ws/install/dobot_pkg/lib/dobot_control
Installing dobot_homing_service_node script to /home/ssafy/Workspaces/pjt_ws/install/dobot_pkg/lib/dobot_control
Installing dobot_target_follower_node script to /home/ssafy/Workspaces/pjt_ws/install/dobot_pkg/lib/dobot_control
Installing pick_and_place_demo script to /home/ssafy/Workspaces/pjt_ws/install/dobot_pkg/lib/dobot_control
writing list of installed files to '/home/ssafy/Workspaces/pjt_ws/build/dobot_pkg/install.log'
