running egg_info
creating ../../build/pjt/pjt.egg-info
writing ../../build/pjt/pjt.egg-info/PKG-INFO
writing dependency_links to ../../build/pjt/pjt.egg-info/dependency_links.txt
writing entry points to ../../build/pjt/pjt.egg-info/entry_points.txt
writing requirements to ../../build/pjt/pjt.egg-info/requires.txt
writing top-level names to ../../build/pjt/pjt.egg-info/top_level.txt
writing manifest file '../../build/pjt/pjt.egg-info/SOURCES.txt'
reading manifest file '../../build/pjt/pjt.egg-info/SOURCES.txt'
writing manifest file '../../build/pjt/pjt.egg-info/SOURCES.txt'
running build
running build_py
creating /home/ssafy/Workspaces/pjt_ws/build/pjt/build
creating /home/ssafy/Workspaces/pjt_ws/build/pjt/build/lib
creating /home/ssafy/Workspaces/pjt_ws/build/pjt/build/lib/pjt
copying pjt/pjt_run.py -> /home/ssafy/Workspaces/pjt_ws/build/pjt/build/lib/pjt
copying pjt/rs_camera.py -> /home/ssafy/Workspaces/pjt_ws/build/pjt/build/lib/pjt
copying pjt/__init__.py -> /home/ssafy/Workspaces/pjt_ws/build/pjt/build/lib/pjt
running install
running install_lib
creating /home/ssafy/Workspaces/pjt_ws/install/pjt/lib/python3.10/site-packages/pjt
copying /home/ssafy/Workspaces/pjt_ws/build/pjt/build/lib/pjt/pjt_run.py -> /home/ssafy/Workspaces/pjt_ws/install/pjt/lib/python3.10/site-packages/pjt
copying /home/ssafy/Workspaces/pjt_ws/build/pjt/build/lib/pjt/rs_camera.py -> /home/ssafy/Workspaces/pjt_ws/install/pjt/lib/python3.10/site-packages/pjt
copying /home/ssafy/Workspaces/pjt_ws/build/pjt/build/lib/pjt/__init__.py -> /home/ssafy/Workspaces/pjt_ws/install/pjt/lib/python3.10/site-packages/pjt
byte-compiling /home/ssafy/Workspaces/pjt_ws/install/pjt/lib/python3.10/site-packages/pjt/pjt_run.py to pjt_run.cpython-310.pyc
byte-compiling /home/ssafy/Workspaces/pjt_ws/install/pjt/lib/python3.10/site-packages/pjt/rs_camera.py to rs_camera.cpython-310.pyc
byte-compiling /home/ssafy/Workspaces/pjt_ws/install/pjt/lib/python3.10/site-packages/pjt/__init__.py to __init__.cpython-310.pyc
running install_data
creating /home/ssafy/Workspaces/pjt_ws/install/pjt/share/ament_index
creating /home/ssafy/Workspaces/pjt_ws/install/pjt/share/ament_index/resource_index
creating /home/ssafy/Workspaces/pjt_ws/install/pjt/share/ament_index/resource_index/packages
copying resource/pjt -> /home/ssafy/Workspaces/pjt_ws/install/pjt/share/ament_index/resource_index/packages
copying package.xml -> /home/ssafy/Workspaces/pjt_ws/install/pjt/share/pjt
creating /home/ssafy/Workspaces/pjt_ws/install/pjt/share/pjt/launch
copying launch/pjt_run.launch.py -> /home/ssafy/Workspaces/pjt_ws/install/pjt/share/pjt/launch
running install_egg_info
Copying ../../build/pjt/pjt.egg-info to /home/ssafy/Workspaces/pjt_ws/install/pjt/lib/python3.10/site-packages/pjt-0.0.0-py3.10.egg-info
running install_scripts
Installing pjt_run_node script to /home/ssafy/Workspaces/pjt_ws/install/pjt/lib/pjt
writing list of installed files to '/home/ssafy/Workspaces/pjt_ws/build/pjt/install.log'
