[1.318s] Invoking command in '/home/ssafy/Workspaces/pjt_ws/src/pjt': PYTHONPATH=/home/ssafy/Workspaces/pjt_ws/build/pjt/prefix_override:/usr/lib/python3/dist-packages/colcon_core/task/python/colcon_distutils_commands:/home/ssafy/Workspaces/pjt_ws/install/pjt/lib/python3.10/site-packages:${PYTHONPATH} /usr/bin/python3 -W ignore:setup.py install is deprecated -W ignore:easy_install command is deprecated setup.py egg_info --egg-base ../../build/pjt build --build-base /home/ssafy/Workspaces/pjt_ws/build/pjt/build install --record /home/ssafy/Workspaces/pjt_ws/build/pjt/install.log --single-version-externally-managed install_data
[1.511s] running egg_info
[1.511s] creating ../../build/pjt/pjt.egg-info
[1.512s] writing ../../build/pjt/pjt.egg-info/PKG-INFO
[1.512s] writing dependency_links to ../../build/pjt/pjt.egg-info/dependency_links.txt
[1.512s] writing entry points to ../../build/pjt/pjt.egg-info/entry_points.txt
[1.512s] writing requirements to ../../build/pjt/pjt.egg-info/requires.txt
[1.512s] writing top-level names to ../../build/pjt/pjt.egg-info/top_level.txt
[1.512s] writing manifest file '../../build/pjt/pjt.egg-info/SOURCES.txt'
[1.512s] reading manifest file '../../build/pjt/pjt.egg-info/SOURCES.txt'
[1.513s] writing manifest file '../../build/pjt/pjt.egg-info/SOURCES.txt'
[1.514s] running build
[1.514s] running build_py
[1.514s] creating /home/ssafy/Workspaces/pjt_ws/build/pjt/build
[1.514s] creating /home/ssafy/Workspaces/pjt_ws/build/pjt/build/lib
[1.514s] creating /home/ssafy/Workspaces/pjt_ws/build/pjt/build/lib/pjt
[1.514s] copying pjt/pjt_run.py -> /home/ssafy/Workspaces/pjt_ws/build/pjt/build/lib/pjt
[1.514s] copying pjt/rs_camera.py -> /home/ssafy/Workspaces/pjt_ws/build/pjt/build/lib/pjt
[1.514s] copying pjt/__init__.py -> /home/ssafy/Workspaces/pjt_ws/build/pjt/build/lib/pjt
[1.514s] running install
[1.514s] running install_lib
[1.515s] creating /home/ssafy/Workspaces/pjt_ws/install/pjt/lib/python3.10/site-packages/pjt
[1.515s] copying /home/ssafy/Workspaces/pjt_ws/build/pjt/build/lib/pjt/pjt_run.py -> /home/ssafy/Workspaces/pjt_ws/install/pjt/lib/python3.10/site-packages/pjt
[1.515s] copying /home/ssafy/Workspaces/pjt_ws/build/pjt/build/lib/pjt/rs_camera.py -> /home/ssafy/Workspaces/pjt_ws/install/pjt/lib/python3.10/site-packages/pjt
[1.516s] copying /home/ssafy/Workspaces/pjt_ws/build/pjt/build/lib/pjt/__init__.py -> /home/ssafy/Workspaces/pjt_ws/install/pjt/lib/python3.10/site-packages/pjt
[1.516s] byte-compiling /home/ssafy/Workspaces/pjt_ws/install/pjt/lib/python3.10/site-packages/pjt/pjt_run.py to pjt_run.cpython-310.pyc
[1.516s] byte-compiling /home/ssafy/Workspaces/pjt_ws/install/pjt/lib/python3.10/site-packages/pjt/rs_camera.py to rs_camera.cpython-310.pyc
[1.516s] byte-compiling /home/ssafy/Workspaces/pjt_ws/install/pjt/lib/python3.10/site-packages/pjt/__init__.py to __init__.cpython-310.pyc
[1.516s] running install_data
[1.516s] creating /home/ssafy/Workspaces/pjt_ws/install/pjt/share/ament_index
[1.516s] creating /home/ssafy/Workspaces/pjt_ws/install/pjt/share/ament_index/resource_index
[1.516s] creating /home/ssafy/Workspaces/pjt_ws/install/pjt/share/ament_index/resource_index/packages
[1.516s] copying resource/pjt -> /home/ssafy/Workspaces/pjt_ws/install/pjt/share/ament_index/resource_index/packages
[1.516s] copying package.xml -> /home/ssafy/Workspaces/pjt_ws/install/pjt/share/pjt
[1.516s] creating /home/ssafy/Workspaces/pjt_ws/install/pjt/share/pjt/launch
[1.516s] copying launch/pjt_run.launch.py -> /home/ssafy/Workspaces/pjt_ws/install/pjt/share/pjt/launch
[1.516s] running install_egg_info
[1.517s] Copying ../../build/pjt/pjt.egg-info to /home/ssafy/Workspaces/pjt_ws/install/pjt/lib/python3.10/site-packages/pjt-0.0.0-py3.10.egg-info
[1.517s] running install_scripts
[1.533s] Installing pjt_run_node script to /home/ssafy/Workspaces/pjt_ws/install/pjt/lib/pjt
[1.533s] writing list of installed files to '/home/ssafy/Workspaces/pjt_ws/build/pjt/install.log'
[1.563s] Invoked command in '/home/ssafy/Workspaces/pjt_ws/src/pjt' returned '0': PYTHONPATH=/home/ssafy/Workspaces/pjt_ws/build/pjt/prefix_override:/usr/lib/python3/dist-packages/colcon_core/task/python/colcon_distutils_commands:/home/ssafy/Workspaces/pjt_ws/install/pjt/lib/python3.10/site-packages:${PYTHONPATH} /usr/bin/python3 -W ignore:setup.py install is deprecated -W ignore:easy_install command is deprecated setup.py egg_info --egg-base ../../build/pjt build --build-base /home/ssafy/Workspaces/pjt_ws/build/pjt/build install --record /home/ssafy/Workspaces/pjt_ws/build/pjt/install.log --single-version-externally-managed install_data
