[1.376s] Invoking command in '/home/ssafy/Workspaces/pjt_ws/src/rs_pkg': PYTHONPATH=/home/ssafy/Workspaces/pjt_ws/build/rs_pkg/prefix_override:/usr/lib/python3/dist-packages/colcon_core/task/python/colcon_distutils_commands:/home/ssafy/Workspaces/pjt_ws/install/rs_pkg/lib/python3.10/site-packages:${PYTHONPATH} /usr/bin/python3 -W ignore:setup.py install is deprecated -W ignore:easy_install command is deprecated setup.py egg_info --egg-base ../../build/rs_pkg build --build-base /home/ssafy/Workspaces/pjt_ws/build/rs_pkg/build install --record /home/ssafy/Workspaces/pjt_ws/build/rs_pkg/install.log --single-version-externally-managed install_data
[1.574s] running egg_info
[1.574s] writing ../../build/rs_pkg/rs_pkg.egg-info/PKG-INFO
[1.574s] writing dependency_links to ../../build/rs_pkg/rs_pkg.egg-info/dependency_links.txt
[1.575s] writing entry points to ../../build/rs_pkg/rs_pkg.egg-info/entry_points.txt
[1.575s] writing requirements to ../../build/rs_pkg/rs_pkg.egg-info/requires.txt
[1.575s] writing top-level names to ../../build/rs_pkg/rs_pkg.egg-info/top_level.txt
[1.575s] reading manifest file '../../build/rs_pkg/rs_pkg.egg-info/SOURCES.txt'
[1.576s] writing manifest file '../../build/rs_pkg/rs_pkg.egg-info/SOURCES.txt'
[1.576s] running build
[1.576s] running build_py
[1.577s] running install
[1.577s] running install_lib
[1.577s] running install_data
[1.577s] running install_egg_info
[1.578s] removing '/home/ssafy/Workspaces/pjt_ws/install/rs_pkg/lib/python3.10/site-packages/rs_pkg-0.0.0-py3.10.egg-info' (and everything under it)
[1.579s] Copying ../../build/rs_pkg/rs_pkg.egg-info to /home/ssafy/Workspaces/pjt_ws/install/rs_pkg/lib/python3.10/site-packages/rs_pkg-0.0.0-py3.10.egg-info
[1.579s] running install_scripts
[1.594s] Installing rs_workspace_node script to /home/ssafy/Workspaces/pjt_ws/install/rs_pkg/lib/rs_pkg
[1.594s] writing list of installed files to '/home/ssafy/Workspaces/pjt_ws/build/rs_pkg/install.log'
[1.620s] Invoked command in '/home/ssafy/Workspaces/pjt_ws/src/rs_pkg' returned '0': PYTHONPATH=/home/ssafy/Workspaces/pjt_ws/build/rs_pkg/prefix_override:/usr/lib/python3/dist-packages/colcon_core/task/python/colcon_distutils_commands:/home/ssafy/Workspaces/pjt_ws/install/rs_pkg/lib/python3.10/site-packages:${PYTHONPATH} /usr/bin/python3 -W ignore:setup.py install is deprecated -W ignore:easy_install command is deprecated setup.py egg_info --egg-base ../../build/rs_pkg build --build-base /home/ssafy/Workspaces/pjt_ws/build/rs_pkg/build install --record /home/ssafy/Workspaces/pjt_ws/build/rs_pkg/install.log --single-version-externally-managed install_data
