[0.079s] DEBUG:colcon:Command line arguments: ['/usr/bin/colcon', 'build']
[0.079s] DEBUG:colcon:Parsed command line arguments: Namespace(log_base=None, log_level=None, verb_name='build', build_base='build', install_base='install', merge_install=False, symlink_install=False, test_result_base=None, continue_on_error=False, executor='parallel', parallel_workers=20, event_handlers=None, ignore_user_meta=False, metas=['./colcon.meta'], base_paths=['.'], packages_ignore=None, packages_ignore_regex=None, paths=None, packages_up_to=None, packages_up_to_regex=None, packages_above=None, packages_above_and_dependencies=None, packages_above_depth=None, packages_select_by_dep=None, packages_skip_by_dep=None, packages_skip_up_to=None, packages_select_build_failed=False, packages_skip_build_finished=False, packages_select_test_failures=False, packages_skip_test_passed=False, packages_select=None, packages_skip=None, packages_select_regex=None, packages_skip_regex=None, packages_start=None, packages_end=None, allow_overriding=[], cmake_args=None, cmake_target=None, cmake_target_skip_unavailable=False, cmake_clean_cache=False, cmake_clean_first=False, cmake_force_configure=False, ament_cmake_args=None, catkin_cmake_args=None, catkin_skip_building_tests=False, mixin_files=None, mixin=None, verb_parser=<colcon_mixin.mixin.mixin_argument.MixinArgumentDecorator object at 0x754677cae3b0>, verb_extension=<colcon_core.verb.build.BuildVerb object at 0x754677dbf250>, main=<bound method BuildVerb.main of <colcon_core.verb.build.BuildVerb object at 0x754677dbf250>>, mixin_verb=('build',))
[0.210s] Level 1:colcon.colcon_core.package_discovery:discover_packages(colcon_meta) check parameters
[0.210s] Level 1:colcon.colcon_core.package_discovery:discover_packages(recursive) check parameters
[0.210s] Level 1:colcon.colcon_core.package_discovery:discover_packages(ignore) check parameters
[0.210s] Level 1:colcon.colcon_core.package_discovery:discover_packages(path) check parameters
[0.210s] Level 1:colcon.colcon_core.package_discovery:discover_packages(colcon_meta) discover
[0.210s] Level 1:colcon.colcon_core.package_discovery:discover_packages(recursive) discover
[0.210s] INFO:colcon.colcon_core.package_discovery:Crawling recursively for packages in '/home/ssafy/Workspaces/pjt_ws'
[0.211s] Level 1:colcon.colcon_core.package_identification:_identify(.) by extensions ['ignore', 'ignore_ament_install']
[0.211s] Level 1:colcon.colcon_core.package_identification:_identify(.) by extension 'ignore'
[0.211s] Level 1:colcon.colcon_core.package_identification:_identify(.) by extension 'ignore_ament_install'
[0.211s] Level 1:colcon.colcon_core.package_identification:_identify(.) by extensions ['colcon_pkg']
[0.211s] Level 1:colcon.colcon_core.package_identification:_identify(.) by extension 'colcon_pkg'
[0.211s] Level 1:colcon.colcon_core.package_identification:_identify(.) by extensions ['colcon_meta']
[0.211s] Level 1:colcon.colcon_core.package_identification:_identify(.) by extension 'colcon_meta'
[0.211s] Level 1:colcon.colcon_core.package_identification:_identify(.) by extensions ['ros']
[0.211s] Level 1:colcon.colcon_core.package_identification:_identify(.) by extension 'ros'
[0.218s] Level 1:colcon.colcon_core.package_identification:_identify(.) by extensions ['cmake', 'python']
[0.218s] Level 1:colcon.colcon_core.package_identification:_identify(.) by extension 'cmake'
[0.218s] Level 1:colcon.colcon_core.package_identification:_identify(.) by extension 'python'
[0.218s] Level 1:colcon.colcon_core.package_identification:_identify(.) by extensions ['python_setup_py']
[0.218s] Level 1:colcon.colcon_core.package_identification:_identify(.) by extension 'python_setup_py'
[0.218s] Level 1:colcon.colcon_core.package_identification:_identify(build) by extensions ['ignore', 'ignore_ament_install']
[0.218s] Level 1:colcon.colcon_core.package_identification:_identify(build) by extension 'ignore'
[0.218s] Level 1:colcon.colcon_core.package_identification:_identify(build) ignored
[0.218s] Level 1:colcon.colcon_core.package_identification:_identify(install) by extensions ['ignore', 'ignore_ament_install']
[0.218s] Level 1:colcon.colcon_core.package_identification:_identify(install) by extension 'ignore'
[0.218s] Level 1:colcon.colcon_core.package_identification:_identify(install) ignored
[0.218s] Level 1:colcon.colcon_core.package_identification:_identify(log) by extensions ['ignore', 'ignore_ament_install']
[0.218s] Level 1:colcon.colcon_core.package_identification:_identify(log) by extension 'ignore'
[0.218s] Level 1:colcon.colcon_core.package_identification:_identify(log) ignored
[0.219s] Level 1:colcon.colcon_core.package_identification:_identify(src) by extensions ['ignore', 'ignore_ament_install']
[0.219s] Level 1:colcon.colcon_core.package_identification:_identify(src) by extension 'ignore'
[0.219s] Level 1:colcon.colcon_core.package_identification:_identify(src) by extension 'ignore_ament_install'
[0.219s] Level 1:colcon.colcon_core.package_identification:_identify(src) by extensions ['colcon_pkg']
[0.219s] Level 1:colcon.colcon_core.package_identification:_identify(src) by extension 'colcon_pkg'
[0.219s] Level 1:colcon.colcon_core.package_identification:_identify(src) by extensions ['colcon_meta']
[0.219s] Level 1:colcon.colcon_core.package_identification:_identify(src) by extension 'colcon_meta'
[0.219s] Level 1:colcon.colcon_core.package_identification:_identify(src) by extensions ['ros']
[0.219s] Level 1:colcon.colcon_core.package_identification:_identify(src) by extension 'ros'
[0.219s] Level 1:colcon.colcon_core.package_identification:_identify(src) by extensions ['cmake', 'python']
[0.219s] Level 1:colcon.colcon_core.package_identification:_identify(src) by extension 'cmake'
[0.219s] Level 1:colcon.colcon_core.package_identification:_identify(src) by extension 'python'
[0.219s] Level 1:colcon.colcon_core.package_identification:_identify(src) by extensions ['python_setup_py']
[0.219s] Level 1:colcon.colcon_core.package_identification:_identify(src) by extension 'python_setup_py'
[0.219s] Level 1:colcon.colcon_core.package_identification:_identify(src/dobot_pkg) by extensions ['ignore', 'ignore_ament_install']
[0.219s] Level 1:colcon.colcon_core.package_identification:_identify(src/dobot_pkg) by extension 'ignore'
[0.219s] Level 1:colcon.colcon_core.package_identification:_identify(src/dobot_pkg) by extension 'ignore_ament_install'
[0.219s] Level 1:colcon.colcon_core.package_identification:_identify(src/dobot_pkg) by extensions ['colcon_pkg']
[0.219s] Level 1:colcon.colcon_core.package_identification:_identify(src/dobot_pkg) by extension 'colcon_pkg'
[0.219s] Level 1:colcon.colcon_core.package_identification:_identify(src/dobot_pkg) by extensions ['colcon_meta']
[0.219s] Level 1:colcon.colcon_core.package_identification:_identify(src/dobot_pkg) by extension 'colcon_meta'
[0.219s] Level 1:colcon.colcon_core.package_identification:_identify(src/dobot_pkg) by extensions ['ros']
[0.219s] Level 1:colcon.colcon_core.package_identification:_identify(src/dobot_pkg) by extension 'ros'
[0.221s] DEBUG:colcon.colcon_core.package_identification:Package 'src/dobot_pkg' with type 'ros.ament_python' and name 'dobot_pkg'
[0.221s] Level 1:colcon.colcon_core.package_identification:_identify(src/pjt) by extensions ['ignore', 'ignore_ament_install']
[0.221s] Level 1:colcon.colcon_core.package_identification:_identify(src/pjt) by extension 'ignore'
[0.221s] Level 1:colcon.colcon_core.package_identification:_identify(src/pjt) by extension 'ignore_ament_install'
[0.221s] Level 1:colcon.colcon_core.package_identification:_identify(src/pjt) by extensions ['colcon_pkg']
[0.221s] Level 1:colcon.colcon_core.package_identification:_identify(src/pjt) by extension 'colcon_pkg'
[0.221s] Level 1:colcon.colcon_core.package_identification:_identify(src/pjt) by extensions ['colcon_meta']
[0.221s] Level 1:colcon.colcon_core.package_identification:_identify(src/pjt) by extension 'colcon_meta'
[0.221s] Level 1:colcon.colcon_core.package_identification:_identify(src/pjt) by extensions ['ros']
[0.221s] Level 1:colcon.colcon_core.package_identification:_identify(src/pjt) by extension 'ros'
[0.221s] DEBUG:colcon.colcon_core.package_identification:Package 'src/pjt' with type 'ros.ament_python' and name 'pjt'
[0.221s] Level 1:colcon.colcon_core.package_identification:_identify(src/rpi_pkg) by extensions ['ignore', 'ignore_ament_install']
[0.221s] Level 1:colcon.colcon_core.package_identification:_identify(src/rpi_pkg) by extension 'ignore'
[0.221s] Level 1:colcon.colcon_core.package_identification:_identify(src/rpi_pkg) by extension 'ignore_ament_install'
[0.221s] Level 1:colcon.colcon_core.package_identification:_identify(src/rpi_pkg) by extensions ['colcon_pkg']
[0.221s] Level 1:colcon.colcon_core.package_identification:_identify(src/rpi_pkg) by extension 'colcon_pkg'
[0.222s] Level 1:colcon.colcon_core.package_identification:_identify(src/rpi_pkg) by extensions ['colcon_meta']
[0.222s] Level 1:colcon.colcon_core.package_identification:_identify(src/rpi_pkg) by extension 'colcon_meta'
[0.222s] Level 1:colcon.colcon_core.package_identification:_identify(src/rpi_pkg) by extensions ['ros']
[0.222s] Level 1:colcon.colcon_core.package_identification:_identify(src/rpi_pkg) by extension 'ros'
[0.222s] DEBUG:colcon.colcon_core.package_identification:Package 'src/rpi_pkg' with type 'ros.ament_python' and name 'rpi_pkg'
[0.222s] Level 1:colcon.colcon_core.package_identification:_identify(src/rs_pkg) by extensions ['ignore', 'ignore_ament_install']
[0.222s] Level 1:colcon.colcon_core.package_identification:_identify(src/rs_pkg) by extension 'ignore'
[0.222s] Level 1:colcon.colcon_core.package_identification:_identify(src/rs_pkg) by extension 'ignore_ament_install'
[0.222s] Level 1:colcon.colcon_core.package_identification:_identify(src/rs_pkg) by extensions ['colcon_pkg']
[0.222s] Level 1:colcon.colcon_core.package_identification:_identify(src/rs_pkg) by extension 'colcon_pkg'
[0.222s] Level 1:colcon.colcon_core.package_identification:_identify(src/rs_pkg) by extensions ['colcon_meta']
[0.222s] Level 1:colcon.colcon_core.package_identification:_identify(src/rs_pkg) by extension 'colcon_meta'
[0.222s] Level 1:colcon.colcon_core.package_identification:_identify(src/rs_pkg) by extensions ['ros']
[0.222s] Level 1:colcon.colcon_core.package_identification:_identify(src/rs_pkg) by extension 'ros'
[0.222s] DEBUG:colcon.colcon_core.package_identification:Package 'src/rs_pkg' with type 'ros.ament_python' and name 'rs_pkg'
[0.223s] Level 1:colcon.colcon_core.package_identification:_identify(src/urdf_pkg) by extensions ['ignore', 'ignore_ament_install']
[0.223s] Level 1:colcon.colcon_core.package_identification:_identify(src/urdf_pkg) by extension 'ignore'
[0.223s] Level 1:colcon.colcon_core.package_identification:_identify(src/urdf_pkg) by extension 'ignore_ament_install'
[0.223s] Level 1:colcon.colcon_core.package_identification:_identify(src/urdf_pkg) by extensions ['colcon_pkg']
[0.223s] Level 1:colcon.colcon_core.package_identification:_identify(src/urdf_pkg) by extension 'colcon_pkg'
[0.223s] Level 1:colcon.colcon_core.package_identification:_identify(src/urdf_pkg) by extensions ['colcon_meta']
[0.223s] Level 1:colcon.colcon_core.package_identification:_identify(src/urdf_pkg) by extension 'colcon_meta'
[0.223s] Level 1:colcon.colcon_core.package_identification:_identify(src/urdf_pkg) by extensions ['ros']
[0.223s] Level 1:colcon.colcon_core.package_identification:_identify(src/urdf_pkg) by extension 'ros'
[0.223s] DEBUG:colcon.colcon_core.package_identification:Package 'src/urdf_pkg' with type 'ros.ament_python' and name 'urdf_pkg'
[0.223s] Level 1:colcon.colcon_core.package_discovery:discover_packages(recursive) using defaults
[0.223s] Level 1:colcon.colcon_core.package_discovery:discover_packages(ignore) discover
[0.223s] Level 1:colcon.colcon_core.package_discovery:discover_packages(ignore) using defaults
[0.223s] Level 1:colcon.colcon_core.package_discovery:discover_packages(path) discover
[0.223s] Level 1:colcon.colcon_core.package_discovery:discover_packages(path) using defaults
[0.239s] Level 1:colcon.colcon_core.package_discovery:discover_packages(prefix_path) check parameters
[0.239s] Level 1:colcon.colcon_core.package_discovery:discover_packages(prefix_path) discover
[0.239s] WARNING:colcon.colcon_ros.prefix_path.ament:The path '/home/ssafy/Workspaces/pjt_ws/install/dobot_control' in the environment variable AMENT_PREFIX_PATH doesn't exist
[0.240s] DEBUG:colcon.colcon_installed_package_information.package_discovery:Found 5 installed packages in /home/ssafy/Workspaces/pjt_ws/install
[0.241s] DEBUG:colcon.colcon_installed_package_information.package_discovery:Found 15 installed packages in /home/ssafy/Workspaces/magician_ros2_control_system_ws/install
[0.242s] DEBUG:colcon.colcon_installed_package_information.package_discovery:Found 38 installed packages in /home/ssafy/Workspaces/ros2_ws/install
[0.243s] DEBUG:colcon.colcon_installed_package_information.package_discovery:Found 334 installed packages in /opt/ros/humble
[0.244s] Level 1:colcon.colcon_core.package_discovery:discover_packages(prefix_path) using defaults
[0.271s] Level 5:colcon.colcon_core.verb:set package 'dobot_pkg' build argument 'cmake_args' from command line to 'None'
[0.271s] Level 5:colcon.colcon_core.verb:set package 'dobot_pkg' build argument 'cmake_target' from command line to 'None'
[0.271s] Level 5:colcon.colcon_core.verb:set package 'dobot_pkg' build argument 'cmake_target_skip_unavailable' from command line to 'False'
[0.271s] Level 5:colcon.colcon_core.verb:set package 'dobot_pkg' build argument 'cmake_clean_cache' from command line to 'False'
[0.271s] Level 5:colcon.colcon_core.verb:set package 'dobot_pkg' build argument 'cmake_clean_first' from command line to 'False'
[0.271s] Level 5:colcon.colcon_core.verb:set package 'dobot_pkg' build argument 'cmake_force_configure' from command line to 'False'
[0.271s] Level 5:colcon.colcon_core.verb:set package 'dobot_pkg' build argument 'ament_cmake_args' from command line to 'None'
[0.271s] Level 5:colcon.colcon_core.verb:set package 'dobot_pkg' build argument 'catkin_cmake_args' from command line to 'None'
[0.271s] Level 5:colcon.colcon_core.verb:set package 'dobot_pkg' build argument 'catkin_skip_building_tests' from command line to 'False'
[0.271s] DEBUG:colcon.colcon_core.verb:Building package 'dobot_pkg' with the following arguments: {'ament_cmake_args': None, 'build_base': '/home/ssafy/Workspaces/pjt_ws/build/dobot_pkg', 'catkin_cmake_args': None, 'catkin_skip_building_tests': False, 'cmake_args': None, 'cmake_clean_cache': False, 'cmake_clean_first': False, 'cmake_force_configure': False, 'cmake_target': None, 'cmake_target_skip_unavailable': False, 'install_base': '/home/ssafy/Workspaces/pjt_ws/install/dobot_pkg', 'merge_install': False, 'path': '/home/ssafy/Workspaces/pjt_ws/src/dobot_pkg', 'symlink_install': False, 'test_result_base': None}
[0.272s] Level 5:colcon.colcon_core.verb:set package 'pjt' build argument 'cmake_args' from command line to 'None'
[0.272s] Level 5:colcon.colcon_core.verb:set package 'pjt' build argument 'cmake_target' from command line to 'None'
[0.272s] Level 5:colcon.colcon_core.verb:set package 'pjt' build argument 'cmake_target_skip_unavailable' from command line to 'False'
[0.272s] Level 5:colcon.colcon_core.verb:set package 'pjt' build argument 'cmake_clean_cache' from command line to 'False'
[0.272s] Level 5:colcon.colcon_core.verb:set package 'pjt' build argument 'cmake_clean_first' from command line to 'False'
[0.272s] Level 5:colcon.colcon_core.verb:set package 'pjt' build argument 'cmake_force_configure' from command line to 'False'
[0.272s] Level 5:colcon.colcon_core.verb:set package 'pjt' build argument 'ament_cmake_args' from command line to 'None'
[0.272s] Level 5:colcon.colcon_core.verb:set package 'pjt' build argument 'catkin_cmake_args' from command line to 'None'
[0.272s] Level 5:colcon.colcon_core.verb:set package 'pjt' build argument 'catkin_skip_building_tests' from command line to 'False'
[0.272s] DEBUG:colcon.colcon_core.verb:Building package 'pjt' with the following arguments: {'ament_cmake_args': None, 'build_base': '/home/ssafy/Workspaces/pjt_ws/build/pjt', 'catkin_cmake_args': None, 'catkin_skip_building_tests': False, 'cmake_args': None, 'cmake_clean_cache': False, 'cmake_clean_first': False, 'cmake_force_configure': False, 'cmake_target': None, 'cmake_target_skip_unavailable': False, 'install_base': '/home/ssafy/Workspaces/pjt_ws/install/pjt', 'merge_install': False, 'path': '/home/ssafy/Workspaces/pjt_ws/src/pjt', 'symlink_install': False, 'test_result_base': None}
[0.272s] Level 5:colcon.colcon_core.verb:set package 'rpi_pkg' build argument 'cmake_args' from command line to 'None'
[0.272s] Level 5:colcon.colcon_core.verb:set package 'rpi_pkg' build argument 'cmake_target' from command line to 'None'
[0.272s] Level 5:colcon.colcon_core.verb:set package 'rpi_pkg' build argument 'cmake_target_skip_unavailable' from command line to 'False'
[0.272s] Level 5:colcon.colcon_core.verb:set package 'rpi_pkg' build argument 'cmake_clean_cache' from command line to 'False'
[0.272s] Level 5:colcon.colcon_core.verb:set package 'rpi_pkg' build argument 'cmake_clean_first' from command line to 'False'
[0.272s] Level 5:colcon.colcon_core.verb:set package 'rpi_pkg' build argument 'cmake_force_configure' from command line to 'False'
[0.272s] Level 5:colcon.colcon_core.verb:set package 'rpi_pkg' build argument 'ament_cmake_args' from command line to 'None'
[0.272s] Level 5:colcon.colcon_core.verb:set package 'rpi_pkg' build argument 'catkin_cmake_args' from command line to 'None'
[0.272s] Level 5:colcon.colcon_core.verb:set package 'rpi_pkg' build argument 'catkin_skip_building_tests' from command line to 'False'
[0.272s] DEBUG:colcon.colcon_core.verb:Building package 'rpi_pkg' with the following arguments: {'ament_cmake_args': None, 'build_base': '/home/ssafy/Workspaces/pjt_ws/build/rpi_pkg', 'catkin_cmake_args': None, 'catkin_skip_building_tests': False, 'cmake_args': None, 'cmake_clean_cache': False, 'cmake_clean_first': False, 'cmake_force_configure': False, 'cmake_target': None, 'cmake_target_skip_unavailable': False, 'install_base': '/home/ssafy/Workspaces/pjt_ws/install/rpi_pkg', 'merge_install': False, 'path': '/home/ssafy/Workspaces/pjt_ws/src/rpi_pkg', 'symlink_install': False, 'test_result_base': None}
[0.272s] Level 5:colcon.colcon_core.verb:set package 'rs_pkg' build argument 'cmake_args' from command line to 'None'
[0.272s] Level 5:colcon.colcon_core.verb:set package 'rs_pkg' build argument 'cmake_target' from command line to 'None'
[0.272s] Level 5:colcon.colcon_core.verb:set package 'rs_pkg' build argument 'cmake_target_skip_unavailable' from command line to 'False'
[0.272s] Level 5:colcon.colcon_core.verb:set package 'rs_pkg' build argument 'cmake_clean_cache' from command line to 'False'
[0.272s] Level 5:colcon.colcon_core.verb:set package 'rs_pkg' build argument 'cmake_clean_first' from command line to 'False'
[0.272s] Level 5:colcon.colcon_core.verb:set package 'rs_pkg' build argument 'cmake_force_configure' from command line to 'False'
[0.272s] Level 5:colcon.colcon_core.verb:set package 'rs_pkg' build argument 'ament_cmake_args' from command line to 'None'
[0.272s] Level 5:colcon.colcon_core.verb:set package 'rs_pkg' build argument 'catkin_cmake_args' from command line to 'None'
[0.272s] Level 5:colcon.colcon_core.verb:set package 'rs_pkg' build argument 'catkin_skip_building_tests' from command line to 'False'
[0.272s] DEBUG:colcon.colcon_core.verb:Building package 'rs_pkg' with the following arguments: {'ament_cmake_args': None, 'build_base': '/home/ssafy/Workspaces/pjt_ws/build/rs_pkg', 'catkin_cmake_args': None, 'catkin_skip_building_tests': False, 'cmake_args': None, 'cmake_clean_cache': False, 'cmake_clean_first': False, 'cmake_force_configure': False, 'cmake_target': None, 'cmake_target_skip_unavailable': False, 'install_base': '/home/ssafy/Workspaces/pjt_ws/install/rs_pkg', 'merge_install': False, 'path': '/home/ssafy/Workspaces/pjt_ws/src/rs_pkg', 'symlink_install': False, 'test_result_base': None}
[0.273s] Level 5:colcon.colcon_core.verb:set package 'urdf_pkg' build argument 'cmake_args' from command line to 'None'
[0.273s] Level 5:colcon.colcon_core.verb:set package 'urdf_pkg' build argument 'cmake_target' from command line to 'None'
[0.273s] Level 5:colcon.colcon_core.verb:set package 'urdf_pkg' build argument 'cmake_target_skip_unavailable' from command line to 'False'
[0.273s] Level 5:colcon.colcon_core.verb:set package 'urdf_pkg' build argument 'cmake_clean_cache' from command line to 'False'
[0.273s] Level 5:colcon.colcon_core.verb:set package 'urdf_pkg' build argument 'cmake_clean_first' from command line to 'False'
[0.273s] Level 5:colcon.colcon_core.verb:set package 'urdf_pkg' build argument 'cmake_force_configure' from command line to 'False'
[0.273s] Level 5:colcon.colcon_core.verb:set package 'urdf_pkg' build argument 'ament_cmake_args' from command line to 'None'
[0.273s] Level 5:colcon.colcon_core.verb:set package 'urdf_pkg' build argument 'catkin_cmake_args' from command line to 'None'
[0.273s] Level 5:colcon.colcon_core.verb:set package 'urdf_pkg' build argument 'catkin_skip_building_tests' from command line to 'False'
[0.273s] DEBUG:colcon.colcon_core.verb:Building package 'urdf_pkg' with the following arguments: {'ament_cmake_args': None, 'build_base': '/home/ssafy/Workspaces/pjt_ws/build/urdf_pkg', 'catkin_cmake_args': None, 'catkin_skip_building_tests': False, 'cmake_args': None, 'cmake_clean_cache': False, 'cmake_clean_first': False, 'cmake_force_configure': False, 'cmake_target': None, 'cmake_target_skip_unavailable': False, 'install_base': '/home/ssafy/Workspaces/pjt_ws/install/urdf_pkg', 'merge_install': False, 'path': '/home/ssafy/Workspaces/pjt_ws/src/urdf_pkg', 'symlink_install': False, 'test_result_base': None}
[0.273s] INFO:colcon.colcon_core.executor:Executing jobs using 'parallel' executor
[0.274s] DEBUG:colcon.colcon_parallel_executor.executor.parallel:run_until_complete
[0.274s] INFO:colcon.colcon_ros.task.ament_python.build:Building ROS package in '/home/ssafy/Workspaces/pjt_ws/src/dobot_pkg' with build type 'ament_python'
[0.274s] Level 1:colcon.colcon_core.shell:create_environment_hook('dobot_pkg', 'ament_prefix_path')
[0.276s] INFO:colcon.colcon_core.plugin_system:Skipping extension 'colcon_core.shell.bat': Not used on non-Windows systems
[0.276s] INFO:colcon.colcon_core.shell:Creating environment hook '/home/ssafy/Workspaces/pjt_ws/install/dobot_pkg/share/dobot_pkg/hook/ament_prefix_path.ps1'
[0.276s] INFO:colcon.colcon_core.shell:Creating environment descriptor '/home/ssafy/Workspaces/pjt_ws/install/dobot_pkg/share/dobot_pkg/hook/ament_prefix_path.dsv'
[0.276s] INFO:colcon.colcon_core.shell:Creating environment hook '/home/ssafy/Workspaces/pjt_ws/install/dobot_pkg/share/dobot_pkg/hook/ament_prefix_path.sh'
[0.277s] INFO:colcon.colcon_core.shell:Skip shell extension 'powershell' for command environment: Not usable outside of PowerShell
[0.277s] DEBUG:colcon.colcon_core.shell:Skip shell extension 'dsv' for command environment
[0.281s] INFO:colcon.colcon_ros.task.ament_python.build:Building ROS package in '/home/ssafy/Workspaces/pjt_ws/src/pjt' with build type 'ament_python'
[0.281s] Level 1:colcon.colcon_core.shell:create_environment_hook('pjt', 'ament_prefix_path')
[0.281s] INFO:colcon.colcon_core.shell:Creating environment hook '/home/ssafy/Workspaces/pjt_ws/install/pjt/share/pjt/hook/ament_prefix_path.ps1'
[0.281s] INFO:colcon.colcon_core.shell:Creating environment descriptor '/home/ssafy/Workspaces/pjt_ws/install/pjt/share/pjt/hook/ament_prefix_path.dsv'
[0.281s] INFO:colcon.colcon_core.shell:Creating environment hook '/home/ssafy/Workspaces/pjt_ws/install/pjt/share/pjt/hook/ament_prefix_path.sh'
[0.282s] INFO:colcon.colcon_core.shell:Skip shell extension 'powershell' for command environment: Not usable outside of PowerShell
[0.282s] DEBUG:colcon.colcon_core.shell:Skip shell extension 'dsv' for command environment
[0.285s] INFO:colcon.colcon_ros.task.ament_python.build:Building ROS package in '/home/ssafy/Workspaces/pjt_ws/src/rpi_pkg' with build type 'ament_python'
[0.285s] Level 1:colcon.colcon_core.shell:create_environment_hook('rpi_pkg', 'ament_prefix_path')
[0.286s] INFO:colcon.colcon_core.shell:Creating environment hook '/home/ssafy/Workspaces/pjt_ws/install/rpi_pkg/share/rpi_pkg/hook/ament_prefix_path.ps1'
[0.286s] INFO:colcon.colcon_core.shell:Creating environment descriptor '/home/ssafy/Workspaces/pjt_ws/install/rpi_pkg/share/rpi_pkg/hook/ament_prefix_path.dsv'
[0.286s] INFO:colcon.colcon_core.shell:Creating environment hook '/home/ssafy/Workspaces/pjt_ws/install/rpi_pkg/share/rpi_pkg/hook/ament_prefix_path.sh'
[0.287s] INFO:colcon.colcon_core.shell:Skip shell extension 'powershell' for command environment: Not usable outside of PowerShell
[0.287s] DEBUG:colcon.colcon_core.shell:Skip shell extension 'dsv' for command environment
[0.290s] INFO:colcon.colcon_ros.task.ament_python.build:Building ROS package in '/home/ssafy/Workspaces/pjt_ws/src/rs_pkg' with build type 'ament_python'
[0.290s] Level 1:colcon.colcon_core.shell:create_environment_hook('rs_pkg', 'ament_prefix_path')
[0.291s] INFO:colcon.colcon_core.shell:Creating environment hook '/home/ssafy/Workspaces/pjt_ws/install/rs_pkg/share/rs_pkg/hook/ament_prefix_path.ps1'
[0.291s] INFO:colcon.colcon_core.shell:Creating environment descriptor '/home/ssafy/Workspaces/pjt_ws/install/rs_pkg/share/rs_pkg/hook/ament_prefix_path.dsv'
[0.291s] INFO:colcon.colcon_core.shell:Creating environment hook '/home/ssafy/Workspaces/pjt_ws/install/rs_pkg/share/rs_pkg/hook/ament_prefix_path.sh'
[0.292s] INFO:colcon.colcon_core.shell:Skip shell extension 'powershell' for command environment: Not usable outside of PowerShell
[0.292s] DEBUG:colcon.colcon_core.shell:Skip shell extension 'dsv' for command environment
[0.296s] INFO:colcon.colcon_ros.task.ament_python.build:Building ROS package in '/home/ssafy/Workspaces/pjt_ws/src/urdf_pkg' with build type 'ament_python'
[0.296s] Level 1:colcon.colcon_core.shell:create_environment_hook('urdf_pkg', 'ament_prefix_path')
[0.296s] INFO:colcon.colcon_core.shell:Creating environment hook '/home/ssafy/Workspaces/pjt_ws/install/urdf_pkg/share/urdf_pkg/hook/ament_prefix_path.ps1'
[0.296s] INFO:colcon.colcon_core.shell:Creating environment descriptor '/home/ssafy/Workspaces/pjt_ws/install/urdf_pkg/share/urdf_pkg/hook/ament_prefix_path.dsv'
[0.296s] INFO:colcon.colcon_core.shell:Creating environment hook '/home/ssafy/Workspaces/pjt_ws/install/urdf_pkg/share/urdf_pkg/hook/ament_prefix_path.sh'
[0.297s] INFO:colcon.colcon_core.shell:Skip shell extension 'powershell' for command environment: Not usable outside of PowerShell
[0.297s] DEBUG:colcon.colcon_core.shell:Skip shell extension 'dsv' for command environment
[0.508s] INFO:colcon.colcon_core.task.python.build:Building Python package in '/home/ssafy/Workspaces/pjt_ws/src/dobot_pkg'
[0.508s] INFO:colcon.colcon_core.shell:Skip shell extension 'powershell' for command environment: Not usable outside of PowerShell
[0.508s] DEBUG:colcon.colcon_core.shell:Skip shell extension 'dsv' for command environment
[0.714s] INFO:colcon.colcon_core.task.python.build:Building Python package in '/home/ssafy/Workspaces/pjt_ws/src/pjt'
[0.714s] INFO:colcon.colcon_core.shell:Skip shell extension 'powershell' for command environment: Not usable outside of PowerShell
[0.714s] DEBUG:colcon.colcon_core.shell:Skip shell extension 'dsv' for command environment
[0.929s] INFO:colcon.colcon_core.task.python.build:Building Python package in '/home/ssafy/Workspaces/pjt_ws/src/rpi_pkg'
[0.930s] INFO:colcon.colcon_core.shell:Skip shell extension 'powershell' for command environment: Not usable outside of PowerShell
[0.930s] DEBUG:colcon.colcon_core.shell:Skip shell extension 'dsv' for command environment
[1.152s] INFO:colcon.colcon_core.task.python.build:Building Python package in '/home/ssafy/Workspaces/pjt_ws/src/rs_pkg'
[1.152s] INFO:colcon.colcon_core.shell:Skip shell extension 'powershell' for command environment: Not usable outside of PowerShell
[1.152s] DEBUG:colcon.colcon_core.shell:Skip shell extension 'dsv' for command environment
[1.365s] INFO:colcon.colcon_core.task.python.build:Building Python package in '/home/ssafy/Workspaces/pjt_ws/src/urdf_pkg'
[1.365s] INFO:colcon.colcon_core.shell:Skip shell extension 'powershell' for command environment: Not usable outside of PowerShell
[1.365s] DEBUG:colcon.colcon_core.shell:Skip shell extension 'dsv' for command environment
[1.660s] DEBUG:colcon.colcon_core.event_handler.log_command:Invoking command in '/home/ssafy/Workspaces/pjt_ws/src/urdf_pkg': PYTHONPATH=/home/ssafy/Workspaces/pjt_ws/build/urdf_pkg/prefix_override:/usr/lib/python3/dist-packages/colcon_core/task/python/colcon_distutils_commands:/home/ssafy/Workspaces/pjt_ws/install/urdf_pkg/lib/python3.10/site-packages:${PYTHONPATH} /usr/bin/python3 -W ignore:setup.py install is deprecated -W ignore:easy_install command is deprecated setup.py egg_info --egg-base ../../build/urdf_pkg build --build-base /home/ssafy/Workspaces/pjt_ws/build/urdf_pkg/build install --record /home/ssafy/Workspaces/pjt_ws/build/urdf_pkg/install.log --single-version-externally-managed install_data
[1.664s] DEBUG:colcon.colcon_core.event_handler.log_command:Invoking command in '/home/ssafy/Workspaces/pjt_ws/src/rpi_pkg': PYTHONPATH=/home/ssafy/Workspaces/pjt_ws/build/rpi_pkg/prefix_override:/usr/lib/python3/dist-packages/colcon_core/task/python/colcon_distutils_commands:/home/ssafy/Workspaces/pjt_ws/install/rpi_pkg/lib/python3.10/site-packages:${PYTHONPATH} /usr/bin/python3 -W ignore:setup.py install is deprecated -W ignore:easy_install command is deprecated setup.py egg_info --egg-base ../../build/rpi_pkg build --build-base /home/ssafy/Workspaces/pjt_ws/build/rpi_pkg/build install --record /home/ssafy/Workspaces/pjt_ws/build/rpi_pkg/install.log --single-version-externally-managed install_data
[1.666s] DEBUG:colcon.colcon_core.event_handler.log_command:Invoking command in '/home/ssafy/Workspaces/pjt_ws/src/pjt': PYTHONPATH=/home/ssafy/Workspaces/pjt_ws/build/pjt/prefix_override:/usr/lib/python3/dist-packages/colcon_core/task/python/colcon_distutils_commands:/home/ssafy/Workspaces/pjt_ws/install/pjt/lib/python3.10/site-packages:${PYTHONPATH} /usr/bin/python3 -W ignore:setup.py install is deprecated -W ignore:easy_install command is deprecated setup.py egg_info --egg-base ../../build/pjt build --build-base /home/ssafy/Workspaces/pjt_ws/build/pjt/build install --record /home/ssafy/Workspaces/pjt_ws/build/pjt/install.log --single-version-externally-managed install_data
[1.666s] DEBUG:colcon.colcon_core.event_handler.log_command:Invoking command in '/home/ssafy/Workspaces/pjt_ws/src/rs_pkg': PYTHONPATH=/home/ssafy/Workspaces/pjt_ws/build/rs_pkg/prefix_override:/usr/lib/python3/dist-packages/colcon_core/task/python/colcon_distutils_commands:/home/ssafy/Workspaces/pjt_ws/install/rs_pkg/lib/python3.10/site-packages:${PYTHONPATH} /usr/bin/python3 -W ignore:setup.py install is deprecated -W ignore:easy_install command is deprecated setup.py egg_info --egg-base ../../build/rs_pkg build --build-base /home/ssafy/Workspaces/pjt_ws/build/rs_pkg/build install --record /home/ssafy/Workspaces/pjt_ws/build/rs_pkg/install.log --single-version-externally-managed install_data
[1.673s] DEBUG:colcon.colcon_core.event_handler.log_command:Invoking command in '/home/ssafy/Workspaces/pjt_ws/src/dobot_pkg': PYTHONPATH=/home/ssafy/Workspaces/pjt_ws/build/dobot_pkg/prefix_override:/usr/lib/python3/dist-packages/colcon_core/task/python/colcon_distutils_commands:/home/ssafy/Workspaces/pjt_ws/install/dobot_pkg/lib/python3.10/site-packages:${PYTHONPATH} /usr/bin/python3 -W ignore:setup.py install is deprecated -W ignore:easy_install command is deprecated setup.py egg_info --egg-base ../../build/dobot_pkg build --build-base /home/ssafy/Workspaces/pjt_ws/build/dobot_pkg/build install --record /home/ssafy/Workspaces/pjt_ws/build/dobot_pkg/install.log --single-version-externally-managed install_data
[1.887s] DEBUG:colcon.colcon_core.event_handler.log_command:Invoked command in '/home/ssafy/Workspaces/pjt_ws/src/urdf_pkg' returned '0': PYTHONPATH=/home/ssafy/Workspaces/pjt_ws/build/urdf_pkg/prefix_override:/usr/lib/python3/dist-packages/colcon_core/task/python/colcon_distutils_commands:/home/ssafy/Workspaces/pjt_ws/install/urdf_pkg/lib/python3.10/site-packages:${PYTHONPATH} /usr/bin/python3 -W ignore:setup.py install is deprecated -W ignore:easy_install command is deprecated setup.py egg_info --egg-base ../../build/urdf_pkg build --build-base /home/ssafy/Workspaces/pjt_ws/build/urdf_pkg/build install --record /home/ssafy/Workspaces/pjt_ws/build/urdf_pkg/install.log --single-version-externally-managed install_data
[1.891s] Level 1:colcon.colcon_core.environment:checking '/home/ssafy/Workspaces/pjt_ws/install/urdf_pkg' for CMake module files
[1.892s] Level 1:colcon.colcon_core.environment:checking '/home/ssafy/Workspaces/pjt_ws/install/urdf_pkg' for CMake config files
[1.892s] Level 1:colcon.colcon_core.environment:checking '/home/ssafy/Workspaces/pjt_ws/install/urdf_pkg/lib'
[1.892s] Level 1:colcon.colcon_core.environment:checking '/home/ssafy/Workspaces/pjt_ws/install/urdf_pkg/bin'
[1.892s] Level 1:colcon.colcon_core.environment:checking '/home/ssafy/Workspaces/pjt_ws/install/urdf_pkg/lib/pkgconfig/urdf_pkg.pc'
[1.893s] Level 1:colcon.colcon_core.environment:checking '/home/ssafy/Workspaces/pjt_ws/install/urdf_pkg/lib/python3.10/site-packages'
[1.893s] Level 1:colcon.colcon_core.shell:create_environment_hook('urdf_pkg', 'pythonpath')
[1.893s] INFO:colcon.colcon_core.shell:Creating environment hook '/home/ssafy/Workspaces/pjt_ws/install/urdf_pkg/share/urdf_pkg/hook/pythonpath.ps1'
[1.893s] INFO:colcon.colcon_core.shell:Creating environment descriptor '/home/ssafy/Workspaces/pjt_ws/install/urdf_pkg/share/urdf_pkg/hook/pythonpath.dsv'
[1.893s] INFO:colcon.colcon_core.shell:Creating environment hook '/home/ssafy/Workspaces/pjt_ws/install/urdf_pkg/share/urdf_pkg/hook/pythonpath.sh'
[1.894s] Level 1:colcon.colcon_core.environment:checking '/home/ssafy/Workspaces/pjt_ws/install/urdf_pkg/bin'
[1.894s] Level 1:colcon.colcon_core.environment:create_environment_scripts_only(urdf_pkg)
[1.894s] INFO:colcon.colcon_core.shell:Creating package script '/home/ssafy/Workspaces/pjt_ws/install/urdf_pkg/share/urdf_pkg/package.ps1'
[1.895s] INFO:colcon.colcon_core.shell:Creating package descriptor '/home/ssafy/Workspaces/pjt_ws/install/urdf_pkg/share/urdf_pkg/package.dsv'
[1.895s] INFO:colcon.colcon_core.shell:Creating package script '/home/ssafy/Workspaces/pjt_ws/install/urdf_pkg/share/urdf_pkg/package.sh'
[1.896s] INFO:colcon.colcon_core.shell:Creating package script '/home/ssafy/Workspaces/pjt_ws/install/urdf_pkg/share/urdf_pkg/package.bash'
[1.896s] INFO:colcon.colcon_core.shell:Creating package script '/home/ssafy/Workspaces/pjt_ws/install/urdf_pkg/share/urdf_pkg/package.zsh'
[1.896s] Level 1:colcon.colcon_core.environment:create_file_with_runtime_dependencies(/home/ssafy/Workspaces/pjt_ws/install/urdf_pkg/share/colcon-core/packages/urdf_pkg)
[1.903s] Level 1:colcon.colcon_core.environment:checking '/home/ssafy/Workspaces/pjt_ws/install/pjt' for CMake module files
[1.904s] DEBUG:colcon.colcon_core.event_handler.log_command:Invoked command in '/home/ssafy/Workspaces/pjt_ws/src/pjt' returned '0': PYTHONPATH=/home/ssafy/Workspaces/pjt_ws/build/pjt/prefix_override:/usr/lib/python3/dist-packages/colcon_core/task/python/colcon_distutils_commands:/home/ssafy/Workspaces/pjt_ws/install/pjt/lib/python3.10/site-packages:${PYTHONPATH} /usr/bin/python3 -W ignore:setup.py install is deprecated -W ignore:easy_install command is deprecated setup.py egg_info --egg-base ../../build/pjt build --build-base /home/ssafy/Workspaces/pjt_ws/build/pjt/build install --record /home/ssafy/Workspaces/pjt_ws/build/pjt/install.log --single-version-externally-managed install_data
[1.904s] Level 1:colcon.colcon_core.environment:checking '/home/ssafy/Workspaces/pjt_ws/install/pjt' for CMake config files
[1.904s] Level 1:colcon.colcon_core.environment:checking '/home/ssafy/Workspaces/pjt_ws/install/pjt/lib'
[1.904s] Level 1:colcon.colcon_core.environment:checking '/home/ssafy/Workspaces/pjt_ws/install/pjt/bin'
[1.904s] Level 1:colcon.colcon_core.environment:checking '/home/ssafy/Workspaces/pjt_ws/install/pjt/lib/pkgconfig/pjt.pc'
[1.905s] Level 1:colcon.colcon_core.environment:checking '/home/ssafy/Workspaces/pjt_ws/install/pjt/lib/python3.10/site-packages'
[1.905s] Level 1:colcon.colcon_core.shell:create_environment_hook('pjt', 'pythonpath')
[1.905s] INFO:colcon.colcon_core.shell:Creating environment hook '/home/ssafy/Workspaces/pjt_ws/install/pjt/share/pjt/hook/pythonpath.ps1'
[1.905s] INFO:colcon.colcon_core.shell:Creating environment descriptor '/home/ssafy/Workspaces/pjt_ws/install/pjt/share/pjt/hook/pythonpath.dsv'
[1.905s] INFO:colcon.colcon_core.shell:Creating environment hook '/home/ssafy/Workspaces/pjt_ws/install/pjt/share/pjt/hook/pythonpath.sh'
[1.906s] Level 1:colcon.colcon_core.environment:checking '/home/ssafy/Workspaces/pjt_ws/install/pjt/bin'
[1.906s] Level 1:colcon.colcon_core.environment:create_environment_scripts_only(pjt)
[1.906s] INFO:colcon.colcon_core.shell:Creating package script '/home/ssafy/Workspaces/pjt_ws/install/pjt/share/pjt/package.ps1'
[1.906s] INFO:colcon.colcon_core.shell:Creating package descriptor '/home/ssafy/Workspaces/pjt_ws/install/pjt/share/pjt/package.dsv'
[1.907s] INFO:colcon.colcon_core.shell:Creating package script '/home/ssafy/Workspaces/pjt_ws/install/pjt/share/pjt/package.sh'
[1.907s] INFO:colcon.colcon_core.shell:Creating package script '/home/ssafy/Workspaces/pjt_ws/install/pjt/share/pjt/package.bash'
[1.907s] INFO:colcon.colcon_core.shell:Creating package script '/home/ssafy/Workspaces/pjt_ws/install/pjt/share/pjt/package.zsh'
[1.907s] Level 1:colcon.colcon_core.environment:create_file_with_runtime_dependencies(/home/ssafy/Workspaces/pjt_ws/install/pjt/share/colcon-core/packages/pjt)
[1.910s] Level 1:colcon.colcon_core.environment:checking '/home/ssafy/Workspaces/pjt_ws/install/rs_pkg' for CMake module files
[1.911s] DEBUG:colcon.colcon_core.event_handler.log_command:Invoked command in '/home/ssafy/Workspaces/pjt_ws/src/rs_pkg' returned '0': PYTHONPATH=/home/ssafy/Workspaces/pjt_ws/build/rs_pkg/prefix_override:/usr/lib/python3/dist-packages/colcon_core/task/python/colcon_distutils_commands:/home/ssafy/Workspaces/pjt_ws/install/rs_pkg/lib/python3.10/site-packages:${PYTHONPATH} /usr/bin/python3 -W ignore:setup.py install is deprecated -W ignore:easy_install command is deprecated setup.py egg_info --egg-base ../../build/rs_pkg build --build-base /home/ssafy/Workspaces/pjt_ws/build/rs_pkg/build install --record /home/ssafy/Workspaces/pjt_ws/build/rs_pkg/install.log --single-version-externally-managed install_data
[1.911s] Level 1:colcon.colcon_core.environment:checking '/home/ssafy/Workspaces/pjt_ws/install/rs_pkg' for CMake config files
[1.911s] Level 1:colcon.colcon_core.environment:checking '/home/ssafy/Workspaces/pjt_ws/install/rs_pkg/lib'
[1.912s] Level 1:colcon.colcon_core.environment:checking '/home/ssafy/Workspaces/pjt_ws/install/rs_pkg/bin'
[1.912s] Level 1:colcon.colcon_core.environment:checking '/home/ssafy/Workspaces/pjt_ws/install/rs_pkg/lib/pkgconfig/rs_pkg.pc'
[1.912s] Level 1:colcon.colcon_core.environment:checking '/home/ssafy/Workspaces/pjt_ws/install/rs_pkg/lib/python3.10/site-packages'
[1.912s] Level 1:colcon.colcon_core.shell:create_environment_hook('rs_pkg', 'pythonpath')
[1.912s] INFO:colcon.colcon_core.shell:Creating environment hook '/home/ssafy/Workspaces/pjt_ws/install/rs_pkg/share/rs_pkg/hook/pythonpath.ps1'
[1.912s] INFO:colcon.colcon_core.shell:Creating environment descriptor '/home/ssafy/Workspaces/pjt_ws/install/rs_pkg/share/rs_pkg/hook/pythonpath.dsv'
[1.913s] INFO:colcon.colcon_core.shell:Creating environment hook '/home/ssafy/Workspaces/pjt_ws/install/rs_pkg/share/rs_pkg/hook/pythonpath.sh'
[1.913s] Level 1:colcon.colcon_core.environment:checking '/home/ssafy/Workspaces/pjt_ws/install/rs_pkg/bin'
[1.913s] Level 1:colcon.colcon_core.environment:create_environment_scripts_only(rs_pkg)
[1.913s] INFO:colcon.colcon_core.shell:Creating package script '/home/ssafy/Workspaces/pjt_ws/install/rs_pkg/share/rs_pkg/package.ps1'
[1.914s] INFO:colcon.colcon_core.shell:Creating package descriptor '/home/ssafy/Workspaces/pjt_ws/install/rs_pkg/share/rs_pkg/package.dsv'
[1.915s] INFO:colcon.colcon_core.shell:Creating package script '/home/ssafy/Workspaces/pjt_ws/install/rs_pkg/share/rs_pkg/package.sh'
[1.915s] INFO:colcon.colcon_core.shell:Creating package script '/home/ssafy/Workspaces/pjt_ws/install/rs_pkg/share/rs_pkg/package.bash'
[1.916s] INFO:colcon.colcon_core.shell:Creating package script '/home/ssafy/Workspaces/pjt_ws/install/rs_pkg/share/rs_pkg/package.zsh'
[1.916s] Level 1:colcon.colcon_core.environment:create_file_with_runtime_dependencies(/home/ssafy/Workspaces/pjt_ws/install/rs_pkg/share/colcon-core/packages/rs_pkg)
[1.918s] Level 1:colcon.colcon_core.environment:checking '/home/ssafy/Workspaces/pjt_ws/install/dobot_pkg' for CMake module files
[1.918s] DEBUG:colcon.colcon_core.event_handler.log_command:Invoked command in '/home/ssafy/Workspaces/pjt_ws/src/dobot_pkg' returned '0': PYTHONPATH=/home/ssafy/Workspaces/pjt_ws/build/dobot_pkg/prefix_override:/usr/lib/python3/dist-packages/colcon_core/task/python/colcon_distutils_commands:/home/ssafy/Workspaces/pjt_ws/install/dobot_pkg/lib/python3.10/site-packages:${PYTHONPATH} /usr/bin/python3 -W ignore:setup.py install is deprecated -W ignore:easy_install command is deprecated setup.py egg_info --egg-base ../../build/dobot_pkg build --build-base /home/ssafy/Workspaces/pjt_ws/build/dobot_pkg/build install --record /home/ssafy/Workspaces/pjt_ws/build/dobot_pkg/install.log --single-version-externally-managed install_data
[1.919s] Level 1:colcon.colcon_core.environment:checking '/home/ssafy/Workspaces/pjt_ws/install/dobot_pkg' for CMake config files
[1.920s] Level 1:colcon.colcon_core.environment:checking '/home/ssafy/Workspaces/pjt_ws/install/dobot_pkg/lib'
[1.920s] Level 1:colcon.colcon_core.environment:checking '/home/ssafy/Workspaces/pjt_ws/install/dobot_pkg/bin'
[1.920s] Level 1:colcon.colcon_core.environment:checking '/home/ssafy/Workspaces/pjt_ws/install/dobot_pkg/lib/pkgconfig/dobot_pkg.pc'
[1.920s] Level 1:colcon.colcon_core.environment:checking '/home/ssafy/Workspaces/pjt_ws/install/dobot_pkg/lib/python3.10/site-packages'
[1.920s] Level 1:colcon.colcon_core.shell:create_environment_hook('dobot_pkg', 'pythonpath')
[1.921s] INFO:colcon.colcon_core.shell:Creating environment hook '/home/ssafy/Workspaces/pjt_ws/install/dobot_pkg/share/dobot_pkg/hook/pythonpath.ps1'
[1.921s] INFO:colcon.colcon_core.shell:Creating environment descriptor '/home/ssafy/Workspaces/pjt_ws/install/dobot_pkg/share/dobot_pkg/hook/pythonpath.dsv'
[1.921s] INFO:colcon.colcon_core.shell:Creating environment hook '/home/ssafy/Workspaces/pjt_ws/install/dobot_pkg/share/dobot_pkg/hook/pythonpath.sh'
[1.922s] Level 1:colcon.colcon_core.environment:checking '/home/ssafy/Workspaces/pjt_ws/install/dobot_pkg/bin'
[1.922s] Level 1:colcon.colcon_core.environment:create_environment_scripts_only(dobot_pkg)
[1.922s] INFO:colcon.colcon_core.shell:Creating package script '/home/ssafy/Workspaces/pjt_ws/install/dobot_pkg/share/dobot_pkg/package.ps1'
[1.922s] INFO:colcon.colcon_core.shell:Creating package descriptor '/home/ssafy/Workspaces/pjt_ws/install/dobot_pkg/share/dobot_pkg/package.dsv'
[1.923s] INFO:colcon.colcon_core.shell:Creating package script '/home/ssafy/Workspaces/pjt_ws/install/dobot_pkg/share/dobot_pkg/package.sh'
[1.923s] INFO:colcon.colcon_core.shell:Creating package script '/home/ssafy/Workspaces/pjt_ws/install/dobot_pkg/share/dobot_pkg/package.bash'
[1.923s] INFO:colcon.colcon_core.shell:Creating package script '/home/ssafy/Workspaces/pjt_ws/install/dobot_pkg/share/dobot_pkg/package.zsh'
[1.923s] Level 1:colcon.colcon_core.environment:create_file_with_runtime_dependencies(/home/ssafy/Workspaces/pjt_ws/install/dobot_pkg/share/colcon-core/packages/dobot_pkg)
[1.924s] Level 1:colcon.colcon_core.environment:checking '/home/ssafy/Workspaces/pjt_ws/install/rpi_pkg' for CMake module files
[1.924s] DEBUG:colcon.colcon_core.event_handler.log_command:Invoked command in '/home/ssafy/Workspaces/pjt_ws/src/rpi_pkg' returned '0': PYTHONPATH=/home/ssafy/Workspaces/pjt_ws/build/rpi_pkg/prefix_override:/usr/lib/python3/dist-packages/colcon_core/task/python/colcon_distutils_commands:/home/ssafy/Workspaces/pjt_ws/install/rpi_pkg/lib/python3.10/site-packages:${PYTHONPATH} /usr/bin/python3 -W ignore:setup.py install is deprecated -W ignore:easy_install command is deprecated setup.py egg_info --egg-base ../../build/rpi_pkg build --build-base /home/ssafy/Workspaces/pjt_ws/build/rpi_pkg/build install --record /home/ssafy/Workspaces/pjt_ws/build/rpi_pkg/install.log --single-version-externally-managed install_data
[1.925s] Level 1:colcon.colcon_core.environment:checking '/home/ssafy/Workspaces/pjt_ws/install/rpi_pkg' for CMake config files
[1.925s] Level 1:colcon.colcon_core.environment:checking '/home/ssafy/Workspaces/pjt_ws/install/rpi_pkg/lib'
[1.925s] Level 1:colcon.colcon_core.environment:checking '/home/ssafy/Workspaces/pjt_ws/install/rpi_pkg/bin'
[1.925s] Level 1:colcon.colcon_core.environment:checking '/home/ssafy/Workspaces/pjt_ws/install/rpi_pkg/lib/pkgconfig/rpi_pkg.pc'
[1.926s] Level 1:colcon.colcon_core.environment:checking '/home/ssafy/Workspaces/pjt_ws/install/rpi_pkg/lib/python3.10/site-packages'
[1.926s] Level 1:colcon.colcon_core.shell:create_environment_hook('rpi_pkg', 'pythonpath')
[1.926s] INFO:colcon.colcon_core.shell:Creating environment hook '/home/ssafy/Workspaces/pjt_ws/install/rpi_pkg/share/rpi_pkg/hook/pythonpath.ps1'
[1.926s] INFO:colcon.colcon_core.shell:Creating environment descriptor '/home/ssafy/Workspaces/pjt_ws/install/rpi_pkg/share/rpi_pkg/hook/pythonpath.dsv'
[1.926s] INFO:colcon.colcon_core.shell:Creating environment hook '/home/ssafy/Workspaces/pjt_ws/install/rpi_pkg/share/rpi_pkg/hook/pythonpath.sh'
[1.927s] Level 1:colcon.colcon_core.environment:checking '/home/ssafy/Workspaces/pjt_ws/install/rpi_pkg/bin'
[1.927s] Level 1:colcon.colcon_core.environment:create_environment_scripts_only(rpi_pkg)
[1.927s] INFO:colcon.colcon_core.shell:Creating package script '/home/ssafy/Workspaces/pjt_ws/install/rpi_pkg/share/rpi_pkg/package.ps1'
[1.927s] INFO:colcon.colcon_core.shell:Creating package descriptor '/home/ssafy/Workspaces/pjt_ws/install/rpi_pkg/share/rpi_pkg/package.dsv'
[1.928s] INFO:colcon.colcon_core.shell:Creating package script '/home/ssafy/Workspaces/pjt_ws/install/rpi_pkg/share/rpi_pkg/package.sh'
[1.928s] INFO:colcon.colcon_core.shell:Creating package script '/home/ssafy/Workspaces/pjt_ws/install/rpi_pkg/share/rpi_pkg/package.bash'
[1.928s] INFO:colcon.colcon_core.shell:Creating package script '/home/ssafy/Workspaces/pjt_ws/install/rpi_pkg/share/rpi_pkg/package.zsh'
[1.928s] Level 1:colcon.colcon_core.environment:create_file_with_runtime_dependencies(/home/ssafy/Workspaces/pjt_ws/install/rpi_pkg/share/colcon-core/packages/rpi_pkg)
[1.929s] DEBUG:colcon.colcon_parallel_executor.executor.parallel:closing loop
[1.929s] DEBUG:colcon.colcon_parallel_executor.executor.parallel:loop closed
[1.929s] DEBUG:colcon.colcon_parallel_executor.executor.parallel:run_until_complete finished with '0'
[1.929s] DEBUG:colcon.colcon_core.event_reactor:joining thread
[1.936s] INFO:colcon.colcon_core.plugin_system:Skipping extension 'colcon_notification.desktop_notification.terminal_notifier': Not used on non-Darwin systems
[1.936s] INFO:colcon.colcon_core.plugin_system:Skipping extension 'colcon_notification.desktop_notification.win32': Not used on non-Windows systems
[1.936s] INFO:colcon.colcon_notification.desktop_notification:Sending desktop notification using 'notify2'
[1.951s] DEBUG:colcon.colcon_core.event_reactor:joined thread
[1.952s] INFO:colcon.colcon_core.shell:Creating prefix script '/home/ssafy/Workspaces/pjt_ws/install/local_setup.ps1'
[1.953s] INFO:colcon.colcon_core.shell:Creating prefix util module '/home/ssafy/Workspaces/pjt_ws/install/_local_setup_util_ps1.py'
[1.956s] INFO:colcon.colcon_core.shell:Creating prefix chain script '/home/ssafy/Workspaces/pjt_ws/install/setup.ps1'
[1.957s] INFO:colcon.colcon_core.shell:Creating prefix script '/home/ssafy/Workspaces/pjt_ws/install/local_setup.sh'
[1.958s] INFO:colcon.colcon_core.shell:Creating prefix util module '/home/ssafy/Workspaces/pjt_ws/install/_local_setup_util_sh.py'
[1.958s] INFO:colcon.colcon_core.shell:Creating prefix chain script '/home/ssafy/Workspaces/pjt_ws/install/setup.sh'
[1.959s] INFO:colcon.colcon_core.shell:Creating prefix script '/home/ssafy/Workspaces/pjt_ws/install/local_setup.bash'
[1.960s] INFO:colcon.colcon_core.shell:Creating prefix chain script '/home/ssafy/Workspaces/pjt_ws/install/setup.bash'
[1.961s] INFO:colcon.colcon_core.shell:Creating prefix script '/home/ssafy/Workspaces/pjt_ws/install/local_setup.zsh'
[1.961s] INFO:colcon.colcon_core.shell:Creating prefix chain script '/home/ssafy/Workspaces/pjt_ws/install/setup.zsh'
