[1.320s] Invoking command in '/home/ssafy/Workspaces/pjt_ws/src/dobot_pkg': PYTHONPATH=/home/ssafy/Workspaces/pjt_ws/build/dobot_pkg/prefix_override:/usr/lib/python3/dist-packages/colcon_core/task/python/colcon_distutils_commands:/home/ssafy/Workspaces/pjt_ws/install/dobot_pkg/lib/python3.10/site-packages:${PYTHONPATH} /usr/bin/python3 -W ignore:setup.py install is deprecated -W ignore:easy_install command is deprecated setup.py egg_info --egg-base ../../build/dobot_pkg build --build-base /home/ssafy/Workspaces/pjt_ws/build/dobot_pkg/build install --record /home/ssafy/Workspaces/pjt_ws/build/dobot_pkg/install.log --single-version-externally-managed install_data
[1.516s] running egg_info
[1.516s] creating ../../build/dobot_pkg/dobot_pkg.egg-info
[1.517s] writing ../../build/dobot_pkg/dobot_pkg.egg-info/PKG-INFO
[1.517s] writing dependency_links to ../../build/dobot_pkg/dobot_pkg.egg-info/dependency_links.txt
[1.517s] writing entry points to ../../build/dobot_pkg/dobot_pkg.egg-info/entry_points.txt
[1.517s] writing requirements to ../../build/dobot_pkg/dobot_pkg.egg-info/requires.txt
[1.518s] writing top-level names to ../../build/dobot_pkg/dobot_pkg.egg-info/top_level.txt
[1.518s] writing manifest file '../../build/dobot_pkg/dobot_pkg.egg-info/SOURCES.txt'
[1.518s] reading manifest file '../../build/dobot_pkg/dobot_pkg.egg-info/SOURCES.txt'
[1.519s] writing manifest file '../../build/dobot_pkg/dobot_pkg.egg-info/SOURCES.txt'
[1.519s] running build
[1.519s] running build_py
[1.519s] creating /home/ssafy/Workspaces/pjt_ws/build/dobot_pkg/build
[1.519s] creating /home/ssafy/Workspaces/pjt_ws/build/dobot_pkg/build/lib
[1.519s] creating /home/ssafy/Workspaces/pjt_ws/build/dobot_pkg/build/lib/dobot_control
[1.519s] copying dobot_control/target_follower.py -> /home/ssafy/Workspaces/pjt_ws/build/dobot_pkg/build/lib/dobot_control
[1.519s] copying dobot_control/homing.py -> /home/ssafy/Workspaces/pjt_ws/build/dobot_pkg/build/lib/dobot_control
[1.519s] copying dobot_control/pickandplace.py -> /home/ssafy/Workspaces/pjt_ws/build/dobot_pkg/build/lib/dobot_control
[1.520s] copying dobot_control/circel_move.py -> /home/ssafy/Workspaces/pjt_ws/build/dobot_pkg/build/lib/dobot_control
[1.520s] copying dobot_control/__init__.py -> /home/ssafy/Workspaces/pjt_ws/build/dobot_pkg/build/lib/dobot_control
[1.520s] running install
[1.520s] running install_lib
[1.521s] creating /home/ssafy/Workspaces/pjt_ws/install/dobot_pkg/lib/python3.10/site-packages/dobot_control
[1.521s] copying /home/ssafy/Workspaces/pjt_ws/build/dobot_pkg/build/lib/dobot_control/target_follower.py -> /home/ssafy/Workspaces/pjt_ws/install/dobot_pkg/lib/python3.10/site-packages/dobot_control
[1.521s] copying /home/ssafy/Workspaces/pjt_ws/build/dobot_pkg/build/lib/dobot_control/homing.py -> /home/ssafy/Workspaces/pjt_ws/install/dobot_pkg/lib/python3.10/site-packages/dobot_control
[1.521s] copying /home/ssafy/Workspaces/pjt_ws/build/dobot_pkg/build/lib/dobot_control/pickandplace.py -> /home/ssafy/Workspaces/pjt_ws/install/dobot_pkg/lib/python3.10/site-packages/dobot_control
[1.522s] copying /home/ssafy/Workspaces/pjt_ws/build/dobot_pkg/build/lib/dobot_control/circel_move.py -> /home/ssafy/Workspaces/pjt_ws/install/dobot_pkg/lib/python3.10/site-packages/dobot_control
[1.522s] copying /home/ssafy/Workspaces/pjt_ws/build/dobot_pkg/build/lib/dobot_control/__init__.py -> /home/ssafy/Workspaces/pjt_ws/install/dobot_pkg/lib/python3.10/site-packages/dobot_control
[1.522s] byte-compiling /home/ssafy/Workspaces/pjt_ws/install/dobot_pkg/lib/python3.10/site-packages/dobot_control/target_follower.py to target_follower.cpython-310.pyc
[1.522s] byte-compiling /home/ssafy/Workspaces/pjt_ws/install/dobot_pkg/lib/python3.10/site-packages/dobot_control/homing.py to homing.cpython-310.pyc
[1.522s] byte-compiling /home/ssafy/Workspaces/pjt_ws/install/dobot_pkg/lib/python3.10/site-packages/dobot_control/pickandplace.py to pickandplace.cpython-310.pyc
[1.523s] byte-compiling /home/ssafy/Workspaces/pjt_ws/install/dobot_pkg/lib/python3.10/site-packages/dobot_control/circel_move.py to circel_move.cpython-310.pyc
[1.523s] byte-compiling /home/ssafy/Workspaces/pjt_ws/install/dobot_pkg/lib/python3.10/site-packages/dobot_control/__init__.py to __init__.cpython-310.pyc
[1.523s] running install_data
[1.523s] creating /home/ssafy/Workspaces/pjt_ws/install/dobot_pkg/share/ament_index
[1.523s] creating /home/ssafy/Workspaces/pjt_ws/install/dobot_pkg/share/ament_index/resource_index
[1.523s] creating /home/ssafy/Workspaces/pjt_ws/install/dobot_pkg/share/ament_index/resource_index/packages
[1.523s] copying resource/dobot_pkg -> /home/ssafy/Workspaces/pjt_ws/install/dobot_pkg/share/ament_index/resource_index/packages
[1.523s] copying package.xml -> /home/ssafy/Workspaces/pjt_ws/install/dobot_pkg/share/dobot_pkg
[1.523s] creating /home/ssafy/Workspaces/pjt_ws/install/dobot_pkg/share/dobot_pkg/launch
[1.523s] copying launch/dobot_control.launch.py -> /home/ssafy/Workspaces/pjt_ws/install/dobot_pkg/share/dobot_pkg/launch
[1.523s] running install_egg_info
[1.524s] Copying ../../build/dobot_pkg/dobot_pkg.egg-info to /home/ssafy/Workspaces/pjt_ws/install/dobot_pkg/lib/python3.10/site-packages/dobot_pkg-0.0.0-py3.10.egg-info
[1.524s] running install_scripts
[1.539s] Installing dobot_circle_move_node script to /home/ssafy/Workspaces/pjt_ws/install/dobot_pkg/lib/dobot_control
[1.539s] Installing dobot_homing_service_node script to /home/ssafy/Workspaces/pjt_ws/install/dobot_pkg/lib/dobot_control
[1.539s] Installing dobot_target_follower_node script to /home/ssafy/Workspaces/pjt_ws/install/dobot_pkg/lib/dobot_control
[1.539s] Installing pick_and_place_demo script to /home/ssafy/Workspaces/pjt_ws/install/dobot_pkg/lib/dobot_control
[1.540s] writing list of installed files to '/home/ssafy/Workspaces/pjt_ws/build/dobot_pkg/install.log'
[1.560s] Invoked command in '/home/ssafy/Workspaces/pjt_ws/src/dobot_pkg' returned '0': PYTHONPATH=/home/ssafy/Workspaces/pjt_ws/build/dobot_pkg/prefix_override:/usr/lib/python3/dist-packages/colcon_core/task/python/colcon_distutils_commands:/home/ssafy/Workspaces/pjt_ws/install/dobot_pkg/lib/python3.10/site-packages:${PYTHONPATH} /usr/bin/python3 -W ignore:setup.py install is deprecated -W ignore:easy_install command is deprecated setup.py egg_info --egg-base ../../build/dobot_pkg build --build-base /home/ssafy/Workspaces/pjt_ws/build/dobot_pkg/build install --record /home/ssafy/Workspaces/pjt_ws/build/dobot_pkg/install.log --single-version-externally-managed install_data
