running egg_info
creating ../../build/yolo_pkg/yolo_pkg.egg-info
writing ../../build/yolo_pkg/yolo_pkg.egg-info/PKG-INFO
writing dependency_links to ../../build/yolo_pkg/yolo_pkg.egg-info/dependency_links.txt
writing entry points to ../../build/yolo_pkg/yolo_pkg.egg-info/entry_points.txt
writing requirements to ../../build/yolo_pkg/yolo_pkg.egg-info/requires.txt
writing top-level names to ../../build/yolo_pkg/yolo_pkg.egg-info/top_level.txt
writing manifest file '../../build/yolo_pkg/yolo_pkg.egg-info/SOURCES.txt'
reading manifest file '../../build/yolo_pkg/yolo_pkg.egg-info/SOURCES.txt'
writing manifest file '../../build/yolo_pkg/yolo_pkg.egg-info/SOURCES.txt'
running build
running build_py
creating /home/ssafy/Desktop/SSAFY-Smart_Factory/pjt_pkg/build/yolo_pkg/build
creating /home/ssafy/Desktop/SSAFY-Smart_Factory/pjt_pkg/build/yolo_pkg/build/lib
creating /home/ssafy/Desktop/SSAFY-Smart_Factory/pjt_pkg/build/yolo_pkg/build/lib/yolo_pkg
copying yolo_pkg/__init__.py -> /home/ssafy/Desktop/SSAFY-Smart_Factory/pjt_pkg/build/yolo_pkg/build/lib/yolo_pkg
copying yolo_pkg/yolo.py -> /home/ssafy/Desktop/SSAFY-Smart_Factory/pjt_pkg/build/yolo_pkg/build/lib/yolo_pkg
running install
running install_lib
creating /home/ssafy/Desktop/SSAFY-Smart_Factory/pjt_pkg/install/yolo_pkg/lib/python3.10/site-packages/yolo_pkg
copying /home/ssafy/Desktop/SSAFY-Smart_Factory/pjt_pkg/build/yolo_pkg/build/lib/yolo_pkg/__init__.py -> /home/ssafy/Desktop/SSAFY-Smart_Factory/pjt_pkg/install/yolo_pkg/lib/python3.10/site-packages/yolo_pkg
copying /home/ssafy/Desktop/SSAFY-Smart_Factory/pjt_pkg/build/yolo_pkg/build/lib/yolo_pkg/yolo.py -> /home/ssafy/Desktop/SSAFY-Smart_Factory/pjt_pkg/install/yolo_pkg/lib/python3.10/site-packages/yolo_pkg
byte-compiling /home/ssafy/Desktop/SSAFY-Smart_Factory/pjt_pkg/install/yolo_pkg/lib/python3.10/site-packages/yolo_pkg/__init__.py to __init__.cpython-310.pyc
byte-compiling /home/ssafy/Desktop/SSAFY-Smart_Factory/pjt_pkg/install/yolo_pkg/lib/python3.10/site-packages/yolo_pkg/yolo.py to yolo.cpython-310.pyc
running install_data
creating /home/ssafy/Desktop/SSAFY-Smart_Factory/pjt_pkg/install/yolo_pkg/share/ament_index
creating /home/ssafy/Desktop/SSAFY-Smart_Factory/pjt_pkg/install/yolo_pkg/share/ament_index/resource_index
creating /home/ssafy/Desktop/SSAFY-Smart_Factory/pjt_pkg/install/yolo_pkg/share/ament_index/resource_index/packages
copying resource/yolo_pkg -> /home/ssafy/Desktop/SSAFY-Smart_Factory/pjt_pkg/install/yolo_pkg/share/ament_index/resource_index/packages
copying package.xml -> /home/ssafy/Desktop/SSAFY-Smart_Factory/pjt_pkg/install/yolo_pkg/share/yolo_pkg
creating /home/ssafy/Desktop/SSAFY-Smart_Factory/pjt_pkg/install/yolo_pkg/share/yolo_pkg/launch
running install_egg_info
Copying ../../build/yolo_pkg/yolo_pkg.egg-info to /home/ssafy/Desktop/SSAFY-Smart_Factory/pjt_pkg/install/yolo_pkg/lib/python3.10/site-packages/yolo_pkg-0.0.0-py3.10.egg-info
running install_scripts
Installing yolo_node script to /home/ssafy/Desktop/SSAFY-Smart_Factory/pjt_pkg/install/yolo_pkg/lib/yolo_pkg
writing list of installed files to '/home/ssafy/Desktop/SSAFY-Smart_Factory/pjt_pkg/build/yolo_pkg/install.log'
