[0.076s] DEBUG:colcon:Command line arguments: ['/usr/bin/colcon', 'build']
[0.076s] DEBUG:colcon:Parsed command line arguments: Namespace(log_base=None, log_level=None, verb_name='build', build_base='build', install_base='install', merge_install=False, symlink_install=False, test_result_base=None, continue_on_error=False, executor='parallel', parallel_workers=20, event_handlers=None, ignore_user_meta=False, metas=['./colcon.meta'], base_paths=['.'], packages_ignore=None, packages_ignore_regex=None, paths=None, packages_up_to=None, packages_up_to_regex=None, packages_above=None, packages_above_and_dependencies=None, packages_above_depth=None, packages_select_by_dep=None, packages_skip_by_dep=None, packages_skip_up_to=None, packages_select_build_failed=False, packages_skip_build_finished=False, packages_select_test_failures=False, packages_skip_test_passed=False, packages_select=None, packages_skip=None, packages_select_regex=None, packages_skip_regex=None, packages_start=None, packages_end=None, allow_overriding=[], cmake_args=None, cmake_target=None, cmake_target_skip_unavailable=False, cmake_clean_cache=False, cmake_clean_first=False, cmake_force_configure=False, ament_cmake_args=None, catkin_cmake_args=None, catkin_skip_building_tests=False, mixin_files=None, mixin=None, verb_parser=<colcon_mixin.mixin.mixin_argument.MixinArgumentDecorator object at 0x7c1215eb57e0>, verb_extension=<colcon_core.verb.build.BuildVerb object at 0x7c1215fc6710>, main=<bound method BuildVerb.main of <colcon_core.verb.build.BuildVerb object at 0x7c1215fc6710>>, mixin_verb=('build',))
[0.199s] Level 1:colcon.colcon_core.package_discovery:discover_packages(colcon_meta) check parameters
[0.199s] Level 1:colcon.colcon_core.package_discovery:discover_packages(recursive) check parameters
[0.199s] Level 1:colcon.colcon_core.package_discovery:discover_packages(ignore) check parameters
[0.199s] Level 1:colcon.colcon_core.package_discovery:discover_packages(path) check parameters
[0.199s] Level 1:colcon.colcon_core.package_discovery:discover_packages(colcon_meta) discover
[0.199s] Level 1:colcon.colcon_core.package_discovery:discover_packages(recursive) discover
[0.199s] INFO:colcon.colcon_core.package_discovery:Crawling recursively for packages in '/home/ssafy/Workspaces/pjt_ws'
[0.199s] Level 1:colcon.colcon_core.package_identification:_identify(.) by extensions ['ignore', 'ignore_ament_install']
[0.199s] Level 1:colcon.colcon_core.package_identification:_identify(.) by extension 'ignore'
[0.199s] Level 1:colcon.colcon_core.package_identification:_identify(.) by extension 'ignore_ament_install'
[0.199s] Level 1:colcon.colcon_core.package_identification:_identify(.) by extensions ['colcon_pkg']
[0.199s] Level 1:colcon.colcon_core.package_identification:_identify(.) by extension 'colcon_pkg'
[0.199s] Level 1:colcon.colcon_core.package_identification:_identify(.) by extensions ['colcon_meta']
[0.199s] Level 1:colcon.colcon_core.package_identification:_identify(.) by extension 'colcon_meta'
[0.199s] Level 1:colcon.colcon_core.package_identification:_identify(.) by extensions ['ros']
[0.199s] Level 1:colcon.colcon_core.package_identification:_identify(.) by extension 'ros'
[0.211s] Level 1:colcon.colcon_core.package_identification:_identify(.) by extensions ['cmake', 'python']
[0.211s] Level 1:colcon.colcon_core.package_identification:_identify(.) by extension 'cmake'
[0.211s] Level 1:colcon.colcon_core.package_identification:_identify(.) by extension 'python'
[0.211s] Level 1:colcon.colcon_core.package_identification:_identify(.) by extensions ['python_setup_py']
[0.211s] Level 1:colcon.colcon_core.package_identification:_identify(.) by extension 'python_setup_py'
[0.211s] Level 1:colcon.colcon_core.package_identification:_identify(build) by extensions ['ignore', 'ignore_ament_install']
[0.211s] Level 1:colcon.colcon_core.package_identification:_identify(build) by extension 'ignore'
[0.211s] Level 1:colcon.colcon_core.package_identification:_identify(build) ignored
[0.211s] Level 1:colcon.colcon_core.package_identification:_identify(install) by extensions ['ignore', 'ignore_ament_install']
[0.211s] Level 1:colcon.colcon_core.package_identification:_identify(install) by extension 'ignore'
[0.211s] Level 1:colcon.colcon_core.package_identification:_identify(install) ignored
[0.211s] Level 1:colcon.colcon_core.package_identification:_identify(log) by extensions ['ignore', 'ignore_ament_install']
[0.211s] Level 1:colcon.colcon_core.package_identification:_identify(log) by extension 'ignore'
[0.211s] Level 1:colcon.colcon_core.package_identification:_identify(log) ignored
[0.211s] Level 1:colcon.colcon_core.package_identification:_identify(src) by extensions ['ignore', 'ignore_ament_install']
[0.211s] Level 1:colcon.colcon_core.package_identification:_identify(src) by extension 'ignore'
[0.211s] Level 1:colcon.colcon_core.package_identification:_identify(src) by extension 'ignore_ament_install'
[0.211s] Level 1:colcon.colcon_core.package_identification:_identify(src) by extensions ['colcon_pkg']
[0.212s] Level 1:colcon.colcon_core.package_identification:_identify(src) by extension 'colcon_pkg'
[0.212s] Level 1:colcon.colcon_core.package_identification:_identify(src) by extensions ['colcon_meta']
[0.212s] Level 1:colcon.colcon_core.package_identification:_identify(src) by extension 'colcon_meta'
[0.212s] Level 1:colcon.colcon_core.package_identification:_identify(src) by extensions ['ros']
[0.212s] Level 1:colcon.colcon_core.package_identification:_identify(src) by extension 'ros'
[0.212s] Level 1:colcon.colcon_core.package_identification:_identify(src) by extensions ['cmake', 'python']
[0.212s] Level 1:colcon.colcon_core.package_identification:_identify(src) by extension 'cmake'
[0.212s] Level 1:colcon.colcon_core.package_identification:_identify(src) by extension 'python'
[0.212s] Level 1:colcon.colcon_core.package_identification:_identify(src) by extensions ['python_setup_py']
[0.212s] Level 1:colcon.colcon_core.package_identification:_identify(src) by extension 'python_setup_py'
[0.212s] Level 1:colcon.colcon_core.package_identification:_identify(src/dobot_pkg) by extensions ['ignore', 'ignore_ament_install']
[0.212s] Level 1:colcon.colcon_core.package_identification:_identify(src/dobot_pkg) by extension 'ignore'
[0.212s] Level 1:colcon.colcon_core.package_identification:_identify(src/dobot_pkg) by extension 'ignore_ament_install'
[0.212s] Level 1:colcon.colcon_core.package_identification:_identify(src/dobot_pkg) by extensions ['colcon_pkg']
[0.212s] Level 1:colcon.colcon_core.package_identification:_identify(src/dobot_pkg) by extension 'colcon_pkg'
[0.212s] Level 1:colcon.colcon_core.package_identification:_identify(src/dobot_pkg) by extensions ['colcon_meta']
[0.212s] Level 1:colcon.colcon_core.package_identification:_identify(src/dobot_pkg) by extension 'colcon_meta'
[0.212s] Level 1:colcon.colcon_core.package_identification:_identify(src/dobot_pkg) by extensions ['ros']
[0.212s] Level 1:colcon.colcon_core.package_identification:_identify(src/dobot_pkg) by extension 'ros'
[0.213s] DEBUG:colcon.colcon_core.package_identification:Package 'src/dobot_pkg' with type 'ros.ament_python' and name 'dobot_pkg'
[0.213s] Level 1:colcon.colcon_core.package_identification:_identify(src/pjt) by extensions ['ignore', 'ignore_ament_install']
[0.214s] Level 1:colcon.colcon_core.package_identification:_identify(src/pjt) by extension 'ignore'
[0.214s] Level 1:colcon.colcon_core.package_identification:_identify(src/pjt) by extension 'ignore_ament_install'
[0.214s] Level 1:colcon.colcon_core.package_identification:_identify(src/pjt) by extensions ['colcon_pkg']
[0.214s] Level 1:colcon.colcon_core.package_identification:_identify(src/pjt) by extension 'colcon_pkg'
[0.214s] Level 1:colcon.colcon_core.package_identification:_identify(src/pjt) by extensions ['colcon_meta']
[0.214s] Level 1:colcon.colcon_core.package_identification:_identify(src/pjt) by extension 'colcon_meta'
[0.214s] Level 1:colcon.colcon_core.package_identification:_identify(src/pjt) by extensions ['ros']
[0.214s] Level 1:colcon.colcon_core.package_identification:_identify(src/pjt) by extension 'ros'
[0.214s] DEBUG:colcon.colcon_core.package_identification:Package 'src/pjt' with type 'ros.ament_python' and name 'pjt'
[0.214s] Level 1:colcon.colcon_core.package_identification:_identify(src/rpi_pkg) by extensions ['ignore', 'ignore_ament_install']
[0.214s] Level 1:colcon.colcon_core.package_identification:_identify(src/rpi_pkg) by extension 'ignore'
[0.214s] Level 1:colcon.colcon_core.package_identification:_identify(src/rpi_pkg) by extension 'ignore_ament_install'
[0.214s] Level 1:colcon.colcon_core.package_identification:_identify(src/rpi_pkg) by extensions ['colcon_pkg']
[0.214s] Level 1:colcon.colcon_core.package_identification:_identify(src/rpi_pkg) by extension 'colcon_pkg'
[0.214s] Level 1:colcon.colcon_core.package_identification:_identify(src/rpi_pkg) by extensions ['colcon_meta']
[0.214s] Level 1:colcon.colcon_core.package_identification:_identify(src/rpi_pkg) by extension 'colcon_meta'
[0.214s] Level 1:colcon.colcon_core.package_identification:_identify(src/rpi_pkg) by extensions ['ros']
[0.214s] Level 1:colcon.colcon_core.package_identification:_identify(src/rpi_pkg) by extension 'ros'
[0.215s] DEBUG:colcon.colcon_core.package_identification:Package 'src/rpi_pkg' with type 'ros.ament_python' and name 'rpi_pkg'
[0.215s] Level 1:colcon.colcon_core.package_identification:_identify(src/rs_pkg) by extensions ['ignore', 'ignore_ament_install']
[0.215s] Level 1:colcon.colcon_core.package_identification:_identify(src/rs_pkg) by extension 'ignore'
[0.215s] Level 1:colcon.colcon_core.package_identification:_identify(src/rs_pkg) by extension 'ignore_ament_install'
[0.215s] Level 1:colcon.colcon_core.package_identification:_identify(src/rs_pkg) by extensions ['colcon_pkg']
[0.215s] Level 1:colcon.colcon_core.package_identification:_identify(src/rs_pkg) by extension 'colcon_pkg'
[0.215s] Level 1:colcon.colcon_core.package_identification:_identify(src/rs_pkg) by extensions ['colcon_meta']
[0.215s] Level 1:colcon.colcon_core.package_identification:_identify(src/rs_pkg) by extension 'colcon_meta'
[0.215s] Level 1:colcon.colcon_core.package_identification:_identify(src/rs_pkg) by extensions ['ros']
[0.215s] Level 1:colcon.colcon_core.package_identification:_identify(src/rs_pkg) by extension 'ros'
[0.215s] DEBUG:colcon.colcon_core.package_identification:Package 'src/rs_pkg' with type 'ros.ament_python' and name 'rs_pkg'
[0.215s] Level 1:colcon.colcon_core.package_identification:_identify(src/urdf_pkg) by extensions ['ignore', 'ignore_ament_install']
[0.215s] Level 1:colcon.colcon_core.package_identification:_identify(src/urdf_pkg) by extension 'ignore'
[0.215s] Level 1:colcon.colcon_core.package_identification:_identify(src/urdf_pkg) by extension 'ignore_ament_install'
[0.215s] Level 1:colcon.colcon_core.package_identification:_identify(src/urdf_pkg) by extensions ['colcon_pkg']
[0.215s] Level 1:colcon.colcon_core.package_identification:_identify(src/urdf_pkg) by extension 'colcon_pkg'
[0.215s] Level 1:colcon.colcon_core.package_identification:_identify(src/urdf_pkg) by extensions ['colcon_meta']
[0.215s] Level 1:colcon.colcon_core.package_identification:_identify(src/urdf_pkg) by extension 'colcon_meta'
[0.215s] Level 1:colcon.colcon_core.package_identification:_identify(src/urdf_pkg) by extensions ['ros']
[0.215s] Level 1:colcon.colcon_core.package_identification:_identify(src/urdf_pkg) by extension 'ros'
[0.216s] DEBUG:colcon.colcon_core.package_identification:Package 'src/urdf_pkg' with type 'ros.ament_python' and name 'urdf_pkg'
[0.216s] Level 1:colcon.colcon_core.package_discovery:discover_packages(recursive) using defaults
[0.216s] Level 1:colcon.colcon_core.package_discovery:discover_packages(ignore) discover
[0.216s] Level 1:colcon.colcon_core.package_discovery:discover_packages(ignore) using defaults
[0.216s] Level 1:colcon.colcon_core.package_discovery:discover_packages(path) discover
[0.216s] Level 1:colcon.colcon_core.package_discovery:discover_packages(path) using defaults
[0.231s] Level 1:colcon.colcon_core.package_discovery:discover_packages(prefix_path) check parameters
[0.231s] Level 1:colcon.colcon_core.package_discovery:discover_packages(prefix_path) discover
[0.232s] WARNING:colcon.colcon_ros.prefix_path.ament:The path '/home/ssafy/Workspaces/pjt_ws/install/urdf_pkg' in the environment variable AMENT_PREFIX_PATH doesn't exist
[0.232s] WARNING:colcon.colcon_ros.prefix_path.ament:The path '/home/ssafy/Workspaces/pjt_ws/install/rs_pkg' in the environment variable AMENT_PREFIX_PATH doesn't exist
[0.232s] WARNING:colcon.colcon_ros.prefix_path.ament:The path '/home/ssafy/Workspaces/pjt_ws/install/rpi_pkg' in the environment variable AMENT_PREFIX_PATH doesn't exist
[0.232s] WARNING:colcon.colcon_ros.prefix_path.ament:The path '/home/ssafy/Workspaces/pjt_ws/install/pjt' in the environment variable AMENT_PREFIX_PATH doesn't exist
[0.232s] WARNING:colcon.colcon_ros.prefix_path.ament:The path '/home/ssafy/Workspaces/pjt_ws/install/dobot_control' in the environment variable AMENT_PREFIX_PATH doesn't exist
[0.233s] DEBUG:colcon.colcon_installed_package_information.package_discovery:Found 0 installed packages in /home/ssafy/Workspaces/pjt_ws/install
[0.233s] DEBUG:colcon.colcon_installed_package_information.package_discovery:Found 15 installed packages in /home/ssafy/Workspaces/magician_ros2_control_system_ws/install
[0.234s] DEBUG:colcon.colcon_installed_package_information.package_discovery:Found 38 installed packages in /home/ssafy/Workspaces/ros2_ws/install
[0.235s] DEBUG:colcon.colcon_installed_package_information.package_discovery:Found 334 installed packages in /opt/ros/humble
[0.236s] Level 1:colcon.colcon_core.package_discovery:discover_packages(prefix_path) using defaults
[0.263s] Level 5:colcon.colcon_core.verb:set package 'dobot_pkg' build argument 'cmake_args' from command line to 'None'
[0.263s] Level 5:colcon.colcon_core.verb:set package 'dobot_pkg' build argument 'cmake_target' from command line to 'None'
[0.263s] Level 5:colcon.colcon_core.verb:set package 'dobot_pkg' build argument 'cmake_target_skip_unavailable' from command line to 'False'
[0.263s] Level 5:colcon.colcon_core.verb:set package 'dobot_pkg' build argument 'cmake_clean_cache' from command line to 'False'
[0.263s] Level 5:colcon.colcon_core.verb:set package 'dobot_pkg' build argument 'cmake_clean_first' from command line to 'False'
[0.263s] Level 5:colcon.colcon_core.verb:set package 'dobot_pkg' build argument 'cmake_force_configure' from command line to 'False'
[0.263s] Level 5:colcon.colcon_core.verb:set package 'dobot_pkg' build argument 'ament_cmake_args' from command line to 'None'
[0.263s] Level 5:colcon.colcon_core.verb:set package 'dobot_pkg' build argument 'catkin_cmake_args' from command line to 'None'
[0.263s] Level 5:colcon.colcon_core.verb:set package 'dobot_pkg' build argument 'catkin_skip_building_tests' from command line to 'False'
[0.263s] DEBUG:colcon.colcon_core.verb:Building package 'dobot_pkg' with the following arguments: {'ament_cmake_args': None, 'build_base': '/home/ssafy/Workspaces/pjt_ws/build/dobot_pkg', 'catkin_cmake_args': None, 'catkin_skip_building_tests': False, 'cmake_args': None, 'cmake_clean_cache': False, 'cmake_clean_first': False, 'cmake_force_configure': False, 'cmake_target': None, 'cmake_target_skip_unavailable': False, 'install_base': '/home/ssafy/Workspaces/pjt_ws/install/dobot_pkg', 'merge_install': False, 'path': '/home/ssafy/Workspaces/pjt_ws/src/dobot_pkg', 'symlink_install': False, 'test_result_base': None}
[0.263s] Level 5:colcon.colcon_core.verb:set package 'pjt' build argument 'cmake_args' from command line to 'None'
[0.263s] Level 5:colcon.colcon_core.verb:set package 'pjt' build argument 'cmake_target' from command line to 'None'
[0.263s] Level 5:colcon.colcon_core.verb:set package 'pjt' build argument 'cmake_target_skip_unavailable' from command line to 'False'
[0.263s] Level 5:colcon.colcon_core.verb:set package 'pjt' build argument 'cmake_clean_cache' from command line to 'False'
[0.263s] Level 5:colcon.colcon_core.verb:set package 'pjt' build argument 'cmake_clean_first' from command line to 'False'
[0.263s] Level 5:colcon.colcon_core.verb:set package 'pjt' build argument 'cmake_force_configure' from command line to 'False'
[0.263s] Level 5:colcon.colcon_core.verb:set package 'pjt' build argument 'ament_cmake_args' from command line to 'None'
[0.263s] Level 5:colcon.colcon_core.verb:set package 'pjt' build argument 'catkin_cmake_args' from command line to 'None'
[0.263s] Level 5:colcon.colcon_core.verb:set package 'pjt' build argument 'catkin_skip_building_tests' from command line to 'False'
[0.263s] DEBUG:colcon.colcon_core.verb:Building package 'pjt' with the following arguments: {'ament_cmake_args': None, 'build_base': '/home/ssafy/Workspaces/pjt_ws/build/pjt', 'catkin_cmake_args': None, 'catkin_skip_building_tests': False, 'cmake_args': None, 'cmake_clean_cache': False, 'cmake_clean_first': False, 'cmake_force_configure': False, 'cmake_target': None, 'cmake_target_skip_unavailable': False, 'install_base': '/home/ssafy/Workspaces/pjt_ws/install/pjt', 'merge_install': False, 'path': '/home/ssafy/Workspaces/pjt_ws/src/pjt', 'symlink_install': False, 'test_result_base': None}
[0.264s] Level 5:colcon.colcon_core.verb:set package 'rpi_pkg' build argument 'cmake_args' from command line to 'None'
[0.264s] Level 5:colcon.colcon_core.verb:set package 'rpi_pkg' build argument 'cmake_target' from command line to 'None'
[0.264s] Level 5:colcon.colcon_core.verb:set package 'rpi_pkg' build argument 'cmake_target_skip_unavailable' from command line to 'False'
[0.264s] Level 5:colcon.colcon_core.verb:set package 'rpi_pkg' build argument 'cmake_clean_cache' from command line to 'False'
[0.264s] Level 5:colcon.colcon_core.verb:set package 'rpi_pkg' build argument 'cmake_clean_first' from command line to 'False'
[0.264s] Level 5:colcon.colcon_core.verb:set package 'rpi_pkg' build argument 'cmake_force_configure' from command line to 'False'
[0.264s] Level 5:colcon.colcon_core.verb:set package 'rpi_pkg' build argument 'ament_cmake_args' from command line to 'None'
[0.264s] Level 5:colcon.colcon_core.verb:set package 'rpi_pkg' build argument 'catkin_cmake_args' from command line to 'None'
[0.264s] Level 5:colcon.colcon_core.verb:set package 'rpi_pkg' build argument 'catkin_skip_building_tests' from command line to 'False'
[0.264s] DEBUG:colcon.colcon_core.verb:Building package 'rpi_pkg' with the following arguments: {'ament_cmake_args': None, 'build_base': '/home/ssafy/Workspaces/pjt_ws/build/rpi_pkg', 'catkin_cmake_args': None, 'catkin_skip_building_tests': False, 'cmake_args': None, 'cmake_clean_cache': False, 'cmake_clean_first': False, 'cmake_force_configure': False, 'cmake_target': None, 'cmake_target_skip_unavailable': False, 'install_base': '/home/ssafy/Workspaces/pjt_ws/install/rpi_pkg', 'merge_install': False, 'path': '/home/ssafy/Workspaces/pjt_ws/src/rpi_pkg', 'symlink_install': False, 'test_result_base': None}
[0.264s] Level 5:colcon.colcon_core.verb:set package 'rs_pkg' build argument 'cmake_args' from command line to 'None'
[0.264s] Level 5:colcon.colcon_core.verb:set package 'rs_pkg' build argument 'cmake_target' from command line to 'None'
[0.264s] Level 5:colcon.colcon_core.verb:set package 'rs_pkg' build argument 'cmake_target_skip_unavailable' from command line to 'False'
[0.264s] Level 5:colcon.colcon_core.verb:set package 'rs_pkg' build argument 'cmake_clean_cache' from command line to 'False'
[0.264s] Level 5:colcon.colcon_core.verb:set package 'rs_pkg' build argument 'cmake_clean_first' from command line to 'False'
[0.264s] Level 5:colcon.colcon_core.verb:set package 'rs_pkg' build argument 'cmake_force_configure' from command line to 'False'
[0.264s] Level 5:colcon.colcon_core.verb:set package 'rs_pkg' build argument 'ament_cmake_args' from command line to 'None'
[0.264s] Level 5:colcon.colcon_core.verb:set package 'rs_pkg' build argument 'catkin_cmake_args' from command line to 'None'
[0.264s] Level 5:colcon.colcon_core.verb:set package 'rs_pkg' build argument 'catkin_skip_building_tests' from command line to 'False'
[0.264s] DEBUG:colcon.colcon_core.verb:Building package 'rs_pkg' with the following arguments: {'ament_cmake_args': None, 'build_base': '/home/ssafy/Workspaces/pjt_ws/build/rs_pkg', 'catkin_cmake_args': None, 'catkin_skip_building_tests': False, 'cmake_args': None, 'cmake_clean_cache': False, 'cmake_clean_first': False, 'cmake_force_configure': False, 'cmake_target': None, 'cmake_target_skip_unavailable': False, 'install_base': '/home/ssafy/Workspaces/pjt_ws/install/rs_pkg', 'merge_install': False, 'path': '/home/ssafy/Workspaces/pjt_ws/src/rs_pkg', 'symlink_install': False, 'test_result_base': None}
[0.264s] Level 5:colcon.colcon_core.verb:set package 'urdf_pkg' build argument 'cmake_args' from command line to 'None'
[0.264s] Level 5:colcon.colcon_core.verb:set package 'urdf_pkg' build argument 'cmake_target' from command line to 'None'
[0.264s] Level 5:colcon.colcon_core.verb:set package 'urdf_pkg' build argument 'cmake_target_skip_unavailable' from command line to 'False'
[0.264s] Level 5:colcon.colcon_core.verb:set package 'urdf_pkg' build argument 'cmake_clean_cache' from command line to 'False'
[0.264s] Level 5:colcon.colcon_core.verb:set package 'urdf_pkg' build argument 'cmake_clean_first' from command line to 'False'
[0.264s] Level 5:colcon.colcon_core.verb:set package 'urdf_pkg' build argument 'cmake_force_configure' from command line to 'False'
[0.264s] Level 5:colcon.colcon_core.verb:set package 'urdf_pkg' build argument 'ament_cmake_args' from command line to 'None'
[0.264s] Level 5:colcon.colcon_core.verb:set package 'urdf_pkg' build argument 'catkin_cmake_args' from command line to 'None'
[0.264s] Level 5:colcon.colcon_core.verb:set package 'urdf_pkg' build argument 'catkin_skip_building_tests' from command line to 'False'
[0.264s] DEBUG:colcon.colcon_core.verb:Building package 'urdf_pkg' with the following arguments: {'ament_cmake_args': None, 'build_base': '/home/ssafy/Workspaces/pjt_ws/build/urdf_pkg', 'catkin_cmake_args': None, 'catkin_skip_building_tests': False, 'cmake_args': None, 'cmake_clean_cache': False, 'cmake_clean_first': False, 'cmake_force_configure': False, 'cmake_target': None, 'cmake_target_skip_unavailable': False, 'install_base': '/home/ssafy/Workspaces/pjt_ws/install/urdf_pkg', 'merge_install': False, 'path': '/home/ssafy/Workspaces/pjt_ws/src/urdf_pkg', 'symlink_install': False, 'test_result_base': None}
[0.264s] INFO:colcon.colcon_core.executor:Executing jobs using 'parallel' executor
[0.265s] DEBUG:colcon.colcon_parallel_executor.executor.parallel:run_until_complete
[0.266s] INFO:colcon.colcon_ros.task.ament_python.build:Building ROS package in '/home/ssafy/Workspaces/pjt_ws/src/dobot_pkg' with build type 'ament_python'
[0.266s] Level 1:colcon.colcon_core.shell:create_environment_hook('dobot_pkg', 'ament_prefix_path')
[0.267s] INFO:colcon.colcon_core.plugin_system:Skipping extension 'colcon_core.shell.bat': Not used on non-Windows systems
[0.267s] INFO:colcon.colcon_core.shell:Creating environment hook '/home/ssafy/Workspaces/pjt_ws/install/dobot_pkg/share/dobot_pkg/hook/ament_prefix_path.ps1'
[0.268s] INFO:colcon.colcon_core.shell:Creating environment descriptor '/home/ssafy/Workspaces/pjt_ws/install/dobot_pkg/share/dobot_pkg/hook/ament_prefix_path.dsv'
[0.268s] INFO:colcon.colcon_core.shell:Creating environment hook '/home/ssafy/Workspaces/pjt_ws/install/dobot_pkg/share/dobot_pkg/hook/ament_prefix_path.sh'
[0.268s] INFO:colcon.colcon_core.shell:Skip shell extension 'powershell' for command environment: Not usable outside of PowerShell
[0.268s] DEBUG:colcon.colcon_core.shell:Skip shell extension 'dsv' for command environment
[0.272s] INFO:colcon.colcon_ros.task.ament_python.build:Building ROS package in '/home/ssafy/Workspaces/pjt_ws/src/pjt' with build type 'ament_python'
[0.272s] Level 1:colcon.colcon_core.shell:create_environment_hook('pjt', 'ament_prefix_path')
[0.272s] INFO:colcon.colcon_core.shell:Creating environment hook '/home/ssafy/Workspaces/pjt_ws/install/pjt/share/pjt/hook/ament_prefix_path.ps1'
[0.272s] INFO:colcon.colcon_core.shell:Creating environment descriptor '/home/ssafy/Workspaces/pjt_ws/install/pjt/share/pjt/hook/ament_prefix_path.dsv'
[0.273s] INFO:colcon.colcon_core.shell:Creating environment hook '/home/ssafy/Workspaces/pjt_ws/install/pjt/share/pjt/hook/ament_prefix_path.sh'
[0.273s] INFO:colcon.colcon_core.shell:Skip shell extension 'powershell' for command environment: Not usable outside of PowerShell
[0.273s] DEBUG:colcon.colcon_core.shell:Skip shell extension 'dsv' for command environment
[0.276s] INFO:colcon.colcon_ros.task.ament_python.build:Building ROS package in '/home/ssafy/Workspaces/pjt_ws/src/rpi_pkg' with build type 'ament_python'
[0.276s] Level 1:colcon.colcon_core.shell:create_environment_hook('rpi_pkg', 'ament_prefix_path')
[0.276s] INFO:colcon.colcon_core.shell:Creating environment hook '/home/ssafy/Workspaces/pjt_ws/install/rpi_pkg/share/rpi_pkg/hook/ament_prefix_path.ps1'
[0.277s] INFO:colcon.colcon_core.shell:Creating environment descriptor '/home/ssafy/Workspaces/pjt_ws/install/rpi_pkg/share/rpi_pkg/hook/ament_prefix_path.dsv'
[0.277s] INFO:colcon.colcon_core.shell:Creating environment hook '/home/ssafy/Workspaces/pjt_ws/install/rpi_pkg/share/rpi_pkg/hook/ament_prefix_path.sh'
[0.277s] INFO:colcon.colcon_core.shell:Skip shell extension 'powershell' for command environment: Not usable outside of PowerShell
[0.277s] DEBUG:colcon.colcon_core.shell:Skip shell extension 'dsv' for command environment
[0.281s] INFO:colcon.colcon_ros.task.ament_python.build:Building ROS package in '/home/ssafy/Workspaces/pjt_ws/src/rs_pkg' with build type 'ament_python'
[0.281s] Level 1:colcon.colcon_core.shell:create_environment_hook('rs_pkg', 'ament_prefix_path')
[0.281s] INFO:colcon.colcon_core.shell:Creating environment hook '/home/ssafy/Workspaces/pjt_ws/install/rs_pkg/share/rs_pkg/hook/ament_prefix_path.ps1'
[0.281s] INFO:colcon.colcon_core.shell:Creating environment descriptor '/home/ssafy/Workspaces/pjt_ws/install/rs_pkg/share/rs_pkg/hook/ament_prefix_path.dsv'
[0.282s] INFO:colcon.colcon_core.shell:Creating environment hook '/home/ssafy/Workspaces/pjt_ws/install/rs_pkg/share/rs_pkg/hook/ament_prefix_path.sh'
[0.282s] INFO:colcon.colcon_core.shell:Skip shell extension 'powershell' for command environment: Not usable outside of PowerShell
[0.282s] DEBUG:colcon.colcon_core.shell:Skip shell extension 'dsv' for command environment
[0.286s] INFO:colcon.colcon_ros.task.ament_python.build:Building ROS package in '/home/ssafy/Workspaces/pjt_ws/src/urdf_pkg' with build type 'ament_python'
[0.286s] Level 1:colcon.colcon_core.shell:create_environment_hook('urdf_pkg', 'ament_prefix_path')
[0.286s] INFO:colcon.colcon_core.shell:Creating environment hook '/home/ssafy/Workspaces/pjt_ws/install/urdf_pkg/share/urdf_pkg/hook/ament_prefix_path.ps1'
[0.286s] INFO:colcon.colcon_core.shell:Creating environment descriptor '/home/ssafy/Workspaces/pjt_ws/install/urdf_pkg/share/urdf_pkg/hook/ament_prefix_path.dsv'
[0.286s] INFO:colcon.colcon_core.shell:Creating environment hook '/home/ssafy/Workspaces/pjt_ws/install/urdf_pkg/share/urdf_pkg/hook/ament_prefix_path.sh'
[0.287s] INFO:colcon.colcon_core.shell:Skip shell extension 'powershell' for command environment: Not usable outside of PowerShell
[0.287s] DEBUG:colcon.colcon_core.shell:Skip shell extension 'dsv' for command environment
[0.489s] INFO:colcon.colcon_core.task.python.build:Building Python package in '/home/ssafy/Workspaces/pjt_ws/src/dobot_pkg'
[0.490s] INFO:colcon.colcon_core.shell:Skip shell extension 'powershell' for command environment: Not usable outside of PowerShell
[0.490s] DEBUG:colcon.colcon_core.shell:Skip shell extension 'dsv' for command environment
[0.691s] INFO:colcon.colcon_core.task.python.build:Building Python package in '/home/ssafy/Workspaces/pjt_ws/src/pjt'
[0.691s] INFO:colcon.colcon_core.shell:Skip shell extension 'powershell' for command environment: Not usable outside of PowerShell
[0.691s] DEBUG:colcon.colcon_core.shell:Skip shell extension 'dsv' for command environment
[0.894s] INFO:colcon.colcon_core.task.python.build:Building Python package in '/home/ssafy/Workspaces/pjt_ws/src/rpi_pkg'
[0.894s] INFO:colcon.colcon_core.shell:Skip shell extension 'powershell' for command environment: Not usable outside of PowerShell
[0.894s] DEBUG:colcon.colcon_core.shell:Skip shell extension 'dsv' for command environment
[1.103s] INFO:colcon.colcon_core.task.python.build:Building Python package in '/home/ssafy/Workspaces/pjt_ws/src/rs_pkg'
[1.103s] INFO:colcon.colcon_core.shell:Skip shell extension 'powershell' for command environment: Not usable outside of PowerShell
[1.103s] DEBUG:colcon.colcon_core.shell:Skip shell extension 'dsv' for command environment
[1.308s] INFO:colcon.colcon_core.task.python.build:Building Python package in '/home/ssafy/Workspaces/pjt_ws/src/urdf_pkg'
[1.308s] INFO:colcon.colcon_core.shell:Skip shell extension 'powershell' for command environment: Not usable outside of PowerShell
[1.308s] DEBUG:colcon.colcon_core.shell:Skip shell extension 'dsv' for command environment
[1.586s] DEBUG:colcon.colcon_core.event_handler.log_command:Invoking command in '/home/ssafy/Workspaces/pjt_ws/src/dobot_pkg': PYTHONPATH=/home/ssafy/Workspaces/pjt_ws/build/dobot_pkg/prefix_override:/usr/lib/python3/dist-packages/colcon_core/task/python/colcon_distutils_commands:/home/ssafy/Workspaces/pjt_ws/install/dobot_pkg/lib/python3.10/site-packages:${PYTHONPATH} /usr/bin/python3 -W ignore:setup.py install is deprecated -W ignore:easy_install command is deprecated setup.py egg_info --egg-base ../../build/dobot_pkg build --build-base /home/ssafy/Workspaces/pjt_ws/build/dobot_pkg/build install --record /home/ssafy/Workspaces/pjt_ws/build/dobot_pkg/install.log --single-version-externally-managed install_data
[1.590s] DEBUG:colcon.colcon_core.event_handler.log_command:Invoking command in '/home/ssafy/Workspaces/pjt_ws/src/pjt': PYTHONPATH=/home/ssafy/Workspaces/pjt_ws/build/pjt/prefix_override:/usr/lib/python3/dist-packages/colcon_core/task/python/colcon_distutils_commands:/home/ssafy/Workspaces/pjt_ws/install/pjt/lib/python3.10/site-packages:${PYTHONPATH} /usr/bin/python3 -W ignore:setup.py install is deprecated -W ignore:easy_install command is deprecated setup.py egg_info --egg-base ../../build/pjt build --build-base /home/ssafy/Workspaces/pjt_ws/build/pjt/build install --record /home/ssafy/Workspaces/pjt_ws/build/pjt/install.log --single-version-externally-managed install_data
[1.605s] DEBUG:colcon.colcon_core.event_handler.log_command:Invoking command in '/home/ssafy/Workspaces/pjt_ws/src/rs_pkg': PYTHONPATH=/home/ssafy/Workspaces/pjt_ws/build/rs_pkg/prefix_override:/usr/lib/python3/dist-packages/colcon_core/task/python/colcon_distutils_commands:/home/ssafy/Workspaces/pjt_ws/install/rs_pkg/lib/python3.10/site-packages:${PYTHONPATH} /usr/bin/python3 -W ignore:setup.py install is deprecated -W ignore:easy_install command is deprecated setup.py egg_info --egg-base ../../build/rs_pkg build --build-base /home/ssafy/Workspaces/pjt_ws/build/rs_pkg/build install --record /home/ssafy/Workspaces/pjt_ws/build/rs_pkg/install.log --single-version-externally-managed install_data
[1.610s] DEBUG:colcon.colcon_core.event_handler.log_command:Invoking command in '/home/ssafy/Workspaces/pjt_ws/src/rpi_pkg': PYTHONPATH=/home/ssafy/Workspaces/pjt_ws/build/rpi_pkg/prefix_override:/usr/lib/python3/dist-packages/colcon_core/task/python/colcon_distutils_commands:/home/ssafy/Workspaces/pjt_ws/install/rpi_pkg/lib/python3.10/site-packages:${PYTHONPATH} /usr/bin/python3 -W ignore:setup.py install is deprecated -W ignore:easy_install command is deprecated setup.py egg_info --egg-base ../../build/rpi_pkg build --build-base /home/ssafy/Workspaces/pjt_ws/build/rpi_pkg/build install --record /home/ssafy/Workspaces/pjt_ws/build/rpi_pkg/install.log --single-version-externally-managed install_data
[1.611s] DEBUG:colcon.colcon_core.event_handler.log_command:Invoking command in '/home/ssafy/Workspaces/pjt_ws/src/urdf_pkg': PYTHONPATH=/home/ssafy/Workspaces/pjt_ws/build/urdf_pkg/prefix_override:/usr/lib/python3/dist-packages/colcon_core/task/python/colcon_distutils_commands:/home/ssafy/Workspaces/pjt_ws/install/urdf_pkg/lib/python3.10/site-packages:${PYTHONPATH} /usr/bin/python3 -W ignore:setup.py install is deprecated -W ignore:easy_install command is deprecated setup.py egg_info --egg-base ../../build/urdf_pkg build --build-base /home/ssafy/Workspaces/pjt_ws/build/urdf_pkg/build install --record /home/ssafy/Workspaces/pjt_ws/build/urdf_pkg/install.log --single-version-externally-managed install_data
[1.826s] DEBUG:colcon.colcon_core.event_handler.log_command:Invoked command in '/home/ssafy/Workspaces/pjt_ws/src/dobot_pkg' returned '0': PYTHONPATH=/home/ssafy/Workspaces/pjt_ws/build/dobot_pkg/prefix_override:/usr/lib/python3/dist-packages/colcon_core/task/python/colcon_distutils_commands:/home/ssafy/Workspaces/pjt_ws/install/dobot_pkg/lib/python3.10/site-packages:${PYTHONPATH} /usr/bin/python3 -W ignore:setup.py install is deprecated -W ignore:easy_install command is deprecated setup.py egg_info --egg-base ../../build/dobot_pkg build --build-base /home/ssafy/Workspaces/pjt_ws/build/dobot_pkg/build install --record /home/ssafy/Workspaces/pjt_ws/build/dobot_pkg/install.log --single-version-externally-managed install_data
[1.828s] Level 1:colcon.colcon_core.environment:checking '/home/ssafy/Workspaces/pjt_ws/install/dobot_pkg' for CMake module files
[1.829s] Level 1:colcon.colcon_core.environment:checking '/home/ssafy/Workspaces/pjt_ws/install/dobot_pkg' for CMake config files
[1.829s] Level 1:colcon.colcon_core.environment:checking '/home/ssafy/Workspaces/pjt_ws/install/dobot_pkg/lib'
[1.829s] Level 1:colcon.colcon_core.environment:checking '/home/ssafy/Workspaces/pjt_ws/install/dobot_pkg/bin'
[1.829s] Level 1:colcon.colcon_core.environment:checking '/home/ssafy/Workspaces/pjt_ws/install/dobot_pkg/lib/pkgconfig/dobot_pkg.pc'
[1.829s] Level 1:colcon.colcon_core.environment:checking '/home/ssafy/Workspaces/pjt_ws/install/dobot_pkg/lib/python3.10/site-packages'
[1.829s] Level 1:colcon.colcon_core.shell:create_environment_hook('dobot_pkg', 'pythonpath')
[1.829s] INFO:colcon.colcon_core.shell:Creating environment hook '/home/ssafy/Workspaces/pjt_ws/install/dobot_pkg/share/dobot_pkg/hook/pythonpath.ps1'
[1.830s] INFO:colcon.colcon_core.shell:Creating environment descriptor '/home/ssafy/Workspaces/pjt_ws/install/dobot_pkg/share/dobot_pkg/hook/pythonpath.dsv'
[1.830s] INFO:colcon.colcon_core.shell:Creating environment hook '/home/ssafy/Workspaces/pjt_ws/install/dobot_pkg/share/dobot_pkg/hook/pythonpath.sh'
[1.831s] Level 1:colcon.colcon_core.environment:checking '/home/ssafy/Workspaces/pjt_ws/install/dobot_pkg/bin'
[1.831s] Level 1:colcon.colcon_core.environment:create_environment_scripts_only(dobot_pkg)
[1.831s] INFO:colcon.colcon_core.shell:Creating package script '/home/ssafy/Workspaces/pjt_ws/install/dobot_pkg/share/dobot_pkg/package.ps1'
[1.831s] INFO:colcon.colcon_core.shell:Creating package descriptor '/home/ssafy/Workspaces/pjt_ws/install/dobot_pkg/share/dobot_pkg/package.dsv'
[1.832s] INFO:colcon.colcon_core.shell:Creating package script '/home/ssafy/Workspaces/pjt_ws/install/dobot_pkg/share/dobot_pkg/package.sh'
[1.832s] INFO:colcon.colcon_core.shell:Creating package script '/home/ssafy/Workspaces/pjt_ws/install/dobot_pkg/share/dobot_pkg/package.bash'
[1.833s] INFO:colcon.colcon_core.shell:Creating package script '/home/ssafy/Workspaces/pjt_ws/install/dobot_pkg/share/dobot_pkg/package.zsh'
[1.833s] Level 1:colcon.colcon_core.environment:create_file_with_runtime_dependencies(/home/ssafy/Workspaces/pjt_ws/install/dobot_pkg/share/colcon-core/packages/dobot_pkg)
[1.834s] Level 1:colcon.colcon_core.environment:checking '/home/ssafy/Workspaces/pjt_ws/install/pjt' for CMake module files
[1.835s] Level 1:colcon.colcon_core.environment:checking '/home/ssafy/Workspaces/pjt_ws/install/pjt' for CMake config files
[1.835s] DEBUG:colcon.colcon_core.event_handler.log_command:Invoked command in '/home/ssafy/Workspaces/pjt_ws/src/pjt' returned '0': PYTHONPATH=/home/ssafy/Workspaces/pjt_ws/build/pjt/prefix_override:/usr/lib/python3/dist-packages/colcon_core/task/python/colcon_distutils_commands:/home/ssafy/Workspaces/pjt_ws/install/pjt/lib/python3.10/site-packages:${PYTHONPATH} /usr/bin/python3 -W ignore:setup.py install is deprecated -W ignore:easy_install command is deprecated setup.py egg_info --egg-base ../../build/pjt build --build-base /home/ssafy/Workspaces/pjt_ws/build/pjt/build install --record /home/ssafy/Workspaces/pjt_ws/build/pjt/install.log --single-version-externally-managed install_data
[1.835s] Level 1:colcon.colcon_core.environment:checking '/home/ssafy/Workspaces/pjt_ws/install/pjt/lib'
[1.835s] Level 1:colcon.colcon_core.environment:checking '/home/ssafy/Workspaces/pjt_ws/install/pjt/bin'
[1.835s] Level 1:colcon.colcon_core.environment:checking '/home/ssafy/Workspaces/pjt_ws/install/pjt/lib/pkgconfig/pjt.pc'
[1.836s] Level 1:colcon.colcon_core.environment:checking '/home/ssafy/Workspaces/pjt_ws/install/pjt/lib/python3.10/site-packages'
[1.836s] Level 1:colcon.colcon_core.shell:create_environment_hook('pjt', 'pythonpath')
[1.836s] INFO:colcon.colcon_core.shell:Creating environment hook '/home/ssafy/Workspaces/pjt_ws/install/pjt/share/pjt/hook/pythonpath.ps1'
[1.836s] INFO:colcon.colcon_core.shell:Creating environment descriptor '/home/ssafy/Workspaces/pjt_ws/install/pjt/share/pjt/hook/pythonpath.dsv'
[1.836s] INFO:colcon.colcon_core.shell:Creating environment hook '/home/ssafy/Workspaces/pjt_ws/install/pjt/share/pjt/hook/pythonpath.sh'
[1.836s] Level 1:colcon.colcon_core.environment:checking '/home/ssafy/Workspaces/pjt_ws/install/pjt/bin'
[1.837s] Level 1:colcon.colcon_core.environment:create_environment_scripts_only(pjt)
[1.837s] INFO:colcon.colcon_core.shell:Creating package script '/home/ssafy/Workspaces/pjt_ws/install/pjt/share/pjt/package.ps1'
[1.837s] INFO:colcon.colcon_core.shell:Creating package descriptor '/home/ssafy/Workspaces/pjt_ws/install/pjt/share/pjt/package.dsv'
[1.837s] INFO:colcon.colcon_core.shell:Creating package script '/home/ssafy/Workspaces/pjt_ws/install/pjt/share/pjt/package.sh'
[1.837s] INFO:colcon.colcon_core.shell:Creating package script '/home/ssafy/Workspaces/pjt_ws/install/pjt/share/pjt/package.bash'
[1.838s] INFO:colcon.colcon_core.shell:Creating package script '/home/ssafy/Workspaces/pjt_ws/install/pjt/share/pjt/package.zsh'
[1.838s] Level 1:colcon.colcon_core.environment:create_file_with_runtime_dependencies(/home/ssafy/Workspaces/pjt_ws/install/pjt/share/colcon-core/packages/pjt)
[1.839s] Level 1:colcon.colcon_core.environment:checking '/home/ssafy/Workspaces/pjt_ws/install/rs_pkg' for CMake module files
[1.839s] DEBUG:colcon.colcon_core.event_handler.log_command:Invoked command in '/home/ssafy/Workspaces/pjt_ws/src/rs_pkg' returned '0': PYTHONPATH=/home/ssafy/Workspaces/pjt_ws/build/rs_pkg/prefix_override:/usr/lib/python3/dist-packages/colcon_core/task/python/colcon_distutils_commands:/home/ssafy/Workspaces/pjt_ws/install/rs_pkg/lib/python3.10/site-packages:${PYTHONPATH} /usr/bin/python3 -W ignore:setup.py install is deprecated -W ignore:easy_install command is deprecated setup.py egg_info --egg-base ../../build/rs_pkg build --build-base /home/ssafy/Workspaces/pjt_ws/build/rs_pkg/build install --record /home/ssafy/Workspaces/pjt_ws/build/rs_pkg/install.log --single-version-externally-managed install_data
[1.839s] Level 1:colcon.colcon_core.environment:checking '/home/ssafy/Workspaces/pjt_ws/install/rs_pkg' for CMake config files
[1.839s] Level 1:colcon.colcon_core.environment:checking '/home/ssafy/Workspaces/pjt_ws/install/rs_pkg/lib'
[1.839s] Level 1:colcon.colcon_core.environment:checking '/home/ssafy/Workspaces/pjt_ws/install/rs_pkg/bin'
[1.840s] Level 1:colcon.colcon_core.environment:checking '/home/ssafy/Workspaces/pjt_ws/install/rs_pkg/lib/pkgconfig/rs_pkg.pc'
[1.840s] Level 1:colcon.colcon_core.environment:checking '/home/ssafy/Workspaces/pjt_ws/install/rs_pkg/lib/python3.10/site-packages'
[1.840s] Level 1:colcon.colcon_core.shell:create_environment_hook('rs_pkg', 'pythonpath')
[1.840s] INFO:colcon.colcon_core.shell:Creating environment hook '/home/ssafy/Workspaces/pjt_ws/install/rs_pkg/share/rs_pkg/hook/pythonpath.ps1'
[1.840s] INFO:colcon.colcon_core.shell:Creating environment descriptor '/home/ssafy/Workspaces/pjt_ws/install/rs_pkg/share/rs_pkg/hook/pythonpath.dsv'
[1.840s] INFO:colcon.colcon_core.shell:Creating environment hook '/home/ssafy/Workspaces/pjt_ws/install/rs_pkg/share/rs_pkg/hook/pythonpath.sh'
[1.841s] Level 1:colcon.colcon_core.environment:checking '/home/ssafy/Workspaces/pjt_ws/install/rs_pkg/bin'
[1.841s] Level 1:colcon.colcon_core.environment:create_environment_scripts_only(rs_pkg)
[1.841s] INFO:colcon.colcon_core.shell:Creating package script '/home/ssafy/Workspaces/pjt_ws/install/rs_pkg/share/rs_pkg/package.ps1'
[1.841s] INFO:colcon.colcon_core.shell:Creating package descriptor '/home/ssafy/Workspaces/pjt_ws/install/rs_pkg/share/rs_pkg/package.dsv'
[1.841s] INFO:colcon.colcon_core.shell:Creating package script '/home/ssafy/Workspaces/pjt_ws/install/rs_pkg/share/rs_pkg/package.sh'
[1.841s] INFO:colcon.colcon_core.shell:Creating package script '/home/ssafy/Workspaces/pjt_ws/install/rs_pkg/share/rs_pkg/package.bash'
[1.842s] INFO:colcon.colcon_core.shell:Creating package script '/home/ssafy/Workspaces/pjt_ws/install/rs_pkg/share/rs_pkg/package.zsh'
[1.842s] Level 1:colcon.colcon_core.environment:create_file_with_runtime_dependencies(/home/ssafy/Workspaces/pjt_ws/install/rs_pkg/share/colcon-core/packages/rs_pkg)
[1.843s] Level 1:colcon.colcon_core.environment:checking '/home/ssafy/Workspaces/pjt_ws/install/rpi_pkg' for CMake module files
[1.843s] DEBUG:colcon.colcon_core.event_handler.log_command:Invoked command in '/home/ssafy/Workspaces/pjt_ws/src/rpi_pkg' returned '0': PYTHONPATH=/home/ssafy/Workspaces/pjt_ws/build/rpi_pkg/prefix_override:/usr/lib/python3/dist-packages/colcon_core/task/python/colcon_distutils_commands:/home/ssafy/Workspaces/pjt_ws/install/rpi_pkg/lib/python3.10/site-packages:${PYTHONPATH} /usr/bin/python3 -W ignore:setup.py install is deprecated -W ignore:easy_install command is deprecated setup.py egg_info --egg-base ../../build/rpi_pkg build --build-base /home/ssafy/Workspaces/pjt_ws/build/rpi_pkg/build install --record /home/ssafy/Workspaces/pjt_ws/build/rpi_pkg/install.log --single-version-externally-managed install_data
[1.844s] Level 1:colcon.colcon_core.environment:checking '/home/ssafy/Workspaces/pjt_ws/install/rpi_pkg' for CMake config files
[1.844s] Level 1:colcon.colcon_core.environment:checking '/home/ssafy/Workspaces/pjt_ws/install/rpi_pkg/lib'
[1.844s] Level 1:colcon.colcon_core.environment:checking '/home/ssafy/Workspaces/pjt_ws/install/rpi_pkg/bin'
[1.845s] Level 1:colcon.colcon_core.environment:checking '/home/ssafy/Workspaces/pjt_ws/install/rpi_pkg/lib/pkgconfig/rpi_pkg.pc'
[1.845s] Level 1:colcon.colcon_core.environment:checking '/home/ssafy/Workspaces/pjt_ws/install/rpi_pkg/lib/python3.10/site-packages'
[1.845s] Level 1:colcon.colcon_core.shell:create_environment_hook('rpi_pkg', 'pythonpath')
[1.845s] INFO:colcon.colcon_core.shell:Creating environment hook '/home/ssafy/Workspaces/pjt_ws/install/rpi_pkg/share/rpi_pkg/hook/pythonpath.ps1'
[1.846s] INFO:colcon.colcon_core.shell:Creating environment descriptor '/home/ssafy/Workspaces/pjt_ws/install/rpi_pkg/share/rpi_pkg/hook/pythonpath.dsv'
[1.846s] INFO:colcon.colcon_core.shell:Creating environment hook '/home/ssafy/Workspaces/pjt_ws/install/rpi_pkg/share/rpi_pkg/hook/pythonpath.sh'
[1.847s] Level 1:colcon.colcon_core.environment:checking '/home/ssafy/Workspaces/pjt_ws/install/rpi_pkg/bin'
[1.847s] Level 1:colcon.colcon_core.environment:create_environment_scripts_only(rpi_pkg)
[1.848s] INFO:colcon.colcon_core.shell:Creating package script '/home/ssafy/Workspaces/pjt_ws/install/rpi_pkg/share/rpi_pkg/package.ps1'
[1.848s] INFO:colcon.colcon_core.shell:Creating package descriptor '/home/ssafy/Workspaces/pjt_ws/install/rpi_pkg/share/rpi_pkg/package.dsv'
[1.849s] INFO:colcon.colcon_core.shell:Creating package script '/home/ssafy/Workspaces/pjt_ws/install/rpi_pkg/share/rpi_pkg/package.sh'
[1.849s] INFO:colcon.colcon_core.shell:Creating package script '/home/ssafy/Workspaces/pjt_ws/install/rpi_pkg/share/rpi_pkg/package.bash'
[1.850s] INFO:colcon.colcon_core.shell:Creating package script '/home/ssafy/Workspaces/pjt_ws/install/rpi_pkg/share/rpi_pkg/package.zsh'
[1.850s] Level 1:colcon.colcon_core.environment:create_file_with_runtime_dependencies(/home/ssafy/Workspaces/pjt_ws/install/rpi_pkg/share/colcon-core/packages/rpi_pkg)
[1.851s] Level 1:colcon.colcon_core.environment:checking '/home/ssafy/Workspaces/pjt_ws/install/urdf_pkg' for CMake module files
[1.852s] DEBUG:colcon.colcon_core.event_handler.log_command:Invoked command in '/home/ssafy/Workspaces/pjt_ws/src/urdf_pkg' returned '0': PYTHONPATH=/home/ssafy/Workspaces/pjt_ws/build/urdf_pkg/prefix_override:/usr/lib/python3/dist-packages/colcon_core/task/python/colcon_distutils_commands:/home/ssafy/Workspaces/pjt_ws/install/urdf_pkg/lib/python3.10/site-packages:${PYTHONPATH} /usr/bin/python3 -W ignore:setup.py install is deprecated -W ignore:easy_install command is deprecated setup.py egg_info --egg-base ../../build/urdf_pkg build --build-base /home/ssafy/Workspaces/pjt_ws/build/urdf_pkg/build install --record /home/ssafy/Workspaces/pjt_ws/build/urdf_pkg/install.log --single-version-externally-managed install_data
[1.852s] Level 1:colcon.colcon_core.environment:checking '/home/ssafy/Workspaces/pjt_ws/install/urdf_pkg' for CMake config files
[1.853s] Level 1:colcon.colcon_core.environment:checking '/home/ssafy/Workspaces/pjt_ws/install/urdf_pkg/lib'
[1.853s] Level 1:colcon.colcon_core.environment:checking '/home/ssafy/Workspaces/pjt_ws/install/urdf_pkg/bin'
[1.853s] Level 1:colcon.colcon_core.environment:checking '/home/ssafy/Workspaces/pjt_ws/install/urdf_pkg/lib/pkgconfig/urdf_pkg.pc'
[1.853s] Level 1:colcon.colcon_core.environment:checking '/home/ssafy/Workspaces/pjt_ws/install/urdf_pkg/lib/python3.10/site-packages'
[1.853s] Level 1:colcon.colcon_core.shell:create_environment_hook('urdf_pkg', 'pythonpath')
[1.853s] INFO:colcon.colcon_core.shell:Creating environment hook '/home/ssafy/Workspaces/pjt_ws/install/urdf_pkg/share/urdf_pkg/hook/pythonpath.ps1'
[1.854s] INFO:colcon.colcon_core.shell:Creating environment descriptor '/home/ssafy/Workspaces/pjt_ws/install/urdf_pkg/share/urdf_pkg/hook/pythonpath.dsv'
[1.854s] INFO:colcon.colcon_core.shell:Creating environment hook '/home/ssafy/Workspaces/pjt_ws/install/urdf_pkg/share/urdf_pkg/hook/pythonpath.sh'
[1.855s] Level 1:colcon.colcon_core.environment:checking '/home/ssafy/Workspaces/pjt_ws/install/urdf_pkg/bin'
[1.855s] Level 1:colcon.colcon_core.environment:create_environment_scripts_only(urdf_pkg)
[1.855s] INFO:colcon.colcon_core.shell:Creating package script '/home/ssafy/Workspaces/pjt_ws/install/urdf_pkg/share/urdf_pkg/package.ps1'
[1.856s] INFO:colcon.colcon_core.shell:Creating package descriptor '/home/ssafy/Workspaces/pjt_ws/install/urdf_pkg/share/urdf_pkg/package.dsv'
[1.856s] INFO:colcon.colcon_core.shell:Creating package script '/home/ssafy/Workspaces/pjt_ws/install/urdf_pkg/share/urdf_pkg/package.sh'
[1.857s] INFO:colcon.colcon_core.shell:Creating package script '/home/ssafy/Workspaces/pjt_ws/install/urdf_pkg/share/urdf_pkg/package.bash'
[1.857s] INFO:colcon.colcon_core.shell:Creating package script '/home/ssafy/Workspaces/pjt_ws/install/urdf_pkg/share/urdf_pkg/package.zsh'
[1.857s] Level 1:colcon.colcon_core.environment:create_file_with_runtime_dependencies(/home/ssafy/Workspaces/pjt_ws/install/urdf_pkg/share/colcon-core/packages/urdf_pkg)
[1.857s] DEBUG:colcon.colcon_parallel_executor.executor.parallel:closing loop
[1.857s] DEBUG:colcon.colcon_parallel_executor.executor.parallel:loop closed
[1.857s] DEBUG:colcon.colcon_parallel_executor.executor.parallel:run_until_complete finished with '0'
[1.857s] DEBUG:colcon.colcon_core.event_reactor:joining thread
[1.862s] INFO:colcon.colcon_core.plugin_system:Skipping extension 'colcon_notification.desktop_notification.terminal_notifier': Not used on non-Darwin systems
[1.862s] INFO:colcon.colcon_core.plugin_system:Skipping extension 'colcon_notification.desktop_notification.win32': Not used on non-Windows systems
[1.862s] INFO:colcon.colcon_notification.desktop_notification:Sending desktop notification using 'notify2'
[1.872s] DEBUG:colcon.colcon_core.event_reactor:joined thread
[1.873s] INFO:colcon.colcon_core.shell:Creating prefix script '/home/ssafy/Workspaces/pjt_ws/install/local_setup.ps1'
[1.876s] INFO:colcon.colcon_core.shell:Creating prefix util module '/home/ssafy/Workspaces/pjt_ws/install/_local_setup_util_ps1.py'
[1.879s] INFO:colcon.colcon_core.shell:Creating prefix chain script '/home/ssafy/Workspaces/pjt_ws/install/setup.ps1'
[1.880s] INFO:colcon.colcon_core.shell:Creating prefix script '/home/ssafy/Workspaces/pjt_ws/install/local_setup.sh'
[1.880s] INFO:colcon.colcon_core.shell:Creating prefix util module '/home/ssafy/Workspaces/pjt_ws/install/_local_setup_util_sh.py'
[1.881s] INFO:colcon.colcon_core.shell:Creating prefix chain script '/home/ssafy/Workspaces/pjt_ws/install/setup.sh'
[1.882s] INFO:colcon.colcon_core.shell:Creating prefix script '/home/ssafy/Workspaces/pjt_ws/install/local_setup.bash'
[1.883s] INFO:colcon.colcon_core.shell:Creating prefix chain script '/home/ssafy/Workspaces/pjt_ws/install/setup.bash'
[1.887s] INFO:colcon.colcon_core.shell:Creating prefix script '/home/ssafy/Workspaces/pjt_ws/install/local_setup.zsh'
[1.889s] INFO:colcon.colcon_core.shell:Creating prefix chain script '/home/ssafy/Workspaces/pjt_ws/install/setup.zsh'
