[1.333s] Invoking command in '/home/ssafy/Workspaces/pjt_ws/src/rpi_pkg': PYTHONPATH=/home/ssafy/Workspaces/pjt_ws/build/rpi_pkg/prefix_override:/usr/lib/python3/dist-packages/colcon_core/task/python/colcon_distutils_commands:/home/ssafy/Workspaces/pjt_ws/install/rpi_pkg/lib/python3.10/site-packages:${PYTHONPATH} /usr/bin/python3 -W ignore:setup.py install is deprecated -W ignore:easy_install command is deprecated setup.py egg_info --egg-base ../../build/rpi_pkg build --build-base /home/ssafy/Workspaces/pjt_ws/build/rpi_pkg/build install --record /home/ssafy/Workspaces/pjt_ws/build/rpi_pkg/install.log --single-version-externally-managed install_data
[1.520s] running egg_info
[1.521s] creating ../../build/rpi_pkg/rpi_pkg.egg-info
[1.521s] writing ../../build/rpi_pkg/rpi_pkg.egg-info/PKG-INFO
[1.521s] writing dependency_links to ../../build/rpi_pkg/rpi_pkg.egg-info/dependency_links.txt
[1.521s] writing entry points to ../../build/rpi_pkg/rpi_pkg.egg-info/entry_points.txt
[1.521s] writing requirements to ../../build/rpi_pkg/rpi_pkg.egg-info/requires.txt
[1.521s] writing top-level names to ../../build/rpi_pkg/rpi_pkg.egg-info/top_level.txt
[1.522s] writing manifest file '../../build/rpi_pkg/rpi_pkg.egg-info/SOURCES.txt'
[1.522s] reading manifest file '../../build/rpi_pkg/rpi_pkg.egg-info/SOURCES.txt'
[1.523s] writing manifest file '../../build/rpi_pkg/rpi_pkg.egg-info/SOURCES.txt'
[1.523s] running build
[1.523s] running build_py
[1.523s] creating /home/ssafy/Workspaces/pjt_ws/build/rpi_pkg/build
[1.523s] creating /home/ssafy/Workspaces/pjt_ws/build/rpi_pkg/build/lib
[1.523s] creating /home/ssafy/Workspaces/pjt_ws/build/rpi_pkg/build/lib/rpi_pkg
[1.523s] copying rpi_pkg/servo.py -> /home/ssafy/Workspaces/pjt_ws/build/rpi_pkg/build/lib/rpi_pkg
[1.523s] copying rpi_pkg/conveyor.py -> /home/ssafy/Workspaces/pjt_ws/build/rpi_pkg/build/lib/rpi_pkg
[1.524s] copying rpi_pkg/step_motor.py -> /home/ssafy/Workspaces/pjt_ws/build/rpi_pkg/build/lib/rpi_pkg
[1.524s] copying rpi_pkg/switch.py -> /home/ssafy/Workspaces/pjt_ws/build/rpi_pkg/build/lib/rpi_pkg
[1.524s] copying rpi_pkg/__init__.py -> /home/ssafy/Workspaces/pjt_ws/build/rpi_pkg/build/lib/rpi_pkg
[1.524s] copying rpi_pkg/rpi_client.py -> /home/ssafy/Workspaces/pjt_ws/build/rpi_pkg/build/lib/rpi_pkg
[1.524s] running install
[1.524s] running install_lib
[1.524s] creating /home/ssafy/Workspaces/pjt_ws/install/rpi_pkg/lib/python3.10/site-packages/rpi_pkg
[1.524s] copying /home/ssafy/Workspaces/pjt_ws/build/rpi_pkg/build/lib/rpi_pkg/servo.py -> /home/ssafy/Workspaces/pjt_ws/install/rpi_pkg/lib/python3.10/site-packages/rpi_pkg
[1.524s] copying /home/ssafy/Workspaces/pjt_ws/build/rpi_pkg/build/lib/rpi_pkg/conveyor.py -> /home/ssafy/Workspaces/pjt_ws/install/rpi_pkg/lib/python3.10/site-packages/rpi_pkg
[1.525s] copying /home/ssafy/Workspaces/pjt_ws/build/rpi_pkg/build/lib/rpi_pkg/step_motor.py -> /home/ssafy/Workspaces/pjt_ws/install/rpi_pkg/lib/python3.10/site-packages/rpi_pkg
[1.525s] copying /home/ssafy/Workspaces/pjt_ws/build/rpi_pkg/build/lib/rpi_pkg/switch.py -> /home/ssafy/Workspaces/pjt_ws/install/rpi_pkg/lib/python3.10/site-packages/rpi_pkg
[1.525s] copying /home/ssafy/Workspaces/pjt_ws/build/rpi_pkg/build/lib/rpi_pkg/__init__.py -> /home/ssafy/Workspaces/pjt_ws/install/rpi_pkg/lib/python3.10/site-packages/rpi_pkg
[1.525s] copying /home/ssafy/Workspaces/pjt_ws/build/rpi_pkg/build/lib/rpi_pkg/rpi_client.py -> /home/ssafy/Workspaces/pjt_ws/install/rpi_pkg/lib/python3.10/site-packages/rpi_pkg
[1.525s] byte-compiling /home/ssafy/Workspaces/pjt_ws/install/rpi_pkg/lib/python3.10/site-packages/rpi_pkg/servo.py to servo.cpython-310.pyc
[1.525s] byte-compiling /home/ssafy/Workspaces/pjt_ws/install/rpi_pkg/lib/python3.10/site-packages/rpi_pkg/conveyor.py to conveyor.cpython-310.pyc
[1.525s] byte-compiling /home/ssafy/Workspaces/pjt_ws/install/rpi_pkg/lib/python3.10/site-packages/rpi_pkg/step_motor.py to step_motor.cpython-310.pyc
[1.526s] byte-compiling /home/ssafy/Workspaces/pjt_ws/install/rpi_pkg/lib/python3.10/site-packages/rpi_pkg/switch.py to switch.cpython-310.pyc
[1.526s] byte-compiling /home/ssafy/Workspaces/pjt_ws/install/rpi_pkg/lib/python3.10/site-packages/rpi_pkg/__init__.py to __init__.cpython-310.pyc
[1.526s] byte-compiling /home/ssafy/Workspaces/pjt_ws/install/rpi_pkg/lib/python3.10/site-packages/rpi_pkg/rpi_client.py to rpi_client.cpython-310.pyc
[1.526s] running install_data
[1.526s] creating /home/ssafy/Workspaces/pjt_ws/install/rpi_pkg/share/ament_index
[1.526s] creating /home/ssafy/Workspaces/pjt_ws/install/rpi_pkg/share/ament_index/resource_index
[1.526s] creating /home/ssafy/Workspaces/pjt_ws/install/rpi_pkg/share/ament_index/resource_index/packages
[1.527s] copying resource/rpi_pkg -> /home/ssafy/Workspaces/pjt_ws/install/rpi_pkg/share/ament_index/resource_index/packages
[1.527s] copying package.xml -> /home/ssafy/Workspaces/pjt_ws/install/rpi_pkg/share/rpi_pkg
[1.527s] creating /home/ssafy/Workspaces/pjt_ws/install/rpi_pkg/share/rpi_pkg/launch
[1.527s] running install_egg_info
[1.528s] Copying ../../build/rpi_pkg/rpi_pkg.egg-info to /home/ssafy/Workspaces/pjt_ws/install/rpi_pkg/lib/python3.10/site-packages/rpi_pkg-0.0.0-py3.10.egg-info
[1.528s] running install_scripts
[1.544s] Installing conveyor_node script to /home/ssafy/Workspaces/pjt_ws/install/rpi_pkg/lib/rpi_pkg
[1.544s] writing list of installed files to '/home/ssafy/Workspaces/pjt_ws/build/rpi_pkg/install.log'
[1.567s] Invoked command in '/home/ssafy/Workspaces/pjt_ws/src/rpi_pkg' returned '0': PYTHONPATH=/home/ssafy/Workspaces/pjt_ws/build/rpi_pkg/prefix_override:/usr/lib/python3/dist-packages/colcon_core/task/python/colcon_distutils_commands:/home/ssafy/Workspaces/pjt_ws/install/rpi_pkg/lib/python3.10/site-packages:${PYTHONPATH} /usr/bin/python3 -W ignore:setup.py install is deprecated -W ignore:easy_install command is deprecated setup.py egg_info --egg-base ../../build/rpi_pkg build --build-base /home/ssafy/Workspaces/pjt_ws/build/rpi_pkg/build install --record /home/ssafy/Workspaces/pjt_ws/build/rpi_pkg/install.log --single-version-externally-managed install_data
