[1.144s] Invoking command in '/home/ssafy/SSAFY-Smart_Factory/ros2_ws/build/vision_pkg': PYTHONPATH=/home/ssafy/SSAFY-Smart_Factory/ros2_ws/build/vision_pkg/prefix_override:/usr/lib/python3/dist-packages/colcon_core/task/python/colcon_distutils_commands:/home/ssafy/SSAFY-Smart_Factory/ros2_ws/install/vision_pkg/lib/python3.10/site-packages:${PYTHONPATH} /usr/bin/python3 -W ignore:setup.py install is deprecated -W ignore:easy_install command is deprecated setup.py develop --editable --build-directory /home/ssafy/SSAFY-Smart_Factory/ros2_ws/build/vision_pkg/build --no-deps symlink_data
[1.347s] running develop
[1.468s] running egg_info
[1.468s] creating vision_pkg.egg-info
[1.468s] writing vision_pkg.egg-info/PKG-INFO
[1.468s] writing dependency_links to vision_pkg.egg-info/dependency_links.txt
[1.468s] writing entry points to vision_pkg.egg-info/entry_points.txt
[1.468s] writing requirements to vision_pkg.egg-info/requires.txt
[1.468s] writing top-level names to vision_pkg.egg-info/top_level.txt
[1.468s] writing manifest file 'vision_pkg.egg-info/SOURCES.txt'
[1.469s] reading manifest file 'vision_pkg.egg-info/SOURCES.txt'
[1.469s] writing manifest file 'vision_pkg.egg-info/SOURCES.txt'
[1.470s] running build_ext
[1.470s] Creating /home/ssafy/SSAFY-Smart_Factory/ros2_ws/install/vision_pkg/lib/python3.10/site-packages/vision-pkg.egg-link (link to .)
[1.470s] Installing perspective_transformer_node script to /home/ssafy/SSAFY-Smart_Factory/ros2_ws/install/vision_pkg/lib/rs_pkg
[1.470s] 
[1.470s] Installed /home/ssafy/SSAFY-Smart_Factory/ros2_ws/build/vision_pkg
[1.471s] running symlink_data
[1.471s] creating /home/ssafy/SSAFY-Smart_Factory/ros2_ws/install/vision_pkg/share/ament_index
[1.471s] creating /home/ssafy/SSAFY-Smart_Factory/ros2_ws/install/vision_pkg/share/ament_index/resource_index
[1.471s] creating /home/ssafy/SSAFY-Smart_Factory/ros2_ws/install/vision_pkg/share/ament_index/resource_index/packages
[1.471s] symbolically linking /home/ssafy/SSAFY-Smart_Factory/ros2_ws/build/vision_pkg/resource/vision_pkg -> /home/ssafy/SSAFY-Smart_Factory/ros2_ws/install/vision_pkg/share/ament_index/resource_index/packages
[1.471s] symbolically linking /home/ssafy/SSAFY-Smart_Factory/ros2_ws/build/vision_pkg/package.xml -> /home/ssafy/SSAFY-Smart_Factory/ros2_ws/install/vision_pkg/share/vision_pkg
[1.510s] Invoked command in '/home/ssafy/SSAFY-Smart_Factory/ros2_ws/build/vision_pkg' returned '0': PYTHONPATH=/home/ssafy/SSAFY-Smart_Factory/ros2_ws/build/vision_pkg/prefix_override:/usr/lib/python3/dist-packages/colcon_core/task/python/colcon_distutils_commands:/home/ssafy/SSAFY-Smart_Factory/ros2_ws/install/vision_pkg/lib/python3.10/site-packages:${PYTHONPATH} /usr/bin/python3 -W ignore:setup.py install is deprecated -W ignore:easy_install command is deprecated setup.py develop --editable --build-directory /home/ssafy/SSAFY-Smart_Factory/ros2_ws/build/vision_pkg/build --no-deps symlink_data
