[1.385s] Invoking command in '/home/ssafy/Workspaces/pjt_ws/src/pjt': PYTHONPATH=/home/ssafy/Workspaces/pjt_ws/build/pjt/prefix_override:/usr/lib/python3/dist-packages/colcon_core/task/python/colcon_distutils_commands:/home/ssafy/Workspaces/pjt_ws/install/pjt/lib/python3.10/site-packages:${PYTHONPATH} /usr/bin/python3 -W ignore:setup.py install is deprecated -W ignore:easy_install command is deprecated setup.py egg_info --egg-base ../../build/pjt build --build-base /home/ssafy/Workspaces/pjt_ws/build/pjt/build install --record /home/ssafy/Workspaces/pjt_ws/build/pjt/install.log --single-version-externally-managed install_data
[1.578s] running egg_info
[1.579s] writing ../../build/pjt/pjt.egg-info/PKG-INFO
[1.579s] writing dependency_links to ../../build/pjt/pjt.egg-info/dependency_links.txt
[1.579s] writing entry points to ../../build/pjt/pjt.egg-info/entry_points.txt
[1.579s] writing requirements to ../../build/pjt/pjt.egg-info/requires.txt
[1.579s] writing top-level names to ../../build/pjt/pjt.egg-info/top_level.txt
[1.580s] reading manifest file '../../build/pjt/pjt.egg-info/SOURCES.txt'
[1.581s] writing manifest file '../../build/pjt/pjt.egg-info/SOURCES.txt'
[1.581s] running build
[1.581s] running build_py
[1.581s] running install
[1.581s] running install_lib
[1.582s] running install_data
[1.582s] running install_egg_info
[1.584s] removing '/home/ssafy/Workspaces/pjt_ws/install/pjt/lib/python3.10/site-packages/pjt-0.0.0-py3.10.egg-info' (and everything under it)
[1.584s] Copying ../../build/pjt/pjt.egg-info to /home/ssafy/Workspaces/pjt_ws/install/pjt/lib/python3.10/site-packages/pjt-0.0.0-py3.10.egg-info
[1.584s] running install_scripts
[1.599s] Installing pjt_run_node script to /home/ssafy/Workspaces/pjt_ws/install/pjt/lib/pjt
[1.599s] writing list of installed files to '/home/ssafy/Workspaces/pjt_ws/build/pjt/install.log'
[1.622s] Invoked command in '/home/ssafy/Workspaces/pjt_ws/src/pjt' returned '0': PYTHONPATH=/home/ssafy/Workspaces/pjt_ws/build/pjt/prefix_override:/usr/lib/python3/dist-packages/colcon_core/task/python/colcon_distutils_commands:/home/ssafy/Workspaces/pjt_ws/install/pjt/lib/python3.10/site-packages:${PYTHONPATH} /usr/bin/python3 -W ignore:setup.py install is deprecated -W ignore:easy_install command is deprecated setup.py egg_info --egg-base ../../build/pjt build --build-base /home/ssafy/Workspaces/pjt_ws/build/pjt/build install --record /home/ssafy/Workspaces/pjt_ws/build/pjt/install.log --single-version-externally-managed install_data
