/home/ssafy/Workspaces/pjt_ws/install/rpi_pkg/lib/python3.10/site-packages/rpi_pkg/servo.py
/home/ssafy/Workspaces/pjt_ws/install/rpi_pkg/lib/python3.10/site-packages/rpi_pkg/conveyor.py
/home/ssafy/Workspaces/pjt_ws/install/rpi_pkg/lib/python3.10/site-packages/rpi_pkg/step_motor.py
/home/ssafy/Workspaces/pjt_ws/install/rpi_pkg/lib/python3.10/site-packages/rpi_pkg/switch.py
/home/ssafy/Workspaces/pjt_ws/install/rpi_pkg/lib/python3.10/site-packages/rpi_pkg/__init__.py
/home/ssafy/Workspaces/pjt_ws/install/rpi_pkg/lib/python3.10/site-packages/rpi_pkg/rpi_client.py
/home/ssafy/Workspaces/pjt_ws/install/rpi_pkg/lib/python3.10/site-packages/rpi_pkg/__pycache__/servo.cpython-310.pyc
/home/ssafy/Workspaces/pjt_ws/install/rpi_pkg/lib/python3.10/site-packages/rpi_pkg/__pycache__/conveyor.cpython-310.pyc
/home/ssafy/Workspaces/pjt_ws/install/rpi_pkg/lib/python3.10/site-packages/rpi_pkg/__pycache__/step_motor.cpython-310.pyc
/home/ssafy/Workspaces/pjt_ws/install/rpi_pkg/lib/python3.10/site-packages/rpi_pkg/__pycache__/switch.cpython-310.pyc
/home/ssafy/Workspaces/pjt_ws/install/rpi_pkg/lib/python3.10/site-packages/rpi_pkg/__pycache__/__init__.cpython-310.pyc
/home/ssafy/Workspaces/pjt_ws/install/rpi_pkg/lib/python3.10/site-packages/rpi_pkg/__pycache__/rpi_client.cpython-310.pyc
/home/ssafy/Workspaces/pjt_ws/install/rpi_pkg/share/ament_index/resource_index/packages/rpi_pkg
/home/ssafy/Workspaces/pjt_ws/install/rpi_pkg/share/rpi_pkg/package.xml
/home/ssafy/Workspaces/pjt_ws/install/rpi_pkg/share/rpi_pkg/launch
/home/ssafy/Workspaces/pjt_ws/install/rpi_pkg/lib/python3.10/site-packages/rpi_pkg-0.0.0-py3.10.egg-info/dependency_links.txt
/home/ssafy/Workspaces/pjt_ws/install/rpi_pkg/lib/python3.10/site-packages/rpi_pkg-0.0.0-py3.10.egg-info/zip-safe
/home/ssafy/Workspaces/pjt_ws/install/rpi_pkg/lib/python3.10/site-packages/rpi_pkg-0.0.0-py3.10.egg-info/top_level.txt
/home/ssafy/Workspaces/pjt_ws/install/rpi_pkg/lib/python3.10/site-packages/rpi_pkg-0.0.0-py3.10.egg-info/PKG-INFO
/home/ssafy/Workspaces/pjt_ws/install/rpi_pkg/lib/python3.10/site-packages/rpi_pkg-0.0.0-py3.10.egg-info/SOURCES.txt
/home/ssafy/Workspaces/pjt_ws/install/rpi_pkg/lib/python3.10/site-packages/rpi_pkg-0.0.0-py3.10.egg-info/requires.txt
/home/ssafy/Workspaces/pjt_ws/install/rpi_pkg/lib/python3.10/site-packages/rpi_pkg-0.0.0-py3.10.egg-info/entry_points.txt
/home/ssafy/Workspaces/pjt_ws/install/rpi_pkg/lib/rpi_pkg/conveyor_node
